2016-03-08 15:29:14.395 MESSAGE --- [              Logger].[               Setup] Ready to accept and digest messages.
2016-03-08 15:29:14.476   DEBUG --- [...figurationBuilder].[...entProcessControl] Changing Process View
2016-03-08 15:29:14.476   DEBUG --- [...figurationBuilder].[...entProcessControl]     From: DEFAULT NAME
2016-03-08 15:29:14.476   DEBUG --- [...figurationBuilder].[...entProcessControl]     To:   Directory Select
2016-03-08 15:29:20.874 MESSAGE --- [...l_DirectorySelect].[...TTDirectory_Click] User selected directory: C:\Users\atschaff\ICARTT Data\TEXAS_2013\P3B_AIRCRAFT
2016-03-08 15:29:21.794   DEBUG --- [...figurationBuilder].[...entProcessControl] Changing Process View
2016-03-08 15:29:21.794   DEBUG --- [...figurationBuilder].[...entProcessControl]     From: Directory Select
2016-03-08 15:29:21.794   DEBUG --- [...figurationBuilder].[...entProcessControl]     To:   File Name Filters
2016-03-08 15:29:21.825 MESSAGE --- [  ICARTT_FileManager].[...CARTTFilesFromDir] Searched for ICARTT files
2016-03-08 15:29:21.825 MESSAGE --- [  ICARTT_FileManager].[...CARTTFilesFromDir]     Directory: C:\Users\atschaff\ICARTT Data\TEXAS_2013\P3B_AIRCRAFT
2016-03-08 15:29:21.825 MESSAGE --- [  ICARTT_FileManager].[...CARTTFilesFromDir]     Number of ICARTT Files Found: 188
2016-03-08 15:29:24.672   DEBUG --- [...figurationBuilder].[...entProcessControl] Changing Process View
2016-03-08 15:29:24.672   DEBUG --- [...figurationBuilder].[...entProcessControl]     From: File Name Filters
2016-03-08 15:29:24.672   DEBUG --- [...figurationBuilder].[...entProcessControl]     To:   File Select
2016-03-08 15:29:24.750 MESSAGE --- [  ICARTT_FileManager].[             LoadAll] Loading: C:\Users\atschaff\ICARTT Data\TEXAS_2013\P3B_AIRCRAFT\ANDERSON.BRUCE\DISCOVERAQ-LARGE-APS_P3B_20130904_R0.ict
2016-03-08 15:29:24.750 MESSAGE --- [  ICARTT_FileManager].[             LoadAll] Loading: C:\Users\atschaff\ICARTT Data\TEXAS_2013\P3B_AIRCRAFT\ANDERSON.BRUCE\DISCOVERAQ-LARGE-APS_P3B_20130906_R0.ict
2016-03-08 15:29:24.750 MESSAGE --- [  ICARTT_FileManager].[             LoadAll] Loading: C:\Users\atschaff\ICARTT Data\TEXAS_2013\P3B_AIRCRAFT\ANDERSON.BRUCE\DISCOVERAQ-LARGE-APS_P3B_20130911_R0.ict
2016-03-08 15:29:24.750 MESSAGE --- [  ICARTT_FileManager].[             LoadAll] Loading: C:\Users\atschaff\ICARTT Data\TEXAS_2013\P3B_AIRCRAFT\ANDERSON.BRUCE\DISCOVERAQ-LARGE-APS_P3B_20130912_R0.ict
2016-03-08 15:29:24.750 MESSAGE --- [  ICARTT_FileManager].[             LoadAll] Loading: C:\Users\atschaff\ICARTT Data\TEXAS_2013\P3B_AIRCRAFT\ANDERSON.BRUCE\DISCOVERAQ-LARGE-APS_P3B_20130913_R0.ict
2016-03-08 15:29:24.750 MESSAGE --- [  ICARTT_FileManager].[             LoadAll] Loading: C:\Users\atschaff\ICARTT Data\TEXAS_2013\P3B_AIRCRAFT\ANDERSON.BRUCE\DISCOVERAQ-LARGE-APS_P3B_20130914_R0.ict
2016-03-08 15:29:24.750 MESSAGE --- [  ICARTT_FileManager].[             LoadAll] Loading: C:\Users\atschaff\ICARTT Data\TEXAS_2013\P3B_AIRCRAFT\ANDERSON.BRUCE\DISCOVERAQ-LARGE-APS_P3B_20130924_R0.ict
2016-03-08 15:29:24.750 MESSAGE --- [  ICARTT_FileManager].[             LoadAll] Loading: C:\Users\atschaff\ICARTT Data\TEXAS_2013\P3B_AIRCRAFT\ANDERSON.BRUCE\DISCOVERAQ-LARGE-APS_P3B_20130925_R0.ict
2016-03-08 15:29:24.750 MESSAGE --- [  ICARTT_FileManager].[             LoadAll] Loading: C:\Users\atschaff\ICARTT Data\TEXAS_2013\P3B_AIRCRAFT\ANDERSON.BRUCE\DISCOVERAQ-LARGE-APS_P3B_20130926_R0.ict
2016-03-08 15:29:24.750 MESSAGE --- [  ICARTT_FileManager].[             LoadAll] Loading: C:\Users\atschaff\ICARTT Data\TEXAS_2013\P3B_AIRCRAFT\ANDERSON.BRUCE\DISCOVERAQ-LARGE-APS_P3B_20130929_R0.ict
2016-03-08 15:29:24.750 MESSAGE --- [  ICARTT_FileManager].[             LoadAll] Loading: C:\Users\atschaff\ICARTT Data\TEXAS_2013\P3B_AIRCRAFT\ANDERSON.BRUCE\DISCOVERAQ-LARGE-CCN_P3B_20130904_R1.ict
2016-03-08 15:29:24.766 MESSAGE --- [  ICARTT_FileManager].[             LoadAll] Loading: C:\Users\atschaff\ICARTT Data\TEXAS_2013\P3B_AIRCRAFT\ANDERSON.BRUCE\DISCOVERAQ-LARGE-CCN_P3B_20130906_R1.ict
2016-03-08 15:29:24.766 MESSAGE --- [  ICARTT_FileManager].[             LoadAll] Loading: C:\Users\atschaff\ICARTT Data\TEXAS_2013\P3B_AIRCRAFT\ANDERSON.BRUCE\DISCOVERAQ-LARGE-CCN_P3B_20130911_R1.ict
2016-03-08 15:29:24.766 MESSAGE --- [  ICARTT_FileManager].[             LoadAll] Loading: C:\Users\atschaff\ICARTT Data\TEXAS_2013\P3B_AIRCRAFT\ANDERSON.BRUCE\DISCOVERAQ-LARGE-CCN_P3B_20130912_R1.ict
2016-03-08 15:29:24.766 MESSAGE --- [  ICARTT_FileManager].[             LoadAll] Loading: C:\Users\atschaff\ICARTT Data\TEXAS_2013\P3B_AIRCRAFT\ANDERSON.BRUCE\DISCOVERAQ-LARGE-CCN_P3B_20130913_R1.ict
2016-03-08 15:29:24.766 MESSAGE --- [  ICARTT_FileManager].[             LoadAll] Loading: C:\Users\atschaff\ICARTT Data\TEXAS_2013\P3B_AIRCRAFT\ANDERSON.BRUCE\DISCOVERAQ-LARGE-CCN_P3B_20130914_R1.ict
2016-03-08 15:29:24.766 MESSAGE --- [  ICARTT_FileManager].[             LoadAll] Loading: C:\Users\atschaff\ICARTT Data\TEXAS_2013\P3B_AIRCRAFT\ANDERSON.BRUCE\DISCOVERAQ-LARGE-CCN_P3B_20130924_R1.ict
2016-03-08 15:29:24.766 MESSAGE --- [  ICARTT_FileManager].[             LoadAll] Loading: C:\Users\atschaff\ICARTT Data\TEXAS_2013\P3B_AIRCRAFT\ANDERSON.BRUCE\DISCOVERAQ-LARGE-CCN_P3B_20130925_R1.ict
2016-03-08 15:29:24.766 MESSAGE --- [  ICARTT_FileManager].[             LoadAll] Loading: C:\Users\atschaff\ICARTT Data\TEXAS_2013\P3B_AIRCRAFT\ANDERSON.BRUCE\DISCOVERAQ-LARGE-CCN_P3B_20130926_R1.ict
2016-03-08 15:29:24.766 MESSAGE --- [  ICARTT_FileManager].[             LoadAll] Loading: C:\Users\atschaff\ICARTT Data\TEXAS_2013\P3B_AIRCRAFT\ANDERSON.BRUCE\DISCOVERAQ-LARGE-CCN_P3B_20130929_R1.ict
2016-03-08 15:29:24.766 MESSAGE --- [  ICARTT_FileManager].[             LoadAll] Loading: C:\Users\atschaff\ICARTT Data\TEXAS_2013\P3B_AIRCRAFT\ANDERSON.BRUCE\DISCOVERAQ-LARGE-CNC_P3B_20130904_R0.ict
2016-03-08 15:29:24.766 MESSAGE --- [  ICARTT_FileManager].[             LoadAll] Loading: C:\Users\atschaff\ICARTT Data\TEXAS_2013\P3B_AIRCRAFT\ANDERSON.BRUCE\DISCOVERAQ-LARGE-CNC_P3B_20130906_R0.ict
2016-03-08 15:29:24.766 MESSAGE --- [  ICARTT_FileManager].[             LoadAll] Loading: C:\Users\atschaff\ICARTT Data\TEXAS_2013\P3B_AIRCRAFT\ANDERSON.BRUCE\DISCOVERAQ-LARGE-CNC_P3B_20130911_R0.ict
2016-03-08 15:29:24.766 MESSAGE --- [  ICARTT_FileManager].[             LoadAll] Loading: C:\Users\atschaff\ICARTT Data\TEXAS_2013\P3B_AIRCRAFT\ANDERSON.BRUCE\DISCOVERAQ-LARGE-CNC_P3B_20130912_R0.ict
2016-03-08 15:29:24.766 MESSAGE --- [  ICARTT_FileManager].[             LoadAll] Loading: C:\Users\atschaff\ICARTT Data\TEXAS_2013\P3B_AIRCRAFT\ANDERSON.BRUCE\DISCOVERAQ-LARGE-CNC_P3B_20130913_R0.ict
2016-03-08 15:29:24.766 MESSAGE --- [  ICARTT_FileManager].[             LoadAll] Loading: C:\Users\atschaff\ICARTT Data\TEXAS_2013\P3B_AIRCRAFT\ANDERSON.BRUCE\DISCOVERAQ-LARGE-CNC_P3B_20130914_R0.ict
2016-03-08 15:29:24.766 MESSAGE --- [  ICARTT_FileManager].[             LoadAll] Loading: C:\Users\atschaff\ICARTT Data\TEXAS_2013\P3B_AIRCRAFT\ANDERSON.BRUCE\DISCOVERAQ-LARGE-CNC_P3B_20130924_R0.ict
2016-03-08 15:29:24.766 MESSAGE --- [  ICARTT_FileManager].[             LoadAll] Loading: C:\Users\atschaff\ICARTT Data\TEXAS_2013\P3B_AIRCRAFT\ANDERSON.BRUCE\DISCOVERAQ-LARGE-CNC_P3B_20130925_R0.ict
2016-03-08 15:29:24.766 MESSAGE --- [  ICARTT_FileManager].[             LoadAll] Loading: C:\Users\atschaff\ICARTT Data\TEXAS_2013\P3B_AIRCRAFT\ANDERSON.BRUCE\DISCOVERAQ-LARGE-CNC_P3B_20130926_R0.ict
2016-03-08 15:29:24.766 MESSAGE --- [  ICARTT_FileManager].[             LoadAll] Loading: C:\Users\atschaff\ICARTT Data\TEXAS_2013\P3B_AIRCRAFT\ANDERSON.BRUCE\DISCOVERAQ-LARGE-CNC_P3B_20130929_R0.ict
2016-03-08 15:29:24.766 MESSAGE --- [  ICARTT_FileManager].[             LoadAll] Loading: C:\Users\atschaff\ICARTT Data\TEXAS_2013\P3B_AIRCRAFT\ANDERSON.BRUCE\DISCOVERAQ-LARGE-OPTICAL_P3B_20130904_R1.ict
2016-03-08 15:29:24.766 MESSAGE --- [  ICARTT_FileManager].[             LoadAll] Loading: C:\Users\atschaff\ICARTT Data\TEXAS_2013\P3B_AIRCRAFT\ANDERSON.BRUCE\DISCOVERAQ-LARGE-OPTICAL_P3B_20130906_R1.ict
2016-03-08 15:29:24.766 MESSAGE --- [  ICARTT_FileManager].[             LoadAll] Loading: C:\Users\atschaff\ICARTT Data\TEXAS_2013\P3B_AIRCRAFT\ANDERSON.BRUCE\DISCOVERAQ-LARGE-OPTICAL_P3B_20130911_R1.ict
2016-03-08 15:29:24.781 MESSAGE --- [  ICARTT_FileManager].[             LoadAll] Loading: C:\Users\atschaff\ICARTT Data\TEXAS_2013\P3B_AIRCRAFT\ANDERSON.BRUCE\DISCOVERAQ-LARGE-OPTICAL_P3B_20130912_R1.ict
2016-03-08 15:29:24.781 MESSAGE --- [  ICARTT_FileManager].[             LoadAll] Loading: C:\Users\atschaff\ICARTT Data\TEXAS_2013\P3B_AIRCRAFT\ANDERSON.BRUCE\DISCOVERAQ-LARGE-OPTICAL_P3B_20130913_R1.ict
2016-03-08 15:29:24.781 MESSAGE --- [  ICARTT_FileManager].[             LoadAll] Loading: C:\Users\atschaff\ICARTT Data\TEXAS_2013\P3B_AIRCRAFT\ANDERSON.BRUCE\DISCOVERAQ-LARGE-OPTICAL_P3B_20130914_R1.ict
2016-03-08 15:29:24.781 MESSAGE --- [  ICARTT_FileManager].[             LoadAll] Loading: C:\Users\atschaff\ICARTT Data\TEXAS_2013\P3B_AIRCRAFT\ANDERSON.BRUCE\DISCOVERAQ-LARGE-OPTICAL_P3B_20130924_R2.ict
2016-03-08 15:29:24.781 MESSAGE --- [  ICARTT_FileManager].[             LoadAll] Loading: C:\Users\atschaff\ICARTT Data\TEXAS_2013\P3B_AIRCRAFT\ANDERSON.BRUCE\DISCOVERAQ-LARGE-OPTICAL_P3B_20130925_R2.ict
2016-03-08 15:29:24.781 MESSAGE --- [  ICARTT_FileManager].[             LoadAll] Loading: C:\Users\atschaff\ICARTT Data\TEXAS_2013\P3B_AIRCRAFT\ANDERSON.BRUCE\DISCOVERAQ-LARGE-OPTICAL_P3B_20130926_R2.ict
2016-03-08 15:29:24.781 MESSAGE --- [  ICARTT_FileManager].[             LoadAll] Loading: C:\Users\atschaff\ICARTT Data\TEXAS_2013\P3B_AIRCRAFT\ANDERSON.BRUCE\DISCOVERAQ-LARGE-OPTICAL_P3B_20130929_R2.ict
2016-03-08 15:29:24.781 MESSAGE --- [  ICARTT_FileManager].[             LoadAll] Loading: C:\Users\atschaff\ICARTT Data\TEXAS_2013\P3B_AIRCRAFT\ANDERSON.BRUCE\DISCOVERAQ-LARGE-pilsIC_P3B_20130904_R0.ict
2016-03-08 15:29:24.781 MESSAGE --- [  ICARTT_FileManager].[             LoadAll] Loading: C:\Users\atschaff\ICARTT Data\TEXAS_2013\P3B_AIRCRAFT\ANDERSON.BRUCE\DISCOVERAQ-LARGE-pilsIC_P3B_20130906_R0.ict
2016-03-08 15:29:24.781 MESSAGE --- [  ICARTT_FileManager].[             LoadAll] Loading: C:\Users\atschaff\ICARTT Data\TEXAS_2013\P3B_AIRCRAFT\ANDERSON.BRUCE\DISCOVERAQ-LARGE-pilsIC_P3B_20130911_R0.ict
2016-03-08 15:29:24.781 MESSAGE --- [  ICARTT_FileManager].[             LoadAll] Loading: C:\Users\atschaff\ICARTT Data\TEXAS_2013\P3B_AIRCRAFT\ANDERSON.BRUCE\DISCOVERAQ-LARGE-pilsIC_P3B_20130912_R0.ict
2016-03-08 15:29:24.781 MESSAGE --- [  ICARTT_FileManager].[             LoadAll] Loading: C:\Users\atschaff\ICARTT Data\TEXAS_2013\P3B_AIRCRAFT\ANDERSON.BRUCE\DISCOVERAQ-LARGE-pilsIC_P3B_20130913_R0.ict
2016-03-08 15:29:24.781 MESSAGE --- [  ICARTT_FileManager].[             LoadAll] Loading: C:\Users\atschaff\ICARTT Data\TEXAS_2013\P3B_AIRCRAFT\ANDERSON.BRUCE\DISCOVERAQ-LARGE-pilsIC_P3B_20130914_R0.ict
2016-03-08 15:29:24.781 MESSAGE --- [  ICARTT_FileManager].[             LoadAll] Loading: C:\Users\atschaff\ICARTT Data\TEXAS_2013\P3B_AIRCRAFT\ANDERSON.BRUCE\DISCOVERAQ-LARGE-pilsIC_P3B_20130924_R0.ict
2016-03-08 15:29:24.781 MESSAGE --- [  ICARTT_FileManager].[             LoadAll] Loading: C:\Users\atschaff\ICARTT Data\TEXAS_2013\P3B_AIRCRAFT\ANDERSON.BRUCE\DISCOVERAQ-LARGE-pilsIC_P3B_20130925_R0.ict
2016-03-08 15:29:24.781 MESSAGE --- [  ICARTT_FileManager].[             LoadAll] Loading: C:\Users\atschaff\ICARTT Data\TEXAS_2013\P3B_AIRCRAFT\ANDERSON.BRUCE\DISCOVERAQ-LARGE-pilsIC_P3B_20130926_R0.ict
2016-03-08 15:29:24.781 MESSAGE --- [  ICARTT_FileManager].[             LoadAll] Loading: C:\Users\atschaff\ICARTT Data\TEXAS_2013\P3B_AIRCRAFT\ANDERSON.BRUCE\DISCOVERAQ-LARGE-pilsTOC_P3B_20130904_R0.ict
2016-03-08 15:29:24.781 MESSAGE --- [  ICARTT_FileManager].[             LoadAll] Loading: C:\Users\atschaff\ICARTT Data\TEXAS_2013\P3B_AIRCRAFT\ANDERSON.BRUCE\DISCOVERAQ-LARGE-pilsTOC_P3B_20130906_R0.ict
2016-03-08 15:29:24.781 MESSAGE --- [  ICARTT_FileManager].[             LoadAll] Loading: C:\Users\atschaff\ICARTT Data\TEXAS_2013\P3B_AIRCRAFT\ANDERSON.BRUCE\DISCOVERAQ-LARGE-pilsTOC_P3B_20130911_R0.ict
2016-03-08 15:29:24.781 MESSAGE --- [  ICARTT_FileManager].[             LoadAll] Loading: C:\Users\atschaff\ICARTT Data\TEXAS_2013\P3B_AIRCRAFT\ANDERSON.BRUCE\DISCOVERAQ-LARGE-pilsTOC_P3B_20130912_R0.ict
2016-03-08 15:29:24.781 MESSAGE --- [  ICARTT_FileManager].[             LoadAll] Loading: C:\Users\atschaff\ICARTT Data\TEXAS_2013\P3B_AIRCRAFT\ANDERSON.BRUCE\DISCOVERAQ-LARGE-pilsTOC_P3B_20130913_R0.ict
2016-03-08 15:29:24.781 MESSAGE --- [  ICARTT_FileManager].[             LoadAll] Loading: C:\Users\atschaff\ICARTT Data\TEXAS_2013\P3B_AIRCRAFT\ANDERSON.BRUCE\DISCOVERAQ-LARGE-pilsTOC_P3B_20130914_R0.ict
2016-03-08 15:29:24.781 MESSAGE --- [  ICARTT_FileManager].[             LoadAll] Loading: C:\Users\atschaff\ICARTT Data\TEXAS_2013\P3B_AIRCRAFT\ANDERSON.BRUCE\DISCOVERAQ-LARGE-pilsTOC_P3B_20130924_R0.ict
2016-03-08 15:29:24.781 MESSAGE --- [  ICARTT_FileManager].[             LoadAll] Loading: C:\Users\atschaff\ICARTT Data\TEXAS_2013\P3B_AIRCRAFT\ANDERSON.BRUCE\DISCOVERAQ-LARGE-pilsTOC_P3B_20130925_R0.ict
2016-03-08 15:29:24.781 MESSAGE --- [  ICARTT_FileManager].[             LoadAll] Loading: C:\Users\atschaff\ICARTT Data\TEXAS_2013\P3B_AIRCRAFT\ANDERSON.BRUCE\DISCOVERAQ-LARGE-pilsTOC_P3B_20130926_R0.ict
2016-03-08 15:29:24.781 MESSAGE --- [  ICARTT_FileManager].[             LoadAll] Loading: C:\Users\atschaff\ICARTT Data\TEXAS_2013\P3B_AIRCRAFT\ANDERSON.BRUCE\DISCOVERAQ-LARGE-SMPS_P3B_20130904_R0.ict
2016-03-08 15:29:24.781 MESSAGE --- [  ICARTT_FileManager].[             LoadAll] Loading: C:\Users\atschaff\ICARTT Data\TEXAS_2013\P3B_AIRCRAFT\ANDERSON.BRUCE\DISCOVERAQ-LARGE-SMPS_P3B_20130906_R0.ict
2016-03-08 15:29:24.781 MESSAGE --- [  ICARTT_FileManager].[             LoadAll] Loading: C:\Users\atschaff\ICARTT Data\TEXAS_2013\P3B_AIRCRAFT\ANDERSON.BRUCE\DISCOVERAQ-LARGE-SMPS_P3B_20130911_R0.ict
2016-03-08 15:29:24.781 MESSAGE --- [  ICARTT_FileManager].[             LoadAll] Loading: C:\Users\atschaff\ICARTT Data\TEXAS_2013\P3B_AIRCRAFT\ANDERSON.BRUCE\DISCOVERAQ-LARGE-SMPS_P3B_20130912_R0.ict
2016-03-08 15:29:24.781 MESSAGE --- [  ICARTT_FileManager].[             LoadAll] Loading: C:\Users\atschaff\ICARTT Data\TEXAS_2013\P3B_AIRCRAFT\ANDERSON.BRUCE\DISCOVERAQ-LARGE-SMPS_P3B_20130913_R0.ict
2016-03-08 15:29:24.781 MESSAGE --- [  ICARTT_FileManager].[             LoadAll] Loading: C:\Users\atschaff\ICARTT Data\TEXAS_2013\P3B_AIRCRAFT\ANDERSON.BRUCE\DISCOVERAQ-LARGE-SMPS_P3B_20130914_R0.ict
2016-03-08 15:29:24.781 MESSAGE --- [  ICARTT_FileManager].[             LoadAll] Loading: C:\Users\atschaff\ICARTT Data\TEXAS_2013\P3B_AIRCRAFT\ANDERSON.BRUCE\DISCOVERAQ-LARGE-SMPS_P3B_20130924_R0.ict
2016-03-08 15:29:24.797 MESSAGE --- [  ICARTT_FileManager].[             LoadAll] Loading: C:\Users\atschaff\ICARTT Data\TEXAS_2013\P3B_AIRCRAFT\ANDERSON.BRUCE\DISCOVERAQ-LARGE-SMPS_P3B_20130925_R0.ict
2016-03-08 15:29:24.797 MESSAGE --- [  ICARTT_FileManager].[             LoadAll] Loading: C:\Users\atschaff\ICARTT Data\TEXAS_2013\P3B_AIRCRAFT\ANDERSON.BRUCE\DISCOVERAQ-LARGE-SMPS_P3B_20130926_R0.ict
2016-03-08 15:29:24.797 MESSAGE --- [  ICARTT_FileManager].[             LoadAll] Loading: C:\Users\atschaff\ICARTT Data\TEXAS_2013\P3B_AIRCRAFT\ANDERSON.BRUCE\DISCOVERAQ-LARGE-SMPS_P3B_20130929_R0.ict
2016-03-08 15:29:24.797 MESSAGE --- [  ICARTT_FileManager].[             LoadAll] Loading: C:\Users\atschaff\ICARTT Data\TEXAS_2013\P3B_AIRCRAFT\ANDERSON.BRUCE\DISCOVERAQ-LARGE-SP2_P3B_20130904_R0.ict
2016-03-08 15:29:24.797 MESSAGE --- [  ICARTT_FileManager].[             LoadAll] Loading: C:\Users\atschaff\ICARTT Data\TEXAS_2013\P3B_AIRCRAFT\ANDERSON.BRUCE\DISCOVERAQ-LARGE-SP2_P3B_20130906_R0.ict
2016-03-08 15:29:24.797 MESSAGE --- [  ICARTT_FileManager].[             LoadAll] Loading: C:\Users\atschaff\ICARTT Data\TEXAS_2013\P3B_AIRCRAFT\ANDERSON.BRUCE\DISCOVERAQ-LARGE-SP2_P3B_20130911_R0.ict
2016-03-08 15:29:24.797 MESSAGE --- [  ICARTT_FileManager].[             LoadAll] Loading: C:\Users\atschaff\ICARTT Data\TEXAS_2013\P3B_AIRCRAFT\ANDERSON.BRUCE\DISCOVERAQ-LARGE-SP2_P3B_20130912_R0.ict
2016-03-08 15:29:24.797 MESSAGE --- [  ICARTT_FileManager].[             LoadAll] Loading: C:\Users\atschaff\ICARTT Data\TEXAS_2013\P3B_AIRCRAFT\ANDERSON.BRUCE\DISCOVERAQ-LARGE-SP2_P3B_20130913_R0.ict
2016-03-08 15:29:24.797 MESSAGE --- [  ICARTT_FileManager].[             LoadAll] Loading: C:\Users\atschaff\ICARTT Data\TEXAS_2013\P3B_AIRCRAFT\ANDERSON.BRUCE\DISCOVERAQ-LARGE-SP2_P3B_20130914_R0.ict
2016-03-08 15:29:24.797 MESSAGE --- [  ICARTT_FileManager].[             LoadAll] Loading: C:\Users\atschaff\ICARTT Data\TEXAS_2013\P3B_AIRCRAFT\ANDERSON.BRUCE\DISCOVERAQ-LARGE-SP2_P3B_20130925_R0.ict
2016-03-08 15:29:24.797 MESSAGE --- [  ICARTT_FileManager].[             LoadAll] Loading: C:\Users\atschaff\ICARTT Data\TEXAS_2013\P3B_AIRCRAFT\ANDERSON.BRUCE\DISCOVERAQ-LARGE-SP2_P3B_20130926_R0.ict
2016-03-08 15:29:24.797 MESSAGE --- [  ICARTT_FileManager].[             LoadAll] Loading: C:\Users\atschaff\ICARTT Data\TEXAS_2013\P3B_AIRCRAFT\ANDERSON.BRUCE\DISCOVERAQ-LARGE-SP2_P3B_20130929_R0.ict
2016-03-08 15:29:24.797 MESSAGE --- [  ICARTT_FileManager].[             LoadAll] Loading: C:\Users\atschaff\ICARTT Data\TEXAS_2013\P3B_AIRCRAFT\ANDERSON.BRUCE\DISCOVERAQ-LARGE-UHSAS_P3B_20130904_R0.ict
2016-03-08 15:29:24.797 MESSAGE --- [  ICARTT_FileManager].[             LoadAll] Loading: C:\Users\atschaff\ICARTT Data\TEXAS_2013\P3B_AIRCRAFT\ANDERSON.BRUCE\DISCOVERAQ-LARGE-UHSAS_P3B_20130906_R0.ict
2016-03-08 15:29:24.797 MESSAGE --- [  ICARTT_FileManager].[             LoadAll] Loading: C:\Users\atschaff\ICARTT Data\TEXAS_2013\P3B_AIRCRAFT\ANDERSON.BRUCE\DISCOVERAQ-LARGE-UHSAS_P3B_20130911_R0.ict
2016-03-08 15:29:24.797 MESSAGE --- [  ICARTT_FileManager].[             LoadAll] Loading: C:\Users\atschaff\ICARTT Data\TEXAS_2013\P3B_AIRCRAFT\ANDERSON.BRUCE\DISCOVERAQ-LARGE-UHSAS_P3B_20130912_R0.ict
2016-03-08 15:29:24.797 MESSAGE --- [  ICARTT_FileManager].[             LoadAll] Loading: C:\Users\atschaff\ICARTT Data\TEXAS_2013\P3B_AIRCRAFT\ANDERSON.BRUCE\DISCOVERAQ-LARGE-UHSAS_P3B_20130913_R0.ict
2016-03-08 15:29:24.797 MESSAGE --- [  ICARTT_FileManager].[             LoadAll] Loading: C:\Users\atschaff\ICARTT Data\TEXAS_2013\P3B_AIRCRAFT\ANDERSON.BRUCE\DISCOVERAQ-LARGE-UHSAS_P3B_20130914_R0.ict
2016-03-08 15:29:24.797 MESSAGE --- [  ICARTT_FileManager].[             LoadAll] Loading: C:\Users\atschaff\ICARTT Data\TEXAS_2013\P3B_AIRCRAFT\ANDERSON.BRUCE\DISCOVERAQ-LARGE-UHSAS_P3B_20130924_R0.ict
2016-03-08 15:29:24.797 MESSAGE --- [  ICARTT_FileManager].[             LoadAll] Loading: C:\Users\atschaff\ICARTT Data\TEXAS_2013\P3B_AIRCRAFT\ANDERSON.BRUCE\DISCOVERAQ-LARGE-UHSAS_P3B_20130925_R0.ict
2016-03-08 15:29:24.797 MESSAGE --- [  ICARTT_FileManager].[             LoadAll] Loading: C:\Users\atschaff\ICARTT Data\TEXAS_2013\P3B_AIRCRAFT\ANDERSON.BRUCE\DISCOVERAQ-LARGE-UHSAS_P3B_20130926_R0.ict
2016-03-08 15:29:24.797 MESSAGE --- [  ICARTT_FileManager].[             LoadAll] Loading: C:\Users\atschaff\ICARTT Data\TEXAS_2013\P3B_AIRCRAFT\ANDERSON.BRUCE\DISCOVERAQ-LARGE-UHSAS_P3B_20130929_R0.ict
2016-03-08 15:29:24.797 MESSAGE --- [  ICARTT_FileManager].[             LoadAll] Loading: C:\Users\atschaff\ICARTT Data\TEXAS_2013\P3B_AIRCRAFT\BARRICK.JOHN\discoveraq-pds_p3b_20130902_r1.ict
2016-03-08 15:29:24.797 MESSAGE --- [  ICARTT_FileManager].[             LoadAll] Loading: C:\Users\atschaff\ICARTT Data\TEXAS_2013\P3B_AIRCRAFT\BARRICK.JOHN\discoveraq-pds_p3b_20130904_r1.ict
2016-03-08 15:29:24.797 MESSAGE --- [  ICARTT_FileManager].[             LoadAll] Loading: C:\Users\atschaff\ICARTT Data\TEXAS_2013\P3B_AIRCRAFT\BARRICK.JOHN\discoveraq-pds_p3b_20130906_r1.ict
2016-03-08 15:29:24.797 MESSAGE --- [  ICARTT_FileManager].[             LoadAll] Loading: C:\Users\atschaff\ICARTT Data\TEXAS_2013\P3B_AIRCRAFT\BARRICK.JOHN\discoveraq-pds_p3b_20130911_r1.ict
2016-03-08 15:29:24.797 MESSAGE --- [  ICARTT_FileManager].[             LoadAll] Loading: C:\Users\atschaff\ICARTT Data\TEXAS_2013\P3B_AIRCRAFT\BARRICK.JOHN\discoveraq-pds_p3b_20130912_r1.ict
2016-03-08 15:29:24.797 MESSAGE --- [  ICARTT_FileManager].[             LoadAll] Loading: C:\Users\atschaff\ICARTT Data\TEXAS_2013\P3B_AIRCRAFT\BARRICK.JOHN\discoveraq-pds_p3b_20130913_r1.ict
2016-03-08 15:29:24.797 MESSAGE --- [  ICARTT_FileManager].[             LoadAll] Loading: C:\Users\atschaff\ICARTT Data\TEXAS_2013\P3B_AIRCRAFT\BARRICK.JOHN\discoveraq-pds_p3b_20130914_r1.ict
2016-03-08 15:29:24.797 MESSAGE --- [  ICARTT_FileManager].[             LoadAll] Loading: C:\Users\atschaff\ICARTT Data\TEXAS_2013\P3B_AIRCRAFT\BARRICK.JOHN\discoveraq-pds_p3b_20130918_r1.ict
2016-03-08 15:29:24.797 MESSAGE --- [  ICARTT_FileManager].[             LoadAll] Loading: C:\Users\atschaff\ICARTT Data\TEXAS_2013\P3B_AIRCRAFT\BARRICK.JOHN\discoveraq-pds_p3b_20130924_r1.ict
2016-03-08 15:29:24.797 MESSAGE --- [  ICARTT_FileManager].[             LoadAll] Loading: C:\Users\atschaff\ICARTT Data\TEXAS_2013\P3B_AIRCRAFT\BARRICK.JOHN\discoveraq-pds_p3b_20130925_r1.ict
2016-03-08 15:29:24.797 MESSAGE --- [  ICARTT_FileManager].[             LoadAll] Loading: C:\Users\atschaff\ICARTT Data\TEXAS_2013\P3B_AIRCRAFT\BARRICK.JOHN\discoveraq-pds_p3b_20130926_r1.ict
2016-03-08 15:29:24.812 MESSAGE --- [  ICARTT_FileManager].[             LoadAll] Loading: C:\Users\atschaff\ICARTT Data\TEXAS_2013\P3B_AIRCRAFT\BARRICK.JOHN\discoveraq-pds_p3b_20130929_r1.ict
2016-03-08 15:29:24.812 MESSAGE --- [  ICARTT_FileManager].[             LoadAll] Loading: C:\Users\atschaff\ICARTT Data\TEXAS_2013\P3B_AIRCRAFT\COHEN.RONALD\DISCOVERAQ-TDLIF-NO2_P3B_20130904_R0.ict
2016-03-08 15:29:24.812 MESSAGE --- [  ICARTT_FileManager].[             LoadAll] Loading: C:\Users\atschaff\ICARTT Data\TEXAS_2013\P3B_AIRCRAFT\COHEN.RONALD\DISCOVERAQ-TDLIF-NO2_P3B_20130906_R0.ict
2016-03-08 15:29:24.812 MESSAGE --- [  ICARTT_FileManager].[             LoadAll] Loading: C:\Users\atschaff\ICARTT Data\TEXAS_2013\P3B_AIRCRAFT\COHEN.RONALD\DISCOVERAQ-TDLIF-NO2_P3B_20130911_R0.ict
2016-03-08 15:29:24.812 MESSAGE --- [  ICARTT_FileManager].[             LoadAll] Loading: C:\Users\atschaff\ICARTT Data\TEXAS_2013\P3B_AIRCRAFT\COHEN.RONALD\DISCOVERAQ-TDLIF-NO2_P3B_20130912_R0.ict
2016-03-08 15:29:24.812 MESSAGE --- [  ICARTT_FileManager].[             LoadAll] Loading: C:\Users\atschaff\ICARTT Data\TEXAS_2013\P3B_AIRCRAFT\COHEN.RONALD\DISCOVERAQ-TDLIF-NO2_P3B_20130913_R0.ict
2016-03-08 15:29:24.812 MESSAGE --- [  ICARTT_FileManager].[             LoadAll] Loading: C:\Users\atschaff\ICARTT Data\TEXAS_2013\P3B_AIRCRAFT\COHEN.RONALD\DISCOVERAQ-TDLIF-NO2_P3B_20130914_R0.ict
2016-03-08 15:29:24.812 MESSAGE --- [  ICARTT_FileManager].[             LoadAll] Loading: C:\Users\atschaff\ICARTT Data\TEXAS_2013\P3B_AIRCRAFT\COHEN.RONALD\DISCOVERAQ-TDLIF-NO2_P3B_20130924_R0.ict
2016-03-08 15:29:24.812 MESSAGE --- [  ICARTT_FileManager].[             LoadAll] Loading: C:\Users\atschaff\ICARTT Data\TEXAS_2013\P3B_AIRCRAFT\COHEN.RONALD\DISCOVERAQ-TDLIF-NO2_P3B_20130925_R0.ict
2016-03-08 15:29:24.812 MESSAGE --- [  ICARTT_FileManager].[             LoadAll] Loading: C:\Users\atschaff\ICARTT Data\TEXAS_2013\P3B_AIRCRAFT\COHEN.RONALD\DISCOVERAQ-TDLIF-NO2_P3B_20130926_R0.ict
2016-03-08 15:29:24.812 MESSAGE --- [  ICARTT_FileManager].[             LoadAll] Loading: C:\Users\atschaff\ICARTT Data\TEXAS_2013\P3B_AIRCRAFT\COHEN.RONALD\DISCOVERAQ-TDLIF-NO2_P3B_20130929_R0.ict
2016-03-08 15:29:24.812 MESSAGE --- [  ICARTT_FileManager].[             LoadAll] Loading: C:\Users\atschaff\ICARTT Data\TEXAS_2013\P3B_AIRCRAFT\DISKIN.GLENN\DISCOVERAQ-DACOM_P3B_20130904_R1.ict
2016-03-08 15:29:24.812 MESSAGE --- [  ICARTT_FileManager].[             LoadAll] Loading: C:\Users\atschaff\ICARTT Data\TEXAS_2013\P3B_AIRCRAFT\DISKIN.GLENN\DISCOVERAQ-DACOM_P3B_20130906_R1.ict
2016-03-08 15:29:24.812 MESSAGE --- [  ICARTT_FileManager].[             LoadAll] Loading: C:\Users\atschaff\ICARTT Data\TEXAS_2013\P3B_AIRCRAFT\DISKIN.GLENN\DISCOVERAQ-DACOM_P3B_20130911_R1.ict
2016-03-08 15:29:24.812 MESSAGE --- [  ICARTT_FileManager].[             LoadAll] Loading: C:\Users\atschaff\ICARTT Data\TEXAS_2013\P3B_AIRCRAFT\DISKIN.GLENN\DISCOVERAQ-DACOM_P3B_20130912_R1.ict
2016-03-08 15:29:24.812 MESSAGE --- [  ICARTT_FileManager].[             LoadAll] Loading: C:\Users\atschaff\ICARTT Data\TEXAS_2013\P3B_AIRCRAFT\DISKIN.GLENN\DISCOVERAQ-DACOM_P3B_20130913_R1.ict
2016-03-08 15:29:24.812 MESSAGE --- [  ICARTT_FileManager].[             LoadAll] Loading: C:\Users\atschaff\ICARTT Data\TEXAS_2013\P3B_AIRCRAFT\DISKIN.GLENN\DISCOVERAQ-DACOM_P3B_20130914_R1.ict
2016-03-08 15:29:24.812 MESSAGE --- [  ICARTT_FileManager].[             LoadAll] Loading: C:\Users\atschaff\ICARTT Data\TEXAS_2013\P3B_AIRCRAFT\DISKIN.GLENN\DISCOVERAQ-DACOM_P3B_20130924_R1.ict
2016-03-08 15:29:24.812 MESSAGE --- [  ICARTT_FileManager].[             LoadAll] Loading: C:\Users\atschaff\ICARTT Data\TEXAS_2013\P3B_AIRCRAFT\DISKIN.GLENN\DISCOVERAQ-DACOM_P3B_20130925_R1.ict
2016-03-08 15:29:24.812 MESSAGE --- [  ICARTT_FileManager].[             LoadAll] Loading: C:\Users\atschaff\ICARTT Data\TEXAS_2013\P3B_AIRCRAFT\DISKIN.GLENN\DISCOVERAQ-DACOM_P3B_20130926_R1.ict
2016-03-08 15:29:24.812 MESSAGE --- [  ICARTT_FileManager].[             LoadAll] Loading: C:\Users\atschaff\ICARTT Data\TEXAS_2013\P3B_AIRCRAFT\DISKIN.GLENN\DISCOVERAQ-DLH_P3B_20130904_R0.ict
2016-03-08 15:29:24.812 MESSAGE --- [  ICARTT_FileManager].[             LoadAll] Loading: C:\Users\atschaff\ICARTT Data\TEXAS_2013\P3B_AIRCRAFT\DISKIN.GLENN\DISCOVERAQ-DLH_P3B_20130906_R0.ict
2016-03-08 15:29:24.812 MESSAGE --- [  ICARTT_FileManager].[             LoadAll] Loading: C:\Users\atschaff\ICARTT Data\TEXAS_2013\P3B_AIRCRAFT\DISKIN.GLENN\DISCOVERAQ-DLH_P3B_20130911_R0.ict
2016-03-08 15:29:24.812 MESSAGE --- [  ICARTT_FileManager].[             LoadAll] Loading: C:\Users\atschaff\ICARTT Data\TEXAS_2013\P3B_AIRCRAFT\DISKIN.GLENN\DISCOVERAQ-DLH_P3B_20130912_R0.ict
2016-03-08 15:29:24.812 MESSAGE --- [  ICARTT_FileManager].[             LoadAll] Loading: C:\Users\atschaff\ICARTT Data\TEXAS_2013\P3B_AIRCRAFT\DISKIN.GLENN\DISCOVERAQ-DLH_P3B_20130913_R0.ict
2016-03-08 15:29:24.812 MESSAGE --- [  ICARTT_FileManager].[             LoadAll] Loading: C:\Users\atschaff\ICARTT Data\TEXAS_2013\P3B_AIRCRAFT\DISKIN.GLENN\DISCOVERAQ-DLH_P3B_20130914_R0.ict
2016-03-08 15:29:24.812 MESSAGE --- [  ICARTT_FileManager].[             LoadAll] Loading: C:\Users\atschaff\ICARTT Data\TEXAS_2013\P3B_AIRCRAFT\DISKIN.GLENN\DISCOVERAQ-DLH_P3B_20130924_R0.ict
2016-03-08 15:29:24.812 MESSAGE --- [  ICARTT_FileManager].[             LoadAll] Loading: C:\Users\atschaff\ICARTT Data\TEXAS_2013\P3B_AIRCRAFT\DISKIN.GLENN\DISCOVERAQ-DLH_P3B_20130925_R0.ict
2016-03-08 15:29:24.812 MESSAGE --- [  ICARTT_FileManager].[             LoadAll] Loading: C:\Users\atschaff\ICARTT Data\TEXAS_2013\P3B_AIRCRAFT\DISKIN.GLENN\DISCOVERAQ-DLH_P3B_20130926_R0.ict
2016-03-08 15:29:24.812 MESSAGE --- [  ICARTT_FileManager].[             LoadAll] Loading: C:\Users\atschaff\ICARTT Data\TEXAS_2013\P3B_AIRCRAFT\FRIED.ALAN\DiscoverAQ-CH2O_P3B_20130904_R0.ict
2016-03-08 15:29:24.812 MESSAGE --- [  ICARTT_FileManager].[             LoadAll] Loading: C:\Users\atschaff\ICARTT Data\TEXAS_2013\P3B_AIRCRAFT\FRIED.ALAN\DiscoverAQ-CH2O_P3B_20130906_R0.ict
2016-03-08 15:29:24.812 MESSAGE --- [  ICARTT_FileManager].[             LoadAll] Loading: C:\Users\atschaff\ICARTT Data\TEXAS_2013\P3B_AIRCRAFT\FRIED.ALAN\DiscoverAQ-CH2O_P3B_20130911_R0.ict
2016-03-08 15:29:24.812 MESSAGE --- [  ICARTT_FileManager].[             LoadAll] Loading: C:\Users\atschaff\ICARTT Data\TEXAS_2013\P3B_AIRCRAFT\FRIED.ALAN\DiscoverAQ-CH2O_P3B_20130912_R0.ict
2016-03-08 15:29:24.812 MESSAGE --- [  ICARTT_FileManager].[             LoadAll] Loading: C:\Users\atschaff\ICARTT Data\TEXAS_2013\P3B_AIRCRAFT\FRIED.ALAN\DiscoverAQ-CH2O_P3B_20130913_R0.ict
2016-03-08 15:29:24.812 MESSAGE --- [  ICARTT_FileManager].[             LoadAll] Loading: C:\Users\atschaff\ICARTT Data\TEXAS_2013\P3B_AIRCRAFT\FRIED.ALAN\DiscoverAQ-CH2O_P3B_20130914_R0.ict
2016-03-08 15:29:24.812 MESSAGE --- [  ICARTT_FileManager].[             LoadAll] Loading: C:\Users\atschaff\ICARTT Data\TEXAS_2013\P3B_AIRCRAFT\FRIED.ALAN\DiscoverAQ-CH2O_P3B_20130924_R0.ict
2016-03-08 15:29:24.828 MESSAGE --- [  ICARTT_FileManager].[             LoadAll] Loading: C:\Users\atschaff\ICARTT Data\TEXAS_2013\P3B_AIRCRAFT\FRIED.ALAN\DiscoverAQ-CH2O_P3B_20130925_R0.ict
2016-03-08 15:29:24.828 MESSAGE --- [  ICARTT_FileManager].[             LoadAll] Loading: C:\Users\atschaff\ICARTT Data\TEXAS_2013\P3B_AIRCRAFT\FRIED.ALAN\DiscoverAQ-CH2O_P3B_20130926_R0.ict
2016-03-08 15:29:24.828 MESSAGE --- [  ICARTT_FileManager].[             LoadAll] Loading: C:\Users\atschaff\ICARTT Data\TEXAS_2013\P3B_AIRCRAFT\FRIED.ALAN\DiscoverAQ-CH2O_P3B_20130929_R0.ict
2016-03-08 15:29:24.828 MESSAGE --- [  ICARTT_FileManager].[             LoadAll] Loading: C:\Users\atschaff\ICARTT Data\TEXAS_2013\P3B_AIRCRAFT\HOLLOWAY.JOHN\DiscoverAQ-SO2_P3B_20130904_R1.ict
2016-03-08 15:29:24.828 MESSAGE --- [  ICARTT_FileManager].[             LoadAll] Loading: C:\Users\atschaff\ICARTT Data\TEXAS_2013\P3B_AIRCRAFT\HOLLOWAY.JOHN\DiscoverAQ-SO2_P3B_20130906_R1.ict
2016-03-08 15:29:24.828 MESSAGE --- [  ICARTT_FileManager].[             LoadAll] Loading: C:\Users\atschaff\ICARTT Data\TEXAS_2013\P3B_AIRCRAFT\HOLLOWAY.JOHN\DiscoverAQ-SO2_P3B_20130911_R1.ict
2016-03-08 15:29:24.828 MESSAGE --- [  ICARTT_FileManager].[             LoadAll] Loading: C:\Users\atschaff\ICARTT Data\TEXAS_2013\P3B_AIRCRAFT\HOLLOWAY.JOHN\DiscoverAQ-SO2_P3B_20130912_R1.ict
2016-03-08 15:29:24.828 MESSAGE --- [  ICARTT_FileManager].[             LoadAll] Loading: C:\Users\atschaff\ICARTT Data\TEXAS_2013\P3B_AIRCRAFT\HOLLOWAY.JOHN\DiscoverAQ-SO2_P3B_20130913_R1.ict
2016-03-08 15:29:24.828 MESSAGE --- [  ICARTT_FileManager].[             LoadAll] Loading: C:\Users\atschaff\ICARTT Data\TEXAS_2013\P3B_AIRCRAFT\HOLLOWAY.JOHN\DiscoverAQ-SO2_P3B_20130914_R1.ict
2016-03-08 15:29:24.828 MESSAGE --- [  ICARTT_FileManager].[             LoadAll] Loading: C:\Users\atschaff\ICARTT Data\TEXAS_2013\P3B_AIRCRAFT\HOLLOWAY.JOHN\DiscoverAQ-SO2_P3B_20130924_R1.ict
2016-03-08 15:29:24.828 MESSAGE --- [  ICARTT_FileManager].[             LoadAll] Loading: C:\Users\atschaff\ICARTT Data\TEXAS_2013\P3B_AIRCRAFT\HOLLOWAY.JOHN\DiscoverAQ-SO2_P3B_20130925_R1.ict
2016-03-08 15:29:24.828 MESSAGE --- [  ICARTT_FileManager].[             LoadAll] Loading: C:\Users\atschaff\ICARTT Data\TEXAS_2013\P3B_AIRCRAFT\HOLLOWAY.JOHN\DiscoverAQ-SO2_P3B_20130926_R1.ict
2016-03-08 15:29:24.828 MESSAGE --- [  ICARTT_FileManager].[             LoadAll] Loading: C:\Users\atschaff\ICARTT Data\TEXAS_2013\P3B_AIRCRAFT\VANGILST.DAVID\discoveraq-reveal_p3b_20130828_r0.ict
2016-03-08 15:29:24.828 MESSAGE --- [  ICARTT_FileManager].[             LoadAll] Loading: C:\Users\atschaff\ICARTT Data\TEXAS_2013\P3B_AIRCRAFT\VANGILST.DAVID\discoveraq-reveal_p3b_20130902_r0.ict
2016-03-08 15:29:24.828 MESSAGE --- [  ICARTT_FileManager].[             LoadAll] Loading: C:\Users\atschaff\ICARTT Data\TEXAS_2013\P3B_AIRCRAFT\VANGILST.DAVID\discoveraq-reveal_p3b_20130904_r1.ict
2016-03-08 15:29:24.828 MESSAGE --- [  ICARTT_FileManager].[             LoadAll] Loading: C:\Users\atschaff\ICARTT Data\TEXAS_2013\P3B_AIRCRAFT\VANGILST.DAVID\discoveraq-reveal_p3b_20130906_r1.ict
2016-03-08 15:29:24.828 MESSAGE --- [  ICARTT_FileManager].[             LoadAll] Loading: C:\Users\atschaff\ICARTT Data\TEXAS_2013\P3B_AIRCRAFT\VANGILST.DAVID\discoveraq-reveal_p3b_20130911_r1.ict
2016-03-08 15:29:24.828 MESSAGE --- [  ICARTT_FileManager].[             LoadAll] Loading: C:\Users\atschaff\ICARTT Data\TEXAS_2013\P3B_AIRCRAFT\VANGILST.DAVID\discoveraq-reveal_p3b_20130912_r1.ict
2016-03-08 15:29:24.828 MESSAGE --- [  ICARTT_FileManager].[             LoadAll] Loading: C:\Users\atschaff\ICARTT Data\TEXAS_2013\P3B_AIRCRAFT\VANGILST.DAVID\discoveraq-reveal_p3b_20130913_r1.ict
2016-03-08 15:29:24.828 MESSAGE --- [  ICARTT_FileManager].[             LoadAll] Loading: C:\Users\atschaff\ICARTT Data\TEXAS_2013\P3B_AIRCRAFT\VANGILST.DAVID\discoveraq-reveal_p3b_20130914_r1.ict
2016-03-08 15:29:24.828 MESSAGE --- [  ICARTT_FileManager].[             LoadAll] Loading: C:\Users\atschaff\ICARTT Data\TEXAS_2013\P3B_AIRCRAFT\VANGILST.DAVID\discoveraq-reveal_p3b_20130924_r1.ict
2016-03-08 15:29:24.828 MESSAGE --- [  ICARTT_FileManager].[             LoadAll] Loading: C:\Users\atschaff\ICARTT Data\TEXAS_2013\P3B_AIRCRAFT\VANGILST.DAVID\discoveraq-reveal_p3b_20130925_r1.ict
2016-03-08 15:29:24.828 MESSAGE --- [  ICARTT_FileManager].[             LoadAll] Loading: C:\Users\atschaff\ICARTT Data\TEXAS_2013\P3B_AIRCRAFT\VANGILST.DAVID\discoveraq-reveal_p3b_20130926_r1.ict
2016-03-08 15:29:24.828 MESSAGE --- [  ICARTT_FileManager].[             LoadAll] Loading: C:\Users\atschaff\ICARTT Data\TEXAS_2013\P3B_AIRCRAFT\VANGILST.DAVID\discoveraq-reveal_p3b_20130929_r0.ict
2016-03-08 15:29:24.828 MESSAGE --- [  ICARTT_FileManager].[             LoadAll] Loading: C:\Users\atschaff\ICARTT Data\TEXAS_2013\P3B_AIRCRAFT\WEINHEIMER.ANDREW\DISCOVERAQ-NOXYO3_P3B_20130904_R0.ict
2016-03-08 15:29:24.828 MESSAGE --- [  ICARTT_FileManager].[             LoadAll] Loading: C:\Users\atschaff\ICARTT Data\TEXAS_2013\P3B_AIRCRAFT\WEINHEIMER.ANDREW\DISCOVERAQ-NOXYO3_P3B_20130906_R0.ict
2016-03-08 15:29:24.828 MESSAGE --- [  ICARTT_FileManager].[             LoadAll] Loading: C:\Users\atschaff\ICARTT Data\TEXAS_2013\P3B_AIRCRAFT\WEINHEIMER.ANDREW\DISCOVERAQ-NOXYO3_P3B_20130911_R0.ict
2016-03-08 15:29:24.828 MESSAGE --- [  ICARTT_FileManager].[             LoadAll] Loading: C:\Users\atschaff\ICARTT Data\TEXAS_2013\P3B_AIRCRAFT\WEINHEIMER.ANDREW\DISCOVERAQ-NOXYO3_P3B_20130912_R0.ict
2016-03-08 15:29:24.828 MESSAGE --- [  ICARTT_FileManager].[             LoadAll] Loading: C:\Users\atschaff\ICARTT Data\TEXAS_2013\P3B_AIRCRAFT\WEINHEIMER.ANDREW\DISCOVERAQ-NOXYO3_P3B_20130913_R0.ict
2016-03-08 15:29:24.828 MESSAGE --- [  ICARTT_FileManager].[             LoadAll] Loading: C:\Users\atschaff\ICARTT Data\TEXAS_2013\P3B_AIRCRAFT\WEINHEIMER.ANDREW\DISCOVERAQ-NOXYO3_P3B_20130914_R0.ict
2016-03-08 15:29:24.828 MESSAGE --- [  ICARTT_FileManager].[             LoadAll] Loading: C:\Users\atschaff\ICARTT Data\TEXAS_2013\P3B_AIRCRAFT\WEINHEIMER.ANDREW\DISCOVERAQ-NOXYO3_P3B_20130924_R0.ict
2016-03-08 15:29:24.828 MESSAGE --- [  ICARTT_FileManager].[             LoadAll] Loading: C:\Users\atschaff\ICARTT Data\TEXAS_2013\P3B_AIRCRAFT\WEINHEIMER.ANDREW\DISCOVERAQ-NOXYO3_P3B_20130925_R0.ict
2016-03-08 15:29:24.828 MESSAGE --- [  ICARTT_FileManager].[             LoadAll] Loading: C:\Users\atschaff\ICARTT Data\TEXAS_2013\P3B_AIRCRAFT\WEINHEIMER.ANDREW\DISCOVERAQ-NOXYO3_P3B_20130926_R0.ict
2016-03-08 15:29:24.828 MESSAGE --- [  ICARTT_FileManager].[             LoadAll] Loading: C:\Users\atschaff\ICARTT Data\TEXAS_2013\P3B_AIRCRAFT\WEINHEIMER.ANDREW\DISCOVERAQ-NOXYO3_P3B_20130929_R0.ict
2016-03-08 15:29:24.828 MESSAGE --- [  ICARTT_FileManager].[             LoadAll] Loading: C:\Users\atschaff\ICARTT Data\TEXAS_2013\P3B_AIRCRAFT\WISTHALER.ARMIN\discoveraq-PTRTOF-NMHCs_P3B_20130904_R0.ict
2016-03-08 15:29:24.844 MESSAGE --- [  ICARTT_FileManager].[             LoadAll] Loading: C:\Users\atschaff\ICARTT Data\TEXAS_2013\P3B_AIRCRAFT\WISTHALER.ARMIN\discoveraq-PTRTOF-NMHCs_P3B_20130906_R0.ict
2016-03-08 15:29:24.844 MESSAGE --- [  ICARTT_FileManager].[             LoadAll] Loading: C:\Users\atschaff\ICARTT Data\TEXAS_2013\P3B_AIRCRAFT\WISTHALER.ARMIN\discoveraq-PTRTOF-NMHCs_P3B_20130911_R0.ict
2016-03-08 15:29:24.844 MESSAGE --- [  ICARTT_FileManager].[             LoadAll] Loading: C:\Users\atschaff\ICARTT Data\TEXAS_2013\P3B_AIRCRAFT\WISTHALER.ARMIN\discoveraq-PTRTOF-NMHCs_P3B_20130912_R0.ict
2016-03-08 15:29:24.844 MESSAGE --- [  ICARTT_FileManager].[             LoadAll] Loading: C:\Users\atschaff\ICARTT Data\TEXAS_2013\P3B_AIRCRAFT\WISTHALER.ARMIN\discoveraq-PTRTOF-NMHCs_P3B_20130913_R0.ict
2016-03-08 15:29:24.844 MESSAGE --- [  ICARTT_FileManager].[             LoadAll] Loading: C:\Users\atschaff\ICARTT Data\TEXAS_2013\P3B_AIRCRAFT\WISTHALER.ARMIN\discoveraq-PTRTOF-NMHCs_P3B_20130914_R0.ict
2016-03-08 15:29:24.844 MESSAGE --- [  ICARTT_FileManager].[             LoadAll] Loading: C:\Users\atschaff\ICARTT Data\TEXAS_2013\P3B_AIRCRAFT\WISTHALER.ARMIN\discoveraq-PTRTOF-NMHCs_P3B_20130924_R0.ict
2016-03-08 15:29:24.844 MESSAGE --- [  ICARTT_FileManager].[             LoadAll] Loading: C:\Users\atschaff\ICARTT Data\TEXAS_2013\P3B_AIRCRAFT\WISTHALER.ARMIN\discoveraq-PTRTOF-NMHCs_P3B_20130925_R0.ict
2016-03-08 15:29:24.844 MESSAGE --- [  ICARTT_FileManager].[             LoadAll] Loading: C:\Users\atschaff\ICARTT Data\TEXAS_2013\P3B_AIRCRAFT\WISTHALER.ARMIN\discoveraq-PTRTOF-NMHCs_P3B_20130926_R0.ict
2016-03-08 15:29:24.844 MESSAGE --- [  ICARTT_FileManager].[             LoadAll] Loading: C:\Users\atschaff\ICARTT Data\TEXAS_2013\P3B_AIRCRAFT\WISTHALER.ARMIN\discoveraq-PTRTOF-NMHCs_P3B_20130929_R0.ict
2016-03-08 15:29:24.844 MESSAGE --- [  ICARTT_FileManager].[             LoadAll] Loading: C:\Users\atschaff\ICARTT Data\TEXAS_2013\P3B_AIRCRAFT\YANG.MELISSA\discoveraq-CO2_p3b_20130904_R0.ict
2016-03-08 15:29:24.844 MESSAGE --- [  ICARTT_FileManager].[             LoadAll] Loading: C:\Users\atschaff\ICARTT Data\TEXAS_2013\P3B_AIRCRAFT\YANG.MELISSA\discoveraq-CO2_p3b_20130906_R0.ict
2016-03-08 15:29:24.844 MESSAGE --- [  ICARTT_FileManager].[             LoadAll] Loading: C:\Users\atschaff\ICARTT Data\TEXAS_2013\P3B_AIRCRAFT\YANG.MELISSA\discoveraq-CO2_p3b_20130911_R0.ict
2016-03-08 15:29:24.844 MESSAGE --- [  ICARTT_FileManager].[             LoadAll] Loading: C:\Users\atschaff\ICARTT Data\TEXAS_2013\P3B_AIRCRAFT\YANG.MELISSA\discoveraq-CO2_p3b_20130912_R0.ict
2016-03-08 15:29:24.844 MESSAGE --- [  ICARTT_FileManager].[             LoadAll] Loading: C:\Users\atschaff\ICARTT Data\TEXAS_2013\P3B_AIRCRAFT\YANG.MELISSA\discoveraq-CO2_p3b_20130913_R0.ict
2016-03-08 15:29:24.844 MESSAGE --- [  ICARTT_FileManager].[             LoadAll] Loading: C:\Users\atschaff\ICARTT Data\TEXAS_2013\P3B_AIRCRAFT\YANG.MELISSA\discoveraq-CO2_p3b_20130914_R0.ict
2016-03-08 15:29:24.844 MESSAGE --- [  ICARTT_FileManager].[             LoadAll] Loading: C:\Users\atschaff\ICARTT Data\TEXAS_2013\P3B_AIRCRAFT\YANG.MELISSA\discoveraq-CO2_p3b_20130924_R0.ict
2016-03-08 15:29:24.844 MESSAGE --- [  ICARTT_FileManager].[             LoadAll] Loading: C:\Users\atschaff\ICARTT Data\TEXAS_2013\P3B_AIRCRAFT\YANG.MELISSA\discoveraq-CO2_p3b_20130925_R0.ict
2016-03-08 15:29:24.844 MESSAGE --- [  ICARTT_FileManager].[             LoadAll] Loading: C:\Users\atschaff\ICARTT Data\TEXAS_2013\P3B_AIRCRAFT\YANG.MELISSA\discoveraq-CO2_p3b_20130926_R0.ict
2016-03-08 15:29:24.844 MESSAGE --- [  ICARTT_FileManager].[             LoadAll] Loading: C:\Users\atschaff\ICARTT Data\TEXAS_2013\P3B_AIRCRAFT\YANG.MELISSA\discoveraq-CO2_p3b_20130929_R0.ict
2016-03-08 17:25:32.653 MESSAGE --- [              Logger].[               Setup] Ready to accept and digest messages.
2016-03-08 17:25:32.710   DEBUG --- [...figurationBuilder].[...entProcessControl] Changing Process View
2016-03-08 17:25:32.710   DEBUG --- [...figurationBuilder].[...entProcessControl]     From: DEFAULT NAME
2016-03-08 17:25:32.710   DEBUG --- [...figurationBuilder].[...entProcessControl]     To:   Directory Select
2016-03-08 17:25:33.648   DEBUG --- [...figurationBuilder].[...entProcessControl] Changing Process View
2016-03-08 17:25:33.648   DEBUG --- [...figurationBuilder].[...entProcessControl]     From: Directory Select
2016-03-08 17:25:33.648   DEBUG --- [...figurationBuilder].[...entProcessControl]     To:   File Name Filters
2016-03-08 17:25:33.788  EXCEPT --- [  ICARTT_FileManager].[...CARTTFilesFromDir] System.ArgumentException: The path is not of a legal form.
2016-03-08 17:25:33.788  EXCEPT --- [  ICARTT_FileManager].[...CARTTFilesFromDir]        at System.IO.Path.NormalizePath(String path, Boolean fullCheck, Int32 maxPathLength, Boolean expandShortPaths)
2016-03-08 17:25:33.788  EXCEPT --- [  ICARTT_FileManager].[...CARTTFilesFromDir]        at System.IO.Path.GetFullPathInternal(String path)
2016-03-08 17:25:33.788  EXCEPT --- [  ICARTT_FileManager].[...CARTTFilesFromDir]        at System.IO.FileSystemEnumerableIterator`1..ctor(String path, String originalUserPath, String searchPattern, SearchOption searchOption, SearchResultHandler`1 resultHandler, Boolean checkHost)
2016-03-08 17:25:33.788  EXCEPT --- [  ICARTT_FileManager].[...CARTTFilesFromDir]        at System.IO.Directory.GetFiles(String path, String searchPattern, SearchOption searchOption)
2016-03-08 17:25:33.788  EXCEPT --- [  ICARTT_FileManager].[...CARTTFilesFromDir]        at ICARTT_Merge_Configuration.Utilities.ICARTT_FileManager.GetICARTTFilesFromDir(String dir) in C:\Users\atschaff\Documents\Visual Studio 2015\Projects\ICARTT Merge Configuration\ICARTT Merge Configuration\Utilities\ICARTT_FileManager.cs:line 99
2016-03-08 17:25:33.788 MESSAGE --- [  ICARTT_FileManager].[...CARTTFilesFromDir] Searched for ICARTT files
2016-03-08 17:25:33.788 MESSAGE --- [  ICARTT_FileManager].[...CARTTFilesFromDir]     Directory: 
2016-03-08 17:25:33.788 MESSAGE --- [  ICARTT_FileManager].[...CARTTFilesFromDir]     Number of ICARTT Files Found: 0
2016-03-08 17:25:33.975   DEBUG --- [...figurationBuilder].[...entProcessControl] Changing Process View
2016-03-08 17:25:33.975   DEBUG --- [...figurationBuilder].[...entProcessControl]     From: File Name Filters
2016-03-08 17:25:33.975   DEBUG --- [...figurationBuilder].[...entProcessControl]     To:   File Select
2016-03-08 17:25:34.459   DEBUG --- [...figurationBuilder].[...entProcessControl] Changing Process View
2016-03-08 17:25:34.459   DEBUG --- [...figurationBuilder].[...entProcessControl]     From: File Select
2016-03-08 17:25:34.459   DEBUG --- [...figurationBuilder].[...entProcessControl]     To:   File Name Filters
2016-03-08 17:25:34.834   DEBUG --- [...figurationBuilder].[...entProcessControl] Changing Process View
2016-03-08 17:25:34.834   DEBUG --- [...figurationBuilder].[...entProcessControl]     From: File Name Filters
2016-03-08 17:25:34.834   DEBUG --- [...figurationBuilder].[...entProcessControl]     To:   File Select
2016-03-08 17:25:35.271   DEBUG --- [...figurationBuilder].[...entProcessControl] Changing Process View
2016-03-08 17:25:35.271   DEBUG --- [...figurationBuilder].[...entProcessControl]     From: File Select
2016-03-08 17:25:35.271   DEBUG --- [...figurationBuilder].[...entProcessControl]     To:   File Name Filters
2016-03-08 17:25:35.600   DEBUG --- [...figurationBuilder].[...entProcessControl] Changing Process View
2016-03-08 17:25:35.600   DEBUG --- [...figurationBuilder].[...entProcessControl]     From: File Name Filters
2016-03-08 17:25:35.600   DEBUG --- [...figurationBuilder].[...entProcessControl]     To:   File Select
2016-03-08 17:25:38.923   DEBUG --- [...figurationBuilder].[...entProcessControl] Changing Process View
2016-03-08 17:25:38.923   DEBUG --- [...figurationBuilder].[...entProcessControl]     From: File Select
2016-03-08 17:25:38.923   DEBUG --- [...figurationBuilder].[...entProcessControl]     To:   File Name Filters
2016-03-08 17:25:42.825   DEBUG --- [...figurationBuilder].[...entProcessControl] Changing Process View
2016-03-08 17:25:42.825   DEBUG --- [...figurationBuilder].[...entProcessControl]     From: File Name Filters
2016-03-08 17:25:42.825   DEBUG --- [...figurationBuilder].[...entProcessControl]     To:   File Select
2016-03-08 17:25:43.355   DEBUG --- [...figurationBuilder].[...entProcessControl] Changing Process View
2016-03-08 17:25:43.355   DEBUG --- [...figurationBuilder].[...entProcessControl]     From: File Select
2016-03-08 17:25:43.355   DEBUG --- [...figurationBuilder].[...entProcessControl]     To:   File Name Filters
2016-03-08 17:25:43.777   DEBUG --- [...figurationBuilder].[...entProcessControl] Changing Process View
2016-03-08 17:25:43.777   DEBUG --- [...figurationBuilder].[...entProcessControl]     From: File Name Filters
2016-03-08 17:25:43.777   DEBUG --- [...figurationBuilder].[...entProcessControl]     To:   File Select
2016-03-08 17:25:44.167   DEBUG --- [...figurationBuilder].[...entProcessControl] Changing Process View
2016-03-08 17:25:44.167   DEBUG --- [...figurationBuilder].[...entProcessControl]     From: File Select
2016-03-08 17:25:44.167   DEBUG --- [...figurationBuilder].[...entProcessControl]     To:   File Name Filters
2016-03-08 17:25:44.573   DEBUG --- [...figurationBuilder].[...entProcessControl] Changing Process View
2016-03-08 17:25:44.573   DEBUG --- [...figurationBuilder].[...entProcessControl]     From: File Name Filters
2016-03-08 17:25:44.573   DEBUG --- [...figurationBuilder].[...entProcessControl]     To:   Directory Select
2016-03-08 17:25:45.337   DEBUG --- [...figurationBuilder].[...entProcessControl] Changing Process View
2016-03-08 17:25:45.337   DEBUG --- [...figurationBuilder].[...entProcessControl]     From: Directory Select
2016-03-08 17:25:45.337   DEBUG --- [...figurationBuilder].[...entProcessControl]     To:   File Name Filters
2016-03-08 17:25:45.540  EXCEPT --- [  ICARTT_FileManager].[...CARTTFilesFromDir] System.ArgumentException: The path is not of a legal form.
2016-03-08 17:25:45.540  EXCEPT --- [  ICARTT_FileManager].[...CARTTFilesFromDir]        at System.IO.Path.NormalizePath(String path, Boolean fullCheck, Int32 maxPathLength, Boolean expandShortPaths)
2016-03-08 17:25:45.540  EXCEPT --- [  ICARTT_FileManager].[...CARTTFilesFromDir]        at System.IO.Path.GetFullPathInternal(String path)
2016-03-08 17:25:45.540  EXCEPT --- [  ICARTT_FileManager].[...CARTTFilesFromDir]        at System.IO.FileSystemEnumerableIterator`1..ctor(String path, String originalUserPath, String searchPattern, SearchOption searchOption, SearchResultHandler`1 resultHandler, Boolean checkHost)
2016-03-08 17:25:45.540  EXCEPT --- [  ICARTT_FileManager].[...CARTTFilesFromDir]        at System.IO.Directory.GetFiles(String path, String searchPattern, SearchOption searchOption)
2016-03-08 17:25:45.540  EXCEPT --- [  ICARTT_FileManager].[...CARTTFilesFromDir]        at ICARTT_Merge_Configuration.Utilities.ICARTT_FileManager.GetICARTTFilesFromDir(String dir) in C:\Users\atschaff\Documents\Visual Studio 2015\Projects\ICARTT Merge Configuration\ICARTT Merge Configuration\Utilities\ICARTT_FileManager.cs:line 99
2016-03-08 17:25:45.540 MESSAGE --- [  ICARTT_FileManager].[...CARTTFilesFromDir] Searched for ICARTT files
2016-03-08 17:25:45.540 MESSAGE --- [  ICARTT_FileManager].[...CARTTFilesFromDir]     Directory: 
2016-03-08 17:25:45.540 MESSAGE --- [  ICARTT_FileManager].[...CARTTFilesFromDir]     Number of ICARTT Files Found: 0
2016-03-08 17:25:45.603   DEBUG --- [...figurationBuilder].[...entProcessControl] Changing Process View
2016-03-08 17:25:45.603   DEBUG --- [...figurationBuilder].[...entProcessControl]     From: File Name Filters
2016-03-08 17:25:45.603   DEBUG --- [...figurationBuilder].[...entProcessControl]     To:   File Select
2016-03-08 17:25:45.868   DEBUG --- [...figurationBuilder].[...entProcessControl] Changing Process View
2016-03-08 17:25:45.868   DEBUG --- [...figurationBuilder].[...entProcessControl]     From: File Select
2016-03-08 17:25:45.868   DEBUG --- [...figurationBuilder].[...entProcessControl]     To:   DEFAULT NAME
2016-03-08 17:25:46.905   DEBUG --- [...figurationBuilder].[...entProcessControl] Changing Process View
2016-03-08 17:25:46.905   DEBUG --- [...figurationBuilder].[...entProcessControl]     From: DEFAULT NAME
2016-03-08 17:25:46.905   DEBUG --- [...figurationBuilder].[...entProcessControl]     To:   File Select
2016-03-08 17:25:47.233   DEBUG --- [...figurationBuilder].[...entProcessControl] Changing Process View
2016-03-08 17:25:47.233   DEBUG --- [...figurationBuilder].[...entProcessControl]     From: File Select
2016-03-08 17:25:47.233   DEBUG --- [...figurationBuilder].[...entProcessControl]     To:   File Name Filters
2016-03-08 17:25:47.545   DEBUG --- [...figurationBuilder].[...entProcessControl] Changing Process View
2016-03-08 17:25:47.545   DEBUG --- [...figurationBuilder].[...entProcessControl]     From: File Name Filters
2016-03-08 17:25:47.545   DEBUG --- [...figurationBuilder].[...entProcessControl]     To:   Directory Select
2016-03-08 17:25:48.544 MESSAGE --- [             Program].[                Main] Main thread terminating.
2016-03-08 17:25:48.544 MESSAGE --- [              Logger].[               Close] Close requested. Remaining 1 messages will be written to file.
2016-03-08 17:42:00.594 MESSAGE --- [              Logger].[               Setup] Ready to accept and digest messages.
2016-03-08 17:42:00.704   DEBUG --- [...figurationBuilder].[...entProcessControl] Changing Process View
2016-03-08 17:42:00.704   DEBUG --- [...figurationBuilder].[...entProcessControl]     From: DEFAULT NAME
2016-03-08 17:42:00.704   DEBUG --- [...figurationBuilder].[...entProcessControl]     To:   Directory Select
2016-03-08 17:42:01.596   DEBUG --- [...figurationBuilder].[...entProcessControl] Changing Process View
2016-03-08 17:42:01.596   DEBUG --- [...figurationBuilder].[...entProcessControl]     From: Directory Select
2016-03-08 17:42:01.596   DEBUG --- [...figurationBuilder].[...entProcessControl]     To:   View Variables
2016-03-08 17:42:01.628  EXCEPT --- [  ICARTT_FileManager].[...CARTTFilesFromDir] System.ArgumentException: The path is not of a legal form.
2016-03-08 17:42:01.628  EXCEPT --- [  ICARTT_FileManager].[...CARTTFilesFromDir]        at System.IO.Path.NormalizePath(String path, Boolean fullCheck, Int32 maxPathLength, Boolean expandShortPaths)
2016-03-08 17:42:01.628  EXCEPT --- [  ICARTT_FileManager].[...CARTTFilesFromDir]        at System.IO.Path.GetFullPathInternal(String path)
2016-03-08 17:42:01.628  EXCEPT --- [  ICARTT_FileManager].[...CARTTFilesFromDir]        at System.IO.FileSystemEnumerableIterator`1..ctor(String path, String originalUserPath, String searchPattern, SearchOption searchOption, SearchResultHandler`1 resultHandler, Boolean checkHost)
2016-03-08 17:42:01.628  EXCEPT --- [  ICARTT_FileManager].[...CARTTFilesFromDir]        at System.IO.Directory.GetFiles(String path, String searchPattern, SearchOption searchOption)
2016-03-08 17:42:01.628  EXCEPT --- [  ICARTT_FileManager].[...CARTTFilesFromDir]        at ICARTT_Merge_Configuration.Utilities.ICARTT_FileManager.GetICARTTFilesFromDir(String dir) in C:\Users\atschaff\Documents\Visual Studio 2015\Projects\ICARTT Merge Configuration\ICARTT Merge Configuration\Utilities\ICARTT_FileManager.cs:line 99
2016-03-08 17:42:01.628 MESSAGE --- [  ICARTT_FileManager].[...CARTTFilesFromDir] Searched for ICARTT files
2016-03-08 17:42:01.628 MESSAGE --- [  ICARTT_FileManager].[...CARTTFilesFromDir]     Directory: 
2016-03-08 17:42:01.628 MESSAGE --- [  ICARTT_FileManager].[...CARTTFilesFromDir]     Number of ICARTT Files Found: 0
2016-03-08 17:42:03.324   DEBUG --- [...figurationBuilder].[...entProcessControl] Changing Process View
2016-03-08 17:42:03.324   DEBUG --- [...figurationBuilder].[...entProcessControl]     From: View Variables
2016-03-08 17:42:03.324   DEBUG --- [...figurationBuilder].[...entProcessControl]     To:   File Select
2016-03-08 17:42:03.788   DEBUG --- [...figurationBuilder].[...entProcessControl] Changing Process View
2016-03-08 17:42:03.788   DEBUG --- [...figurationBuilder].[...entProcessControl]     From: File Select
2016-03-08 17:42:03.788   DEBUG --- [...figurationBuilder].[...entProcessControl]     To:   File Name Filters
2016-03-08 17:42:04.132   DEBUG --- [...figurationBuilder].[...entProcessControl] Changing Process View
2016-03-08 17:42:04.132   DEBUG --- [...figurationBuilder].[...entProcessControl]     From: File Name Filters
2016-03-08 17:42:04.132   DEBUG --- [...figurationBuilder].[...entProcessControl]     To:   File Select
2016-03-08 17:42:04.452   DEBUG --- [...figurationBuilder].[...entProcessControl] Changing Process View
2016-03-08 17:42:04.452   DEBUG --- [...figurationBuilder].[...entProcessControl]     From: File Select
2016-03-08 17:42:04.452   DEBUG --- [...figurationBuilder].[...entProcessControl]     To:   View Variables
2016-03-08 17:42:05.308   DEBUG --- [...figurationBuilder].[...entProcessControl] Changing Process View
2016-03-08 17:42:05.308   DEBUG --- [...figurationBuilder].[...entProcessControl]     From: View Variables
2016-03-08 17:42:05.308   DEBUG --- [...figurationBuilder].[...entProcessControl]     To:   File Select
2016-03-08 17:42:05.716   DEBUG --- [...figurationBuilder].[...entProcessControl] Changing Process View
2016-03-08 17:42:05.716   DEBUG --- [...figurationBuilder].[...entProcessControl]     From: File Select
2016-03-08 17:42:05.716   DEBUG --- [...figurationBuilder].[...entProcessControl]     To:   File Name Filters
2016-03-08 17:42:06.012   DEBUG --- [...figurationBuilder].[...entProcessControl] Changing Process View
2016-03-08 17:42:06.012   DEBUG --- [...figurationBuilder].[...entProcessControl]     From: File Name Filters
2016-03-08 17:42:06.012   DEBUG --- [...figurationBuilder].[...entProcessControl]     To:   File Select
2016-03-08 17:42:06.292   DEBUG --- [...figurationBuilder].[...entProcessControl] Changing Process View
2016-03-08 17:42:06.292   DEBUG --- [...figurationBuilder].[...entProcessControl]     From: File Select
2016-03-08 17:42:06.292   DEBUG --- [...figurationBuilder].[...entProcessControl]     To:   View Variables
2016-03-08 17:42:06.772   DEBUG --- [...figurationBuilder].[...entProcessControl] Changing Process View
2016-03-08 17:42:06.772   DEBUG --- [...figurationBuilder].[...entProcessControl]     From: View Variables
2016-03-08 17:42:06.772   DEBUG --- [...figurationBuilder].[...entProcessControl]     To:   File Select
2016-03-08 17:42:07.652   DEBUG --- [...figurationBuilder].[...entProcessControl] Changing Process View
2016-03-08 17:42:07.652   DEBUG --- [...figurationBuilder].[...entProcessControl]     From: File Select
2016-03-08 17:42:07.652   DEBUG --- [...figurationBuilder].[...entProcessControl]     To:   View Variables
2016-03-08 17:42:08.264   DEBUG --- [...figurationBuilder].[...entProcessControl] Changing Process View
2016-03-08 17:42:08.264   DEBUG --- [...figurationBuilder].[...entProcessControl]     From: View Variables
2016-03-08 17:42:08.264   DEBUG --- [...figurationBuilder].[...entProcessControl]     To:   File Select
2016-03-08 17:42:08.576   DEBUG --- [...figurationBuilder].[...entProcessControl] Changing Process View
2016-03-08 17:42:08.576   DEBUG --- [...figurationBuilder].[...entProcessControl]     From: File Select
2016-03-08 17:42:08.576   DEBUG --- [...figurationBuilder].[...entProcessControl]     To:   View Variables
2016-03-08 17:42:08.984   DEBUG --- [...figurationBuilder].[...entProcessControl] Changing Process View
2016-03-08 17:42:08.984   DEBUG --- [...figurationBuilder].[...entProcessControl]     From: View Variables
2016-03-08 17:42:08.984   DEBUG --- [...figurationBuilder].[...entProcessControl]     To:   File Select
2016-03-08 17:42:09.408   DEBUG --- [...figurationBuilder].[...entProcessControl] Changing Process View
2016-03-08 17:42:09.408   DEBUG --- [...figurationBuilder].[...entProcessControl]     From: File Select
2016-03-08 17:42:09.408   DEBUG --- [...figurationBuilder].[...entProcessControl]     To:   View Variables
2016-03-08 17:42:09.696   DEBUG --- [...figurationBuilder].[...entProcessControl] Changing Process View
2016-03-08 17:42:09.696   DEBUG --- [...figurationBuilder].[...entProcessControl]     From: View Variables
2016-03-08 17:42:09.696   DEBUG --- [...figurationBuilder].[...entProcessControl]     To:   File Select
2016-03-08 17:42:10.040   DEBUG --- [...figurationBuilder].[...entProcessControl] Changing Process View
2016-03-08 17:42:10.040   DEBUG --- [...figurationBuilder].[...entProcessControl]     From: File Select
2016-03-08 17:42:10.040   DEBUG --- [...figurationBuilder].[...entProcessControl]     To:   View Variables
2016-03-08 17:42:10.408   DEBUG --- [...figurationBuilder].[...entProcessControl] Changing Process View
2016-03-08 17:42:10.408   DEBUG --- [...figurationBuilder].[...entProcessControl]     From: View Variables
2016-03-08 17:42:10.408   DEBUG --- [...figurationBuilder].[...entProcessControl]     To:   File Select
2016-03-08 17:42:10.744   DEBUG --- [...figurationBuilder].[...entProcessControl] Changing Process View
2016-03-08 17:42:10.744   DEBUG --- [...figurationBuilder].[...entProcessControl]     From: File Select
2016-03-08 17:42:10.744   DEBUG --- [...figurationBuilder].[...entProcessControl]     To:   View Variables
2016-03-08 17:42:10.960   DEBUG --- [...figurationBuilder].[...entProcessControl] Changing Process View
2016-03-08 17:42:10.960   DEBUG --- [...figurationBuilder].[...entProcessControl]     From: View Variables
2016-03-08 17:42:10.960   DEBUG --- [...figurationBuilder].[...entProcessControl]     To:   File Select
2016-03-08 17:42:11.136   DEBUG --- [...figurationBuilder].[...entProcessControl] Changing Process View
2016-03-08 17:42:11.136   DEBUG --- [...figurationBuilder].[...entProcessControl]     From: File Select
2016-03-08 17:42:11.136   DEBUG --- [...figurationBuilder].[...entProcessControl]     To:   File Name Filters
2016-03-08 17:42:11.456   DEBUG --- [...figurationBuilder].[...entProcessControl] Changing Process View
2016-03-08 17:42:11.456   DEBUG --- [...figurationBuilder].[...entProcessControl]     From: File Name Filters
2016-03-08 17:42:11.456   DEBUG --- [...figurationBuilder].[...entProcessControl]     To:   File Select
2016-03-08 17:42:11.640   DEBUG --- [...figurationBuilder].[...entProcessControl] Changing Process View
2016-03-08 17:42:11.640   DEBUG --- [...figurationBuilder].[...entProcessControl]     From: File Select
2016-03-08 17:42:11.640   DEBUG --- [...figurationBuilder].[...entProcessControl]     To:   View Variables
2016-03-08 17:42:11.880   DEBUG --- [...figurationBuilder].[...entProcessControl] Changing Process View
2016-03-08 17:42:11.880   DEBUG --- [...figurationBuilder].[...entProcessControl]     From: View Variables
2016-03-08 17:42:11.880   DEBUG --- [...figurationBuilder].[...entProcessControl]     To:   File Select
2016-03-08 17:42:12.064   DEBUG --- [...figurationBuilder].[...entProcessControl] Changing Process View
2016-03-08 17:42:12.064   DEBUG --- [...figurationBuilder].[...entProcessControl]     From: File Select
2016-03-08 17:42:12.064   DEBUG --- [...figurationBuilder].[...entProcessControl]     To:   File Name Filters
2016-03-08 17:42:12.328   DEBUG --- [...figurationBuilder].[...entProcessControl] Changing Process View
2016-03-08 17:42:12.328   DEBUG --- [...figurationBuilder].[...entProcessControl]     From: File Name Filters
2016-03-08 17:42:12.328   DEBUG --- [...figurationBuilder].[...entProcessControl]     To:   File Select
2016-03-08 17:42:12.504   DEBUG --- [...figurationBuilder].[...entProcessControl] Changing Process View
2016-03-08 17:42:12.504   DEBUG --- [...figurationBuilder].[...entProcessControl]     From: File Select
2016-03-08 17:42:12.504   DEBUG --- [...figurationBuilder].[...entProcessControl]     To:   View Variables
2016-03-08 17:42:12.768   DEBUG --- [...figurationBuilder].[...entProcessControl] Changing Process View
2016-03-08 17:42:12.768   DEBUG --- [...figurationBuilder].[...entProcessControl]     From: View Variables
2016-03-08 17:42:12.768   DEBUG --- [...figurationBuilder].[...entProcessControl]     To:   File Select
2016-03-08 17:42:13.064   DEBUG --- [...figurationBuilder].[...entProcessControl] Changing Process View
2016-03-08 17:42:13.064   DEBUG --- [...figurationBuilder].[...entProcessControl]     From: File Select
2016-03-08 17:42:13.064   DEBUG --- [...figurationBuilder].[...entProcessControl]     To:   View Variables
2016-03-08 17:42:13.384   DEBUG --- [...figurationBuilder].[...entProcessControl] Changing Process View
2016-03-08 17:42:13.384   DEBUG --- [...figurationBuilder].[...entProcessControl]     From: View Variables
2016-03-08 17:42:13.384   DEBUG --- [...figurationBuilder].[...entProcessControl]     To:   File Select
2016-03-08 17:42:13.696   DEBUG --- [...figurationBuilder].[...entProcessControl] Changing Process View
2016-03-08 17:42:13.696   DEBUG --- [...figurationBuilder].[...entProcessControl]     From: File Select
2016-03-08 17:42:13.696   DEBUG --- [...figurationBuilder].[...entProcessControl]     To:   View Variables
2016-03-08 17:42:13.984   DEBUG --- [...figurationBuilder].[...entProcessControl] Changing Process View
2016-03-08 17:42:13.984   DEBUG --- [...figurationBuilder].[...entProcessControl]     From: View Variables
2016-03-08 17:42:13.984   DEBUG --- [...figurationBuilder].[...entProcessControl]     To:   File Select
2016-03-08 17:42:14.312   DEBUG --- [...figurationBuilder].[...entProcessControl] Changing Process View
2016-03-08 17:42:14.312   DEBUG --- [...figurationBuilder].[...entProcessControl]     From: File Select
2016-03-08 17:42:14.312   DEBUG --- [...figurationBuilder].[...entProcessControl]     To:   File Name Filters
2016-03-08 17:42:14.616   DEBUG --- [...figurationBuilder].[...entProcessControl] Changing Process View
2016-03-08 17:42:14.616   DEBUG --- [...figurationBuilder].[...entProcessControl]     From: File Name Filters
2016-03-08 17:42:14.616   DEBUG --- [...figurationBuilder].[...entProcessControl]     To:   File Select
2016-03-08 17:42:14.808   DEBUG --- [...figurationBuilder].[...entProcessControl] Changing Process View
2016-03-08 17:42:14.808   DEBUG --- [...figurationBuilder].[...entProcessControl]     From: File Select
2016-03-08 17:42:14.808   DEBUG --- [...figurationBuilder].[...entProcessControl]     To:   File Name Filters
2016-03-08 17:42:15.008   DEBUG --- [...figurationBuilder].[...entProcessControl] Changing Process View
2016-03-08 17:42:15.008   DEBUG --- [...figurationBuilder].[...entProcessControl]     From: File Name Filters
2016-03-08 17:42:15.008   DEBUG --- [...figurationBuilder].[...entProcessControl]     To:   Directory Select
2016-03-08 17:42:15.856   DEBUG --- [...figurationBuilder].[...entProcessControl] Changing Process View
2016-03-08 17:42:15.856   DEBUG --- [...figurationBuilder].[...entProcessControl]     From: Directory Select
2016-03-08 17:42:15.856   DEBUG --- [...figurationBuilder].[...entProcessControl]     To:   File Name Filters
2016-03-08 17:42:15.887  EXCEPT --- [  ICARTT_FileManager].[...CARTTFilesFromDir] System.ArgumentException: The path is not of a legal form.
2016-03-08 17:42:15.887  EXCEPT --- [  ICARTT_FileManager].[...CARTTFilesFromDir]        at System.IO.Path.NormalizePath(String path, Boolean fullCheck, Int32 maxPathLength, Boolean expandShortPaths)
2016-03-08 17:42:15.887  EXCEPT --- [  ICARTT_FileManager].[...CARTTFilesFromDir]        at System.IO.Path.GetFullPathInternal(String path)
2016-03-08 17:42:15.887  EXCEPT --- [  ICARTT_FileManager].[...CARTTFilesFromDir]        at System.IO.FileSystemEnumerableIterator`1..ctor(String path, String originalUserPath, String searchPattern, SearchOption searchOption, SearchResultHandler`1 resultHandler, Boolean checkHost)
2016-03-08 17:42:15.887  EXCEPT --- [  ICARTT_FileManager].[...CARTTFilesFromDir]        at System.IO.Directory.GetFiles(String path, String searchPattern, SearchOption searchOption)
2016-03-08 17:42:15.887  EXCEPT --- [  ICARTT_FileManager].[...CARTTFilesFromDir]        at ICARTT_Merge_Configuration.Utilities.ICARTT_FileManager.GetICARTTFilesFromDir(String dir) in C:\Users\atschaff\Documents\Visual Studio 2015\Projects\ICARTT Merge Configuration\ICARTT Merge Configuration\Utilities\ICARTT_FileManager.cs:line 99
2016-03-08 17:42:15.887 MESSAGE --- [  ICARTT_FileManager].[...CARTTFilesFromDir] Searched for ICARTT files
2016-03-08 17:42:15.887 MESSAGE --- [  ICARTT_FileManager].[...CARTTFilesFromDir]     Directory: 
2016-03-08 17:42:15.887 MESSAGE --- [  ICARTT_FileManager].[...CARTTFilesFromDir]     Number of ICARTT Files Found: 0
2016-03-08 17:42:16.225   DEBUG --- [...figurationBuilder].[...entProcessControl] Changing Process View
2016-03-08 17:42:16.225   DEBUG --- [...figurationBuilder].[...entProcessControl]     From: File Name Filters
2016-03-08 17:42:16.225   DEBUG --- [...figurationBuilder].[...entProcessControl]     To:   Directory Select
2016-03-08 17:42:16.520   DEBUG --- [...figurationBuilder].[...entProcessControl] Changing Process View
2016-03-08 17:42:16.520   DEBUG --- [...figurationBuilder].[...entProcessControl]     From: Directory Select
2016-03-08 17:42:16.520   DEBUG --- [...figurationBuilder].[...entProcessControl]     To:   File Name Filters
2016-03-08 17:42:16.573  EXCEPT --- [  ICARTT_FileManager].[...CARTTFilesFromDir] System.ArgumentException: The path is not of a legal form.
2016-03-08 17:42:16.573  EXCEPT --- [  ICARTT_FileManager].[...CARTTFilesFromDir]        at System.IO.Path.NormalizePath(String path, Boolean fullCheck, Int32 maxPathLength, Boolean expandShortPaths)
2016-03-08 17:42:16.573  EXCEPT --- [  ICARTT_FileManager].[...CARTTFilesFromDir]        at System.IO.Path.GetFullPathInternal(String path)
2016-03-08 17:42:16.573  EXCEPT --- [  ICARTT_FileManager].[...CARTTFilesFromDir]        at System.IO.FileSystemEnumerableIterator`1..ctor(String path, String originalUserPath, String searchPattern, SearchOption searchOption, SearchResultHandler`1 resultHandler, Boolean checkHost)
2016-03-08 17:42:16.573  EXCEPT --- [  ICARTT_FileManager].[...CARTTFilesFromDir]        at System.IO.Directory.GetFiles(String path, String searchPattern, SearchOption searchOption)
2016-03-08 17:42:16.573  EXCEPT --- [  ICARTT_FileManager].[...CARTTFilesFromDir]        at ICARTT_Merge_Configuration.Utilities.ICARTT_FileManager.GetICARTTFilesFromDir(String dir) in C:\Users\atschaff\Documents\Visual Studio 2015\Projects\ICARTT Merge Configuration\ICARTT Merge Configuration\Utilities\ICARTT_FileManager.cs:line 99
2016-03-08 17:42:16.573 MESSAGE --- [  ICARTT_FileManager].[...CARTTFilesFromDir] Searched for ICARTT files
2016-03-08 17:42:16.573 MESSAGE --- [  ICARTT_FileManager].[...CARTTFilesFromDir]     Directory: 
2016-03-08 17:42:16.573 MESSAGE --- [  ICARTT_FileManager].[...CARTTFilesFromDir]     Number of ICARTT Files Found: 0
2016-03-08 17:42:17.019   DEBUG --- [...figurationBuilder].[...entProcessControl] Changing Process View
2016-03-08 17:42:17.019   DEBUG --- [...figurationBuilder].[...entProcessControl]     From: File Name Filters
2016-03-08 17:42:17.019   DEBUG --- [...figurationBuilder].[...entProcessControl]     To:   File Select
2016-03-08 17:42:17.052   DEBUG --- [...figurationBuilder].[...entProcessControl] Changing Process View
2016-03-08 17:42:17.052   DEBUG --- [...figurationBuilder].[...entProcessControl]     From: File Select
2016-03-08 17:42:17.052   DEBUG --- [...figurationBuilder].[...entProcessControl]     To:   View Variables
2016-03-08 17:42:17.368   DEBUG --- [...figurationBuilder].[...entProcessControl] Changing Process View
2016-03-08 17:42:17.368   DEBUG --- [...figurationBuilder].[...entProcessControl]     From: View Variables
2016-03-08 17:42:17.368   DEBUG --- [...figurationBuilder].[...entProcessControl]     To:   File Select
2016-03-08 17:42:17.891   DEBUG --- [...figurationBuilder].[...entProcessControl] Changing Process View
2016-03-08 17:42:17.891   DEBUG --- [...figurationBuilder].[...entProcessControl]     From: File Select
2016-03-08 17:42:17.891   DEBUG --- [...figurationBuilder].[...entProcessControl]     To:   File Name Filters
2016-03-08 17:42:17.924   DEBUG --- [...figurationBuilder].[...entProcessControl] Changing Process View
2016-03-08 17:42:17.924   DEBUG --- [...figurationBuilder].[...entProcessControl]     From: File Name Filters
2016-03-08 17:42:17.924   DEBUG --- [...figurationBuilder].[...entProcessControl]     To:   Directory Select
2016-03-08 17:42:18.296   DEBUG --- [...figurationBuilder].[...entProcessControl] Changing Process View
2016-03-08 17:42:18.296   DEBUG --- [...figurationBuilder].[...entProcessControl]     From: Directory Select
2016-03-08 17:42:18.296   DEBUG --- [...figurationBuilder].[...entProcessControl]     To:   File Name Filters
2016-03-08 17:42:18.307  EXCEPT --- [  ICARTT_FileManager].[...CARTTFilesFromDir] System.ArgumentException: The path is not of a legal form.
2016-03-08 17:42:18.307  EXCEPT --- [  ICARTT_FileManager].[...CARTTFilesFromDir]        at System.IO.Path.NormalizePath(String path, Boolean fullCheck, Int32 maxPathLength, Boolean expandShortPaths)
2016-03-08 17:42:18.307  EXCEPT --- [  ICARTT_FileManager].[...CARTTFilesFromDir]        at System.IO.Path.GetFullPathInternal(String path)
2016-03-08 17:42:18.307  EXCEPT --- [  ICARTT_FileManager].[...CARTTFilesFromDir]        at System.IO.FileSystemEnumerableIterator`1..ctor(String path, String originalUserPath, String searchPattern, SearchOption searchOption, SearchResultHandler`1 resultHandler, Boolean checkHost)
2016-03-08 17:42:18.307  EXCEPT --- [  ICARTT_FileManager].[...CARTTFilesFromDir]        at System.IO.Directory.GetFiles(String path, String searchPattern, SearchOption searchOption)
2016-03-08 17:42:18.307  EXCEPT --- [  ICARTT_FileManager].[...CARTTFilesFromDir]        at ICARTT_Merge_Configuration.Utilities.ICARTT_FileManager.GetICARTTFilesFromDir(String dir) in C:\Users\atschaff\Documents\Visual Studio 2015\Projects\ICARTT Merge Configuration\ICARTT Merge Configuration\Utilities\ICARTT_FileManager.cs:line 99
2016-03-08 17:42:18.308 MESSAGE --- [  ICARTT_FileManager].[...CARTTFilesFromDir] Searched for ICARTT files
2016-03-08 17:42:18.308 MESSAGE --- [  ICARTT_FileManager].[...CARTTFilesFromDir]     Directory: 
2016-03-08 17:42:18.308 MESSAGE --- [  ICARTT_FileManager].[...CARTTFilesFromDir]     Number of ICARTT Files Found: 0
2016-03-08 17:42:18.512   DEBUG --- [...figurationBuilder].[...entProcessControl] Changing Process View
2016-03-08 17:42:18.512   DEBUG --- [...figurationBuilder].[...entProcessControl]     From: File Name Filters
2016-03-08 17:42:18.512   DEBUG --- [...figurationBuilder].[...entProcessControl]     To:   File Select
2016-03-08 17:42:18.704   DEBUG --- [...figurationBuilder].[...entProcessControl] Changing Process View
2016-03-08 17:42:18.704   DEBUG --- [...figurationBuilder].[...entProcessControl]     From: File Select
2016-03-08 17:42:18.704   DEBUG --- [...figurationBuilder].[...entProcessControl]     To:   View Variables
2016-03-08 17:42:19.216   DEBUG --- [...figurationBuilder].[...entProcessControl] Changing Process View
2016-03-08 17:42:19.216   DEBUG --- [...figurationBuilder].[...entProcessControl]     From: View Variables
2016-03-08 17:42:19.216   DEBUG --- [...figurationBuilder].[...entProcessControl]     To:   File Select
2016-03-08 17:42:19.544   DEBUG --- [...figurationBuilder].[...entProcessControl] Changing Process View
2016-03-08 17:42:19.544   DEBUG --- [...figurationBuilder].[...entProcessControl]     From: File Select
2016-03-08 17:42:19.544   DEBUG --- [...figurationBuilder].[...entProcessControl]     To:   View Variables
2016-03-08 17:42:20.712   DEBUG --- [...figurationBuilder].[...entProcessControl] Changing Process View
2016-03-08 17:42:20.712   DEBUG --- [...figurationBuilder].[...entProcessControl]     From: View Variables
2016-03-08 17:42:20.712   DEBUG --- [...figurationBuilder].[...entProcessControl]     To:   File Select
2016-03-08 17:42:21.199   DEBUG --- [...figurationBuilder].[...entProcessControl] Changing Process View
2016-03-08 17:42:21.199   DEBUG --- [...figurationBuilder].[...entProcessControl]     From: File Select
2016-03-08 17:42:21.199   DEBUG --- [...figurationBuilder].[...entProcessControl]     To:   View Variables
2016-03-08 17:42:22.687   DEBUG --- [...figurationBuilder].[...entProcessControl] Changing Process View
2016-03-08 17:42:22.687   DEBUG --- [...figurationBuilder].[...entProcessControl]     From: View Variables
2016-03-08 17:42:22.687   DEBUG --- [...figurationBuilder].[...entProcessControl]     To:   File Select
2016-03-08 17:42:22.911   DEBUG --- [...figurationBuilder].[...entProcessControl] Changing Process View
2016-03-08 17:42:22.911   DEBUG --- [...figurationBuilder].[...entProcessControl]     From: File Select
2016-03-08 17:42:22.911   DEBUG --- [...figurationBuilder].[...entProcessControl]     To:   File Name Filters
2016-03-08 17:42:23.143   DEBUG --- [...figurationBuilder].[...entProcessControl] Changing Process View
2016-03-08 17:42:23.143   DEBUG --- [...figurationBuilder].[...entProcessControl]     From: File Name Filters
2016-03-08 17:42:23.143   DEBUG --- [...figurationBuilder].[...entProcessControl]     To:   Directory Select
2016-03-08 17:42:23.911   DEBUG --- [...figurationBuilder].[...entProcessControl] Changing Process View
2016-03-08 17:42:23.911   DEBUG --- [...figurationBuilder].[...entProcessControl]     From: Directory Select
2016-03-08 17:42:23.911   DEBUG --- [...figurationBuilder].[...entProcessControl]     To:   File Name Filters
2016-03-08 17:42:23.923  EXCEPT --- [  ICARTT_FileManager].[...CARTTFilesFromDir] System.ArgumentException: The path is not of a legal form.
2016-03-08 17:42:23.923  EXCEPT --- [  ICARTT_FileManager].[...CARTTFilesFromDir]        at System.IO.Path.NormalizePath(String path, Boolean fullCheck, Int32 maxPathLength, Boolean expandShortPaths)
2016-03-08 17:42:23.923  EXCEPT --- [  ICARTT_FileManager].[...CARTTFilesFromDir]        at System.IO.Path.GetFullPathInternal(String path)
2016-03-08 17:42:23.923  EXCEPT --- [  ICARTT_FileManager].[...CARTTFilesFromDir]        at System.IO.FileSystemEnumerableIterator`1..ctor(String path, String originalUserPath, String searchPattern, SearchOption searchOption, SearchResultHandler`1 resultHandler, Boolean checkHost)
2016-03-08 17:42:23.923  EXCEPT --- [  ICARTT_FileManager].[...CARTTFilesFromDir]        at System.IO.Directory.GetFiles(String path, String searchPattern, SearchOption searchOption)
2016-03-08 17:42:23.923  EXCEPT --- [  ICARTT_FileManager].[...CARTTFilesFromDir]        at ICARTT_Merge_Configuration.Utilities.ICARTT_FileManager.GetICARTTFilesFromDir(String dir) in C:\Users\atschaff\Documents\Visual Studio 2015\Projects\ICARTT Merge Configuration\ICARTT Merge Configuration\Utilities\ICARTT_FileManager.cs:line 99
2016-03-08 17:42:23.923 MESSAGE --- [  ICARTT_FileManager].[...CARTTFilesFromDir] Searched for ICARTT files
2016-03-08 17:42:23.923 MESSAGE --- [  ICARTT_FileManager].[...CARTTFilesFromDir]     Directory: 
2016-03-08 17:42:23.923 MESSAGE --- [  ICARTT_FileManager].[...CARTTFilesFromDir]     Number of ICARTT Files Found: 0
2016-03-08 17:42:24.111   DEBUG --- [...figurationBuilder].[...entProcessControl] Changing Process View
2016-03-08 17:42:24.111   DEBUG --- [...figurationBuilder].[...entProcessControl]     From: File Name Filters
2016-03-08 17:42:24.111   DEBUG --- [...figurationBuilder].[...entProcessControl]     To:   File Select
2016-03-08 17:42:24.295   DEBUG --- [...figurationBuilder].[...entProcessControl] Changing Process View
2016-03-08 17:42:24.295   DEBUG --- [...figurationBuilder].[...entProcessControl]     From: File Select
2016-03-08 17:42:24.295   DEBUG --- [...figurationBuilder].[...entProcessControl]     To:   View Variables
2016-03-08 17:42:24.863   DEBUG --- [...figurationBuilder].[...entProcessControl] Changing Process View
2016-03-08 17:42:24.863   DEBUG --- [...figurationBuilder].[...entProcessControl]     From: View Variables
2016-03-08 17:42:24.863   DEBUG --- [...figurationBuilder].[...entProcessControl]     To:   File Select
2016-03-08 17:42:24.896   DEBUG --- [...figurationBuilder].[...entProcessControl] Changing Process View
2016-03-08 17:42:24.896   DEBUG --- [...figurationBuilder].[...entProcessControl]     From: File Select
2016-03-08 17:42:24.896   DEBUG --- [...figurationBuilder].[...entProcessControl]     To:   View Variables
2016-03-08 17:42:25.055   DEBUG --- [...figurationBuilder].[...entProcessControl] Changing Process View
2016-03-08 17:42:25.055   DEBUG --- [...figurationBuilder].[...entProcessControl]     From: View Variables
2016-03-08 17:42:25.055   DEBUG --- [...figurationBuilder].[...entProcessControl]     To:   File Select
2016-03-08 17:42:25.239   DEBUG --- [...figurationBuilder].[...entProcessControl] Changing Process View
2016-03-08 17:42:25.239   DEBUG --- [...figurationBuilder].[...entProcessControl]     From: File Select
2016-03-08 17:42:25.239   DEBUG --- [...figurationBuilder].[...entProcessControl]     To:   File Name Filters
2016-03-08 17:42:25.423   DEBUG --- [...figurationBuilder].[...entProcessControl] Changing Process View
2016-03-08 17:42:25.423   DEBUG --- [...figurationBuilder].[...entProcessControl]     From: File Name Filters
2016-03-08 17:42:25.423   DEBUG --- [...figurationBuilder].[...entProcessControl]     To:   Directory Select
2016-03-08 17:42:25.823   DEBUG --- [...figurationBuilder].[...entProcessControl] Changing Process View
2016-03-08 17:42:25.823   DEBUG --- [...figurationBuilder].[...entProcessControl]     From: Directory Select
2016-03-08 17:42:25.823   DEBUG --- [...figurationBuilder].[...entProcessControl]     To:   File Name Filters
2016-03-08 17:42:25.835  EXCEPT --- [  ICARTT_FileManager].[...CARTTFilesFromDir] System.ArgumentException: The path is not of a legal form.
2016-03-08 17:42:25.835  EXCEPT --- [  ICARTT_FileManager].[...CARTTFilesFromDir]        at System.IO.Path.NormalizePath(String path, Boolean fullCheck, Int32 maxPathLength, Boolean expandShortPaths)
2016-03-08 17:42:25.835  EXCEPT --- [  ICARTT_FileManager].[...CARTTFilesFromDir]        at System.IO.Path.GetFullPathInternal(String path)
2016-03-08 17:42:25.835  EXCEPT --- [  ICARTT_FileManager].[...CARTTFilesFromDir]        at System.IO.FileSystemEnumerableIterator`1..ctor(String path, String originalUserPath, String searchPattern, SearchOption searchOption, SearchResultHandler`1 resultHandler, Boolean checkHost)
2016-03-08 17:42:25.835  EXCEPT --- [  ICARTT_FileManager].[...CARTTFilesFromDir]        at System.IO.Directory.GetFiles(String path, String searchPattern, SearchOption searchOption)
2016-03-08 17:42:25.835  EXCEPT --- [  ICARTT_FileManager].[...CARTTFilesFromDir]        at ICARTT_Merge_Configuration.Utilities.ICARTT_FileManager.GetICARTTFilesFromDir(String dir) in C:\Users\atschaff\Documents\Visual Studio 2015\Projects\ICARTT Merge Configuration\ICARTT Merge Configuration\Utilities\ICARTT_FileManager.cs:line 99
2016-03-08 17:42:25.835 MESSAGE --- [  ICARTT_FileManager].[...CARTTFilesFromDir] Searched for ICARTT files
2016-03-08 17:42:25.835 MESSAGE --- [  ICARTT_FileManager].[...CARTTFilesFromDir]     Directory: 
2016-03-08 17:42:25.835 MESSAGE --- [  ICARTT_FileManager].[...CARTTFilesFromDir]     Number of ICARTT Files Found: 0
2016-03-08 17:42:25.999   DEBUG --- [...figurationBuilder].[...entProcessControl] Changing Process View
2016-03-08 17:42:25.999   DEBUG --- [...figurationBuilder].[...entProcessControl]     From: File Name Filters
2016-03-08 17:42:25.999   DEBUG --- [...figurationBuilder].[...entProcessControl]     To:   File Select
2016-03-08 17:42:26.183   DEBUG --- [...figurationBuilder].[...entProcessControl] Changing Process View
2016-03-08 17:42:26.183   DEBUG --- [...figurationBuilder].[...entProcessControl]     From: File Select
2016-03-08 17:42:26.183   DEBUG --- [...figurationBuilder].[...entProcessControl]     To:   View Variables
2016-03-08 17:42:26.607   DEBUG --- [...figurationBuilder].[...entProcessControl] Changing Process View
2016-03-08 17:42:26.607   DEBUG --- [...figurationBuilder].[...entProcessControl]     From: View Variables
2016-03-08 17:42:26.607   DEBUG --- [...figurationBuilder].[...entProcessControl]     To:   File Select
2016-03-08 17:42:26.799   DEBUG --- [...figurationBuilder].[...entProcessControl] Changing Process View
2016-03-08 17:42:26.799   DEBUG --- [...figurationBuilder].[...entProcessControl]     From: File Select
2016-03-08 17:42:26.799   DEBUG --- [...figurationBuilder].[...entProcessControl]     To:   File Name Filters
2016-03-08 17:42:27.335   DEBUG --- [...figurationBuilder].[...entProcessControl] Changing Process View
2016-03-08 17:42:27.335   DEBUG --- [...figurationBuilder].[...entProcessControl]     From: File Name Filters
2016-03-08 17:42:27.335   DEBUG --- [...figurationBuilder].[...entProcessControl]     To:   Directory Select
2016-03-08 17:42:28.015   DEBUG --- [...figurationBuilder].[...entProcessControl] Changing Process View
2016-03-08 17:42:28.015   DEBUG --- [...figurationBuilder].[...entProcessControl]     From: Directory Select
2016-03-08 17:42:28.015   DEBUG --- [...figurationBuilder].[...entProcessControl]     To:   File Name Filters
2016-03-08 17:42:28.026  EXCEPT --- [  ICARTT_FileManager].[...CARTTFilesFromDir] System.ArgumentException: The path is not of a legal form.
2016-03-08 17:42:28.026  EXCEPT --- [  ICARTT_FileManager].[...CARTTFilesFromDir]        at System.IO.Path.NormalizePath(String path, Boolean fullCheck, Int32 maxPathLength, Boolean expandShortPaths)
2016-03-08 17:42:28.026  EXCEPT --- [  ICARTT_FileManager].[...CARTTFilesFromDir]        at System.IO.Path.GetFullPathInternal(String path)
2016-03-08 17:42:28.026  EXCEPT --- [  ICARTT_FileManager].[...CARTTFilesFromDir]        at System.IO.FileSystemEnumerableIterator`1..ctor(String path, String originalUserPath, String searchPattern, SearchOption searchOption, SearchResultHandler`1 resultHandler, Boolean checkHost)
2016-03-08 17:42:28.026  EXCEPT --- [  ICARTT_FileManager].[...CARTTFilesFromDir]        at System.IO.Directory.GetFiles(String path, String searchPattern, SearchOption searchOption)
2016-03-08 17:42:28.026  EXCEPT --- [  ICARTT_FileManager].[...CARTTFilesFromDir]        at ICARTT_Merge_Configuration.Utilities.ICARTT_FileManager.GetICARTTFilesFromDir(String dir) in C:\Users\atschaff\Documents\Visual Studio 2015\Projects\ICARTT Merge Configuration\ICARTT Merge Configuration\Utilities\ICARTT_FileManager.cs:line 99
2016-03-08 17:42:28.026 MESSAGE --- [  ICARTT_FileManager].[...CARTTFilesFromDir] Searched for ICARTT files
2016-03-08 17:42:28.026 MESSAGE --- [  ICARTT_FileManager].[...CARTTFilesFromDir]     Directory: 
2016-03-08 17:42:28.026 MESSAGE --- [  ICARTT_FileManager].[...CARTTFilesFromDir]     Number of ICARTT Files Found: 0
2016-03-08 17:42:28.514   DEBUG --- [...figurationBuilder].[...entProcessControl] Changing Process View
2016-03-08 17:42:28.514   DEBUG --- [...figurationBuilder].[...entProcessControl]     From: File Name Filters
2016-03-08 17:42:28.514   DEBUG --- [...figurationBuilder].[...entProcessControl]     To:   File Select
2016-03-08 17:42:28.547   DEBUG --- [...figurationBuilder].[...entProcessControl] Changing Process View
2016-03-08 17:42:28.547   DEBUG --- [...figurationBuilder].[...entProcessControl]     From: File Select
2016-03-08 17:42:28.547   DEBUG --- [...figurationBuilder].[...entProcessControl]     To:   View Variables
2016-03-08 17:42:28.783   DEBUG --- [...figurationBuilder].[...entProcessControl] Changing Process View
2016-03-08 17:42:28.783   DEBUG --- [...figurationBuilder].[...entProcessControl]     From: View Variables
2016-03-08 17:42:28.783   DEBUG --- [...figurationBuilder].[...entProcessControl]     To:   File Select
2016-03-08 17:42:29.290   DEBUG --- [...figurationBuilder].[...entProcessControl] Changing Process View
2016-03-08 17:42:29.290   DEBUG --- [...figurationBuilder].[...entProcessControl]     From: File Select
2016-03-08 17:42:29.290   DEBUG --- [...figurationBuilder].[...entProcessControl]     To:   File Name Filters
2016-03-08 17:42:29.323   DEBUG --- [...figurationBuilder].[...entProcessControl] Changing Process View
2016-03-08 17:42:29.323   DEBUG --- [...figurationBuilder].[...entProcessControl]     From: File Name Filters
2016-03-08 17:42:29.323   DEBUG --- [...figurationBuilder].[...entProcessControl]     To:   Directory Select
2016-03-08 17:42:29.559   DEBUG --- [...figurationBuilder].[...entProcessControl] Changing Process View
2016-03-08 17:42:29.559   DEBUG --- [...figurationBuilder].[...entProcessControl]     From: Directory Select
2016-03-08 17:42:29.559   DEBUG --- [...figurationBuilder].[...entProcessControl]     To:   File Name Filters
2016-03-08 17:42:29.574  EXCEPT --- [  ICARTT_FileManager].[...CARTTFilesFromDir] System.ArgumentException: The path is not of a legal form.
2016-03-08 17:42:29.574  EXCEPT --- [  ICARTT_FileManager].[...CARTTFilesFromDir]        at System.IO.Path.NormalizePath(String path, Boolean fullCheck, Int32 maxPathLength, Boolean expandShortPaths)
2016-03-08 17:42:29.574  EXCEPT --- [  ICARTT_FileManager].[...CARTTFilesFromDir]        at System.IO.Path.GetFullPathInternal(String path)
2016-03-08 17:42:29.574  EXCEPT --- [  ICARTT_FileManager].[...CARTTFilesFromDir]        at System.IO.FileSystemEnumerableIterator`1..ctor(String path, String originalUserPath, String searchPattern, SearchOption searchOption, SearchResultHandler`1 resultHandler, Boolean checkHost)
2016-03-08 17:42:29.574  EXCEPT --- [  ICARTT_FileManager].[...CARTTFilesFromDir]        at System.IO.Directory.GetFiles(String path, String searchPattern, SearchOption searchOption)
2016-03-08 17:42:29.574  EXCEPT --- [  ICARTT_FileManager].[...CARTTFilesFromDir]        at ICARTT_Merge_Configuration.Utilities.ICARTT_FileManager.GetICARTTFilesFromDir(String dir) in C:\Users\atschaff\Documents\Visual Studio 2015\Projects\ICARTT Merge Configuration\ICARTT Merge Configuration\Utilities\ICARTT_FileManager.cs:line 99
2016-03-08 17:42:29.575 MESSAGE --- [  ICARTT_FileManager].[...CARTTFilesFromDir] Searched for ICARTT files
2016-03-08 17:42:29.575 MESSAGE --- [  ICARTT_FileManager].[...CARTTFilesFromDir]     Directory: 
2016-03-08 17:42:29.575 MESSAGE --- [  ICARTT_FileManager].[...CARTTFilesFromDir]     Number of ICARTT Files Found: 0
2016-03-08 17:42:30.058   DEBUG --- [...figurationBuilder].[...entProcessControl] Changing Process View
2016-03-08 17:42:30.058   DEBUG --- [...figurationBuilder].[...entProcessControl]     From: File Name Filters
2016-03-08 17:42:30.058   DEBUG --- [...figurationBuilder].[...entProcessControl]     To:   File Select
2016-03-08 17:42:30.091   DEBUG --- [...figurationBuilder].[...entProcessControl] Changing Process View
2016-03-08 17:42:30.091   DEBUG --- [...figurationBuilder].[...entProcessControl]     From: File Select
2016-03-08 17:42:30.091   DEBUG --- [...figurationBuilder].[...entProcessControl]     To:   View Variables
2016-03-08 17:42:30.343   DEBUG --- [...figurationBuilder].[...entProcessControl] Changing Process View
2016-03-08 17:42:30.343   DEBUG --- [...figurationBuilder].[...entProcessControl]     From: View Variables
2016-03-08 17:42:30.343   DEBUG --- [...figurationBuilder].[...entProcessControl]     To:   File Select
2016-03-08 17:42:30.898   DEBUG --- [...figurationBuilder].[...entProcessControl] Changing Process View
2016-03-08 17:42:30.898   DEBUG --- [...figurationBuilder].[...entProcessControl]     From: File Select
2016-03-08 17:42:30.898   DEBUG --- [...figurationBuilder].[...entProcessControl]     To:   File Name Filters
2016-03-08 17:42:30.931   DEBUG --- [...figurationBuilder].[...entProcessControl] Changing Process View
2016-03-08 17:42:30.931   DEBUG --- [...figurationBuilder].[...entProcessControl]     From: File Name Filters
2016-03-08 17:42:30.931   DEBUG --- [...figurationBuilder].[...entProcessControl]     To:   Directory Select
2016-03-08 17:42:31.095   DEBUG --- [...figurationBuilder].[...entProcessControl] Changing Process View
2016-03-08 17:42:31.095   DEBUG --- [...figurationBuilder].[...entProcessControl]     From: Directory Select
2016-03-08 17:42:31.095   DEBUG --- [...figurationBuilder].[...entProcessControl]     To:   File Name Filters
2016-03-08 17:42:31.109  EXCEPT --- [  ICARTT_FileManager].[...CARTTFilesFromDir] System.ArgumentException: The path is not of a legal form.
2016-03-08 17:42:31.109  EXCEPT --- [  ICARTT_FileManager].[...CARTTFilesFromDir]        at System.IO.Path.NormalizePath(String path, Boolean fullCheck, Int32 maxPathLength, Boolean expandShortPaths)
2016-03-08 17:42:31.109  EXCEPT --- [  ICARTT_FileManager].[...CARTTFilesFromDir]        at System.IO.Path.GetFullPathInternal(String path)
2016-03-08 17:42:31.109  EXCEPT --- [  ICARTT_FileManager].[...CARTTFilesFromDir]        at System.IO.FileSystemEnumerableIterator`1..ctor(String path, String originalUserPath, String searchPattern, SearchOption searchOption, SearchResultHandler`1 resultHandler, Boolean checkHost)
2016-03-08 17:42:31.109  EXCEPT --- [  ICARTT_FileManager].[...CARTTFilesFromDir]        at System.IO.Directory.GetFiles(String path, String searchPattern, SearchOption searchOption)
2016-03-08 17:42:31.109  EXCEPT --- [  ICARTT_FileManager].[...CARTTFilesFromDir]        at ICARTT_Merge_Configuration.Utilities.ICARTT_FileManager.GetICARTTFilesFromDir(String dir) in C:\Users\atschaff\Documents\Visual Studio 2015\Projects\ICARTT Merge Configuration\ICARTT Merge Configuration\Utilities\ICARTT_FileManager.cs:line 99
2016-03-08 17:42:31.109 MESSAGE --- [  ICARTT_FileManager].[...CARTTFilesFromDir] Searched for ICARTT files
2016-03-08 17:42:31.109 MESSAGE --- [  ICARTT_FileManager].[...CARTTFilesFromDir]     Directory: 
2016-03-08 17:42:31.109 MESSAGE --- [  ICARTT_FileManager].[...CARTTFilesFromDir]     Number of ICARTT Files Found: 0
2016-03-08 17:42:31.602   DEBUG --- [...figurationBuilder].[...entProcessControl] Changing Process View
2016-03-08 17:42:31.602   DEBUG --- [...figurationBuilder].[...entProcessControl]     From: File Name Filters
2016-03-08 17:42:31.602   DEBUG --- [...figurationBuilder].[...entProcessControl]     To:   File Select
2016-03-08 17:42:31.635   DEBUG --- [...figurationBuilder].[...entProcessControl] Changing Process View
2016-03-08 17:42:31.635   DEBUG --- [...figurationBuilder].[...entProcessControl]     From: File Select
2016-03-08 17:42:31.635   DEBUG --- [...figurationBuilder].[...entProcessControl]     To:   View Variables
2016-03-08 17:42:32.654 MESSAGE --- [             Program].[                Main] Main thread terminating.
2016-03-08 17:42:32.655 MESSAGE --- [              Logger].[               Close] Close requested. Remaining 0 messages will be written to file.
