2016-03-22 17:24:06.042 MESSAGE --- [              Logger].[               Setup] Ready to accept and digest messages.
2016-03-22 17:24:06.307   DEBUG --- [...figurationBuilder].[...entProcessControl] Changing Process View
2016-03-22 17:24:06.307   DEBUG --- [...figurationBuilder].[...entProcessControl]     From: DEFAULT NAME
2016-03-22 17:24:06.307   DEBUG --- [...figurationBuilder].[...entProcessControl]     To:   Directory Select
2016-03-22 17:24:07.196   DEBUG --- [...figurationBuilder].[...entProcessControl] Changing Process View
2016-03-22 17:24:07.196   DEBUG --- [...figurationBuilder].[...entProcessControl]     From: Directory Select
2016-03-22 17:24:07.196   DEBUG --- [...figurationBuilder].[...entProcessControl]     To:   File Name Filters
2016-03-22 17:24:07.274  EXCEPT --- [  ICARTT_FileManager].[...CARTTFilesFromDir] System.ArgumentException: The path is not of a legal form.
2016-03-22 17:24:07.274  EXCEPT --- [  ICARTT_FileManager].[...CARTTFilesFromDir]        at System.IO.Path.NormalizePath(String path, Boolean fullCheck, Int32 maxPathLength, Boolean expandShortPaths)
2016-03-22 17:24:07.274  EXCEPT --- [  ICARTT_FileManager].[...CARTTFilesFromDir]        at System.IO.Path.GetFullPathInternal(String path)
2016-03-22 17:24:07.274  EXCEPT --- [  ICARTT_FileManager].[...CARTTFilesFromDir]        at System.IO.FileSystemEnumerableIterator`1..ctor(String path, String originalUserPath, String searchPattern, SearchOption searchOption, SearchResultHandler`1 resultHandler, Boolean checkHost)
2016-03-22 17:24:07.274  EXCEPT --- [  ICARTT_FileManager].[...CARTTFilesFromDir]        at System.IO.Directory.GetFiles(String path, String searchPattern, SearchOption searchOption)
2016-03-22 17:24:07.274  EXCEPT --- [  ICARTT_FileManager].[...CARTTFilesFromDir]        at ICARTT_Merge_Configuration.Utilities.ICARTT_FileManager.GetICARTTFilesFromDir(String dir) in C:\Users\atschaff\Documents\Visual Studio 2015\Projects\ICARTT Merge Configuration\ICARTT Merge Configuration\Utilities\ICARTT_FileManager.cs:line 106
2016-03-22 17:24:07.274 MESSAGE --- [  ICARTT_FileManager].[...CARTTFilesFromDir] Searched for ICARTT files
2016-03-22 17:24:07.274 MESSAGE --- [  ICARTT_FileManager].[...CARTTFilesFromDir]     Directory: 
2016-03-22 17:24:07.274 MESSAGE --- [  ICARTT_FileManager].[...CARTTFilesFromDir]     Number of ICARTT Files Found: 0
2016-03-22 17:24:08.210   DEBUG --- [...figurationBuilder].[...entProcessControl] Changing Process View
2016-03-22 17:24:08.210   DEBUG --- [...figurationBuilder].[...entProcessControl]     From: File Name Filters
2016-03-22 17:24:08.210   DEBUG --- [...figurationBuilder].[...entProcessControl]     To:   File Select
2016-03-22 17:24:08.679   DEBUG --- [...figurationBuilder].[...entProcessControl] Changing Process View
2016-03-22 17:24:08.679   DEBUG --- [...figurationBuilder].[...entProcessControl]     From: File Select
2016-03-22 17:24:08.679   DEBUG --- [...figurationBuilder].[...entProcessControl]     To:   Time Variables
2016-03-22 17:24:09.070   DEBUG --- [...figurationBuilder].[...entProcessControl] Changing Process View
2016-03-22 17:24:09.070   DEBUG --- [...figurationBuilder].[...entProcessControl]     From: Time Variables
2016-03-22 17:24:09.070   DEBUG --- [...figurationBuilder].[...entProcessControl]     To:   View Variables
2016-03-22 17:24:09.507   DEBUG --- [...figurationBuilder].[...entProcessControl] Changing Process View
2016-03-22 17:24:09.507   DEBUG --- [...figurationBuilder].[...entProcessControl]     From: View Variables
2016-03-22 17:24:09.507   DEBUG --- [...figurationBuilder].[...entProcessControl]     To:   File Name Filters
2016-03-22 17:24:09.850   DEBUG --- [...figurationBuilder].[...entProcessControl] Changing Process View
2016-03-22 17:24:09.850   DEBUG --- [...figurationBuilder].[...entProcessControl]     From: File Name Filters
2016-03-22 17:24:09.850   DEBUG --- [...figurationBuilder].[...entProcessControl]     To:   Directory Select
2016-03-22 17:24:11.334 MESSAGE --- [             Program].[                Main] Main thread terminating.
2016-03-22 17:24:11.350 MESSAGE --- [              Logger].[               Close] Close requested. Remaining 0 messages will be written to file.
2016-03-22 17:24:39.095 MESSAGE --- [              Logger].[               Setup] Ready to accept and digest messages.
2016-03-22 17:24:39.283   DEBUG --- [...figurationBuilder].[...entProcessControl] Changing Process View
2016-03-22 17:24:39.283   DEBUG --- [...figurationBuilder].[...entProcessControl]     From: DEFAULT NAME
2016-03-22 17:24:39.283   DEBUG --- [...figurationBuilder].[...entProcessControl]     To:   Directory Select
2016-03-22 17:24:40.141   DEBUG --- [...figurationBuilder].[...entProcessControl] Changing Process View
2016-03-22 17:24:40.141   DEBUG --- [...figurationBuilder].[...entProcessControl]     From: Directory Select
2016-03-22 17:24:40.141   DEBUG --- [...figurationBuilder].[...entProcessControl]     To:   Time Variables
2016-03-22 17:24:40.219  EXCEPT --- [  ICARTT_FileManager].[...CARTTFilesFromDir] System.ArgumentException: The path is not of a legal form.
2016-03-22 17:24:40.219  EXCEPT --- [  ICARTT_FileManager].[...CARTTFilesFromDir]        at System.IO.Path.NormalizePath(String path, Boolean fullCheck, Int32 maxPathLength, Boolean expandShortPaths)
2016-03-22 17:24:40.219  EXCEPT --- [  ICARTT_FileManager].[...CARTTFilesFromDir]        at System.IO.Path.GetFullPathInternal(String path)
2016-03-22 17:24:40.219  EXCEPT --- [  ICARTT_FileManager].[...CARTTFilesFromDir]        at System.IO.FileSystemEnumerableIterator`1..ctor(String path, String originalUserPath, String searchPattern, SearchOption searchOption, SearchResultHandler`1 resultHandler, Boolean checkHost)
2016-03-22 17:24:40.219  EXCEPT --- [  ICARTT_FileManager].[...CARTTFilesFromDir]        at System.IO.Directory.GetFiles(String path, String searchPattern, SearchOption searchOption)
2016-03-22 17:24:40.219  EXCEPT --- [  ICARTT_FileManager].[...CARTTFilesFromDir]        at ICARTT_Merge_Configuration.Utilities.ICARTT_FileManager.GetICARTTFilesFromDir(String dir) in C:\Users\atschaff\Documents\Visual Studio 2015\Projects\ICARTT Merge Configuration\ICARTT Merge Configuration\Utilities\ICARTT_FileManager.cs:line 106
2016-03-22 17:24:40.219 MESSAGE --- [  ICARTT_FileManager].[...CARTTFilesFromDir] Searched for ICARTT files
2016-03-22 17:24:40.219 MESSAGE --- [  ICARTT_FileManager].[...CARTTFilesFromDir]     Directory: 
2016-03-22 17:24:40.219 MESSAGE --- [  ICARTT_FileManager].[...CARTTFilesFromDir]     Number of ICARTT Files Found: 0
2016-03-22 17:24:41.359   DEBUG --- [...figurationBuilder].[...entProcessControl] Changing Process View
2016-03-22 17:24:41.359   DEBUG --- [...figurationBuilder].[...entProcessControl]     From: Time Variables
2016-03-22 17:24:41.359   DEBUG --- [...figurationBuilder].[...entProcessControl]     To:   File Select
2016-03-22 17:24:41.766   DEBUG --- [...figurationBuilder].[...entProcessControl] Changing Process View
2016-03-22 17:24:41.766   DEBUG --- [...figurationBuilder].[...entProcessControl]     From: File Select
2016-03-22 17:24:41.766   DEBUG --- [...figurationBuilder].[...entProcessControl]     To:   Time Variables
2016-03-22 17:24:42.390   DEBUG --- [...figurationBuilder].[...entProcessControl] Changing Process View
2016-03-22 17:24:42.390   DEBUG --- [...figurationBuilder].[...entProcessControl]     From: Time Variables
2016-03-22 17:24:42.390   DEBUG --- [...figurationBuilder].[...entProcessControl]     To:   Directory Select
2016-03-22 17:24:48.027 MESSAGE --- [...l_DirectorySelect].[...TTDirectory_Click] User selected directory: C:\Users\atschaff\ICARTT Data\TEXAS_2013\P3B_AIRCRAFT
2016-03-22 17:24:48.637   DEBUG --- [...figurationBuilder].[...entProcessControl] Changing Process View
2016-03-22 17:24:48.637   DEBUG --- [...figurationBuilder].[...entProcessControl]     From: Directory Select
2016-03-22 17:24:48.637   DEBUG --- [...figurationBuilder].[...entProcessControl]     To:   File Name Filters
2016-03-22 17:24:48.668 MESSAGE --- [  ICARTT_FileManager].[...CARTTFilesFromDir] Searched for ICARTT files
2016-03-22 17:24:48.668 MESSAGE --- [  ICARTT_FileManager].[...CARTTFilesFromDir]     Directory: C:\Users\atschaff\ICARTT Data\TEXAS_2013\P3B_AIRCRAFT
2016-03-22 17:24:48.668 MESSAGE --- [  ICARTT_FileManager].[...CARTTFilesFromDir]     Number of ICARTT Files Found: 188
2016-03-22 17:24:49.308   DEBUG --- [...figurationBuilder].[...entProcessControl] Changing Process View
2016-03-22 17:24:49.308   DEBUG --- [...figurationBuilder].[...entProcessControl]     From: File Name Filters
2016-03-22 17:24:49.308   DEBUG --- [...figurationBuilder].[...entProcessControl]     To:   File Select
2016-03-22 17:24:50.856   DEBUG --- [...figurationBuilder].[...entProcessControl] Changing Process View
2016-03-22 17:24:50.856   DEBUG --- [...figurationBuilder].[...entProcessControl]     From: File Select
2016-03-22 17:24:50.856   DEBUG --- [...figurationBuilder].[...entProcessControl]     To:   File Name Filters
2016-03-22 17:24:53.649   DEBUG --- [...figurationBuilder].[...entProcessControl] Changing Process View
2016-03-22 17:24:53.649   DEBUG --- [...figurationBuilder].[...entProcessControl]     From: File Name Filters
2016-03-22 17:24:53.649   DEBUG --- [...figurationBuilder].[...entProcessControl]     To:   File Select
2016-03-22 17:24:54.335   DEBUG --- [...figurationBuilder].[...entProcessControl] Changing Process View
2016-03-22 17:24:54.335   DEBUG --- [...figurationBuilder].[...entProcessControl]     From: File Select
2016-03-22 17:24:54.335   DEBUG --- [...figurationBuilder].[...entProcessControl]     To:   Time Variables
2016-03-22 17:25:14.353 MESSAGE --- [             Program].[                Main] Main thread terminating.
2016-03-22 17:25:14.353 MESSAGE --- [              Logger].[               Close] Close requested. Remaining 0 messages will be written to file.
2016-03-22 17:27:30.129 MESSAGE --- [              Logger].[               Setup] Ready to accept and digest messages.
2016-03-22 17:27:30.347   DEBUG --- [...figurationBuilder].[...entProcessControl] Changing Process View
2016-03-22 17:27:30.347   DEBUG --- [...figurationBuilder].[...entProcessControl]     From: DEFAULT NAME
2016-03-22 17:27:30.347   DEBUG --- [...figurationBuilder].[...entProcessControl]     To:   Directory Select
2016-03-22 17:27:43.448 MESSAGE --- [...l_DirectorySelect].[...TTDirectory_Click] User selected directory: C:\Users\atschaff\ICARTT Data\TEXAS_2013\P3B_AIRCRAFT
2016-03-22 17:27:56.399 MESSAGE --- [...l_DirectorySelect].[...TTDirectory_Click] User selected directory: C:\Users\atschaff\ICARTT Data\TEXAS_2013\P3B_AIRCRAFT
2016-03-22 17:27:57.444   DEBUG --- [...figurationBuilder].[...entProcessControl] Changing Process View
2016-03-22 17:27:57.444   DEBUG --- [...figurationBuilder].[...entProcessControl]     From: Directory Select
2016-03-22 17:27:57.444   DEBUG --- [...figurationBuilder].[...entProcessControl]     To:   File Name Filters
2016-03-22 17:27:57.444 MESSAGE --- [  ICARTT_FileManager].[...CARTTFilesFromDir] Searched for ICARTT files
2016-03-22 17:27:57.444 MESSAGE --- [  ICARTT_FileManager].[...CARTTFilesFromDir]     Directory: C:\Users\atschaff\ICARTT Data\TEXAS_2013\P3B_AIRCRAFT
2016-03-22 17:27:57.444 MESSAGE --- [  ICARTT_FileManager].[...CARTTFilesFromDir]     Number of ICARTT Files Found: 188
2016-03-22 17:27:58.178   DEBUG --- [...figurationBuilder].[...entProcessControl] Changing Process View
2016-03-22 17:27:58.178   DEBUG --- [...figurationBuilder].[...entProcessControl]     From: File Name Filters
2016-03-22 17:27:58.178   DEBUG --- [...figurationBuilder].[...entProcessControl]     To:   File Select
2016-03-22 17:27:58.739   DEBUG --- [...figurationBuilder].[...entProcessControl] Changing Process View
2016-03-22 17:27:58.739   DEBUG --- [...figurationBuilder].[...entProcessControl]     From: File Select
2016-03-22 17:27:58.739   DEBUG --- [...figurationBuilder].[...entProcessControl]     To:   Time Variables
2016-03-22 17:28:15.478 MESSAGE --- [             Program].[                Main] Main thread terminating.
2016-03-22 17:28:15.478 MESSAGE --- [              Logger].[               Close] Close requested. Remaining 0 messages will be written to file.
