2016-02-16 17:57:57.692 MESSAGE --- [              Logger].[               Setup] Ready to accept and digest messages.
2016-02-16 17:57:57.704    TEST --- [             Program].[                Main] Comparison from dataID_LocationID_20160216_RA.ict to dataID_LocationID_20160216_RA.ict
2016-02-16 17:57:57.704    TEST --- [             Program].[                Main]     Equal? True
2016-02-16 17:57:57.704    TEST --- [             Program].[                Main]     Newer? False
2016-02-16 17:57:57.704    TEST --- [             Program].[                Main] Comparison from dataID_LocationID_20160216_RA.ict to dataID_LocationID_20160216_RA.ict
2016-02-16 17:57:57.704    TEST --- [             Program].[                Main]     Equal? True
2016-02-16 17:57:57.704    TEST --- [             Program].[                Main]     Newer? False
2016-02-16 17:57:57.704    TEST --- [             Program].[                Main] Comparison from dataID_LocationID_20160216_RA.ict to dataID_LocationID_20160216_R1.ict
2016-02-16 17:57:57.704    TEST --- [             Program].[                Main]     Equal? False
2016-02-16 17:57:57.704    TEST --- [             Program].[                Main]     Newer? False
2016-02-16 17:57:57.704    TEST --- [             Program].[                Main] Comparison from dataID_LocationID_20160216_RA.ict to dataID_LocationID_20160216_R2.ict
2016-02-16 17:57:57.704    TEST --- [             Program].[                Main]     Equal? False
2016-02-16 17:57:57.704    TEST --- [             Program].[                Main]     Newer? False
2016-02-16 17:57:57.704    TEST --- [             Program].[                Main] Comparison from dataID_LocationID_20160216_RA.ict to dataID_LocationID_20160216_R3.ict
2016-02-16 17:57:57.704    TEST --- [             Program].[                Main]     Equal? False
2016-02-16 17:57:57.704    TEST --- [             Program].[                Main]     Newer? False
2016-02-16 17:57:57.705    TEST --- [             Program].[                Main] Comparison from dataID_LocationID_20160216_RA.ict to dataID_LocationID_20160316_RA.ict
2016-02-16 17:57:57.705    TEST --- [             Program].[                Main]     Equal? False
2016-02-16 17:57:57.705    TEST --- [             Program].[                Main]     Newer? False
2016-02-16 17:57:57.705    TEST --- [             Program].[                Main] Comparison from dataID_LocationID_20160216_RA.ict to dataID_LocationID_20160316_R2.ict
2016-02-16 17:57:57.705    TEST --- [             Program].[                Main]     Equal? False
2016-02-16 17:57:57.705    TEST --- [             Program].[                Main]     Newer? False
2016-02-16 17:57:57.705    TEST --- [             Program].[                Main] Comparison from dataID_LocationID_20160216_RA.ict to dataID_LocationID_20160216_RA.ict
2016-02-16 17:57:57.705    TEST --- [             Program].[                Main]     Equal? True
2016-02-16 17:57:57.705    TEST --- [             Program].[                Main]     Newer? False
2016-02-16 17:57:57.705    TEST --- [             Program].[                Main] Comparison from dataID_LocationID_20160216_RA.ict to dataID_LocationID_20160216_RA.ict
2016-02-16 17:57:57.705    TEST --- [             Program].[                Main]     Equal? True
2016-02-16 17:57:57.705    TEST --- [             Program].[                Main]     Newer? False
2016-02-16 17:57:57.705    TEST --- [             Program].[                Main] Comparison from dataID_LocationID_20160216_RA.ict to dataID_LocationID_20160216_R1.ict
2016-02-16 17:57:57.705    TEST --- [             Program].[                Main]     Equal? False
2016-02-16 17:57:57.705    TEST --- [             Program].[                Main]     Newer? False
2016-02-16 17:57:57.705    TEST --- [             Program].[                Main] Comparison from dataID_LocationID_20160216_RA.ict to dataID_LocationID_20160216_R2.ict
2016-02-16 17:57:57.705    TEST --- [             Program].[                Main]     Equal? False
2016-02-16 17:57:57.705    TEST --- [             Program].[                Main]     Newer? False
2016-02-16 17:57:57.705    TEST --- [             Program].[                Main] Comparison from dataID_LocationID_20160216_RA.ict to dataID_LocationID_20160216_R3.ict
2016-02-16 17:57:57.705    TEST --- [             Program].[                Main]     Equal? False
2016-02-16 17:57:57.705    TEST --- [             Program].[                Main]     Newer? False
2016-02-16 17:57:57.705    TEST --- [             Program].[                Main] Comparison from dataID_LocationID_20160216_RA.ict to dataID_LocationID_20160316_RA.ict
2016-02-16 17:57:57.705    TEST --- [             Program].[                Main]     Equal? False
2016-02-16 17:57:57.705    TEST --- [             Program].[                Main]     Newer? False
2016-02-16 17:57:57.705    TEST --- [             Program].[                Main] Comparison from dataID_LocationID_20160216_RA.ict to dataID_LocationID_20160316_R2.ict
2016-02-16 17:57:57.705    TEST --- [             Program].[                Main]     Equal? False
2016-02-16 17:57:57.705    TEST --- [             Program].[                Main]     Newer? False
2016-02-16 17:57:57.705    TEST --- [             Program].[                Main] Comparison from dataID_LocationID_20160216_R1.ict to dataID_LocationID_20160216_RA.ict
2016-02-16 17:57:57.705    TEST --- [             Program].[                Main]     Equal? False
2016-02-16 17:57:57.705    TEST --- [             Program].[                Main]     Newer? True
2016-02-16 17:57:57.705    TEST --- [             Program].[                Main] Comparison from dataID_LocationID_20160216_R1.ict to dataID_LocationID_20160216_RA.ict
2016-02-16 17:57:57.705    TEST --- [             Program].[                Main]     Equal? False
2016-02-16 17:57:57.705    TEST --- [             Program].[                Main]     Newer? True
2016-02-16 17:57:57.705    TEST --- [             Program].[                Main] Comparison from dataID_LocationID_20160216_R1.ict to dataID_LocationID_20160216_R1.ict
2016-02-16 17:57:57.705    TEST --- [             Program].[                Main]     Equal? True
2016-02-16 17:57:57.705    TEST --- [             Program].[                Main]     Newer? False
2016-02-16 17:57:57.706    TEST --- [             Program].[                Main] Comparison from dataID_LocationID_20160216_R1.ict to dataID_LocationID_20160216_R2.ict
2016-02-16 17:57:57.706    TEST --- [             Program].[                Main]     Equal? False
2016-02-16 17:57:57.706    TEST --- [             Program].[                Main]     Newer? False
2016-02-16 17:57:57.706    TEST --- [             Program].[                Main] Comparison from dataID_LocationID_20160216_R1.ict to dataID_LocationID_20160216_R3.ict
2016-02-16 17:57:57.706    TEST --- [             Program].[                Main]     Equal? False
2016-02-16 17:57:57.706    TEST --- [             Program].[                Main]     Newer? False
2016-02-16 17:57:57.706    TEST --- [             Program].[                Main] Comparison from dataID_LocationID_20160216_R1.ict to dataID_LocationID_20160316_RA.ict
2016-02-16 17:57:57.706    TEST --- [             Program].[                Main]     Equal? False
2016-02-16 17:57:57.706    TEST --- [             Program].[                Main]     Newer? False
2016-02-16 17:57:57.706    TEST --- [             Program].[                Main] Comparison from dataID_LocationID_20160216_R1.ict to dataID_LocationID_20160316_R2.ict
2016-02-16 17:57:57.706    TEST --- [             Program].[                Main]     Equal? False
2016-02-16 17:57:57.706    TEST --- [             Program].[                Main]     Newer? False
2016-02-16 17:57:57.706    TEST --- [             Program].[                Main] Comparison from dataID_LocationID_20160216_R2.ict to dataID_LocationID_20160216_RA.ict
2016-02-16 17:57:57.706    TEST --- [             Program].[                Main]     Equal? False
2016-02-16 17:57:57.706    TEST --- [             Program].[                Main]     Newer? True
2016-02-16 17:57:57.706    TEST --- [             Program].[                Main] Comparison from dataID_LocationID_20160216_R2.ict to dataID_LocationID_20160216_RA.ict
2016-02-16 17:57:57.706    TEST --- [             Program].[                Main]     Equal? False
2016-02-16 17:57:57.706    TEST --- [             Program].[                Main]     Newer? True
2016-02-16 17:57:57.726    TEST --- [             Program].[                Main] Comparison from dataID_LocationID_20160216_R2.ict to dataID_LocationID_20160216_R1.ict
2016-02-16 17:57:57.726    TEST --- [             Program].[                Main]     Equal? False
2016-02-16 17:57:57.726    TEST --- [             Program].[                Main]     Newer? True
2016-02-16 17:57:57.726    TEST --- [             Program].[                Main] Comparison from dataID_LocationID_20160216_R2.ict to dataID_LocationID_20160216_R2.ict
2016-02-16 17:57:57.726    TEST --- [             Program].[                Main]     Equal? True
2016-02-16 17:57:57.726    TEST --- [             Program].[                Main]     Newer? False
2016-02-16 17:57:57.726    TEST --- [             Program].[                Main] Comparison from dataID_LocationID_20160216_R2.ict to dataID_LocationID_20160216_R3.ict
2016-02-16 17:57:57.726    TEST --- [             Program].[                Main]     Equal? False
2016-02-16 17:57:57.726    TEST --- [             Program].[                Main]     Newer? False
2016-02-16 17:57:57.727    TEST --- [             Program].[                Main] Comparison from dataID_LocationID_20160216_R2.ict to dataID_LocationID_20160316_RA.ict
2016-02-16 17:57:57.727    TEST --- [             Program].[                Main]     Equal? False
2016-02-16 17:57:57.727    TEST --- [             Program].[                Main]     Newer? False
2016-02-16 17:57:57.747    TEST --- [             Program].[                Main] Comparison from dataID_LocationID_20160216_R2.ict to dataID_LocationID_20160316_R2.ict
2016-02-16 17:57:57.747    TEST --- [             Program].[                Main]     Equal? False
2016-02-16 17:57:57.747    TEST --- [             Program].[                Main]     Newer? False
2016-02-16 17:57:57.747    TEST --- [             Program].[                Main] Comparison from dataID_LocationID_20160216_R3.ict to dataID_LocationID_20160216_RA.ict
2016-02-16 17:57:57.747    TEST --- [             Program].[                Main]     Equal? False
2016-02-16 17:57:57.747    TEST --- [             Program].[                Main]     Newer? True
2016-02-16 17:57:57.767    TEST --- [             Program].[                Main] Comparison from dataID_LocationID_20160216_R3.ict to dataID_LocationID_20160216_RA.ict
2016-02-16 17:57:57.767    TEST --- [             Program].[                Main]     Equal? False
2016-02-16 17:57:57.767    TEST --- [             Program].[                Main]     Newer? True
2016-02-16 17:57:57.767    TEST --- [             Program].[                Main] Comparison from dataID_LocationID_20160216_R3.ict to dataID_LocationID_20160216_R1.ict
2016-02-16 17:57:57.767    TEST --- [             Program].[                Main]     Equal? False
2016-02-16 17:57:57.767    TEST --- [             Program].[                Main]     Newer? True
2016-02-16 17:57:57.787    TEST --- [             Program].[                Main] Comparison from dataID_LocationID_20160216_R3.ict to dataID_LocationID_20160216_R2.ict
2016-02-16 17:57:57.787    TEST --- [             Program].[                Main]     Equal? False
2016-02-16 17:57:57.787    TEST --- [             Program].[                Main]     Newer? True
2016-02-16 17:57:57.787    TEST --- [             Program].[                Main] Comparison from dataID_LocationID_20160216_R3.ict to dataID_LocationID_20160216_R3.ict
2016-02-16 17:57:57.787    TEST --- [             Program].[                Main]     Equal? True
2016-02-16 17:57:57.787    TEST --- [             Program].[                Main]     Newer? False
2016-02-16 17:57:57.787    TEST --- [             Program].[                Main] Comparison from dataID_LocationID_20160216_R3.ict to dataID_LocationID_20160316_RA.ict
2016-02-16 17:57:57.787    TEST --- [             Program].[                Main]     Equal? False
2016-02-16 17:57:57.787    TEST --- [             Program].[                Main]     Newer? False
2016-02-16 17:57:57.807    TEST --- [             Program].[                Main] Comparison from dataID_LocationID_20160216_R3.ict to dataID_LocationID_20160316_R2.ict
2016-02-16 17:57:57.807    TEST --- [             Program].[                Main]     Equal? False
2016-02-16 17:57:57.807    TEST --- [             Program].[                Main]     Newer? False
2016-02-16 17:57:57.807    TEST --- [             Program].[                Main] Comparison from dataID_LocationID_20160316_RA.ict to dataID_LocationID_20160216_RA.ict
2016-02-16 17:57:57.807    TEST --- [             Program].[                Main]     Equal? False
2016-02-16 17:57:57.807    TEST --- [             Program].[                Main]     Newer? False
2016-02-16 17:57:57.827    TEST --- [             Program].[                Main] Comparison from dataID_LocationID_20160316_RA.ict to dataID_LocationID_20160216_RA.ict
2016-02-16 17:57:57.827    TEST --- [             Program].[                Main]     Equal? False
2016-02-16 17:57:57.827    TEST --- [             Program].[                Main]     Newer? False
2016-02-16 17:57:57.827    TEST --- [             Program].[                Main] Comparison from dataID_LocationID_20160316_RA.ict to dataID_LocationID_20160216_R1.ict
2016-02-16 17:57:57.827    TEST --- [             Program].[                Main]     Equal? False
2016-02-16 17:57:57.827    TEST --- [             Program].[                Main]     Newer? False
2016-02-16 17:57:57.828    TEST --- [             Program].[                Main] Comparison from dataID_LocationID_20160316_RA.ict to dataID_LocationID_20160216_R2.ict
2016-02-16 17:57:57.828    TEST --- [             Program].[                Main]     Equal? False
2016-02-16 17:57:57.828    TEST --- [             Program].[                Main]     Newer? False
2016-02-16 17:57:57.828    TEST --- [             Program].[                Main] Comparison from dataID_LocationID_20160316_RA.ict to dataID_LocationID_20160216_R3.ict
2016-02-16 17:57:57.828    TEST --- [             Program].[                Main]     Equal? False
2016-02-16 17:57:57.828    TEST --- [             Program].[                Main]     Newer? False
2016-02-16 17:57:57.848    TEST --- [             Program].[                Main] Comparison from dataID_LocationID_20160316_RA.ict to dataID_LocationID_20160316_RA.ict
2016-02-16 17:57:57.848    TEST --- [             Program].[                Main]     Equal? True
2016-02-16 17:57:57.848    TEST --- [             Program].[                Main]     Newer? False
2016-02-16 17:57:57.848    TEST --- [             Program].[                Main] Comparison from dataID_LocationID_20160316_RA.ict to dataID_LocationID_20160316_R2.ict
2016-02-16 17:57:57.848    TEST --- [             Program].[                Main]     Equal? False
2016-02-16 17:57:57.848    TEST --- [             Program].[                Main]     Newer? False
2016-02-16 17:57:57.848    TEST --- [             Program].[                Main] Comparison from dataID_LocationID_20160316_R2.ict to dataID_LocationID_20160216_RA.ict
2016-02-16 17:57:57.848    TEST --- [             Program].[                Main]     Equal? False
2016-02-16 17:57:57.848    TEST --- [             Program].[                Main]     Newer? False
2016-02-16 17:57:57.848    TEST --- [             Program].[                Main] Comparison from dataID_LocationID_20160316_R2.ict to dataID_LocationID_20160216_RA.ict
2016-02-16 17:57:57.848    TEST --- [             Program].[                Main]     Equal? False
2016-02-16 17:57:57.848    TEST --- [             Program].[                Main]     Newer? False
2016-02-16 17:57:57.848    TEST --- [             Program].[                Main] Comparison from dataID_LocationID_20160316_R2.ict to dataID_LocationID_20160216_R1.ict
2016-02-16 17:57:57.848    TEST --- [             Program].[                Main]     Equal? False
2016-02-16 17:57:57.848    TEST --- [             Program].[                Main]     Newer? False
2016-02-16 17:57:57.848    TEST --- [             Program].[                Main] Comparison from dataID_LocationID_20160316_R2.ict to dataID_LocationID_20160216_R2.ict
2016-02-16 17:57:57.848    TEST --- [             Program].[                Main]     Equal? False
2016-02-16 17:57:57.848    TEST --- [             Program].[                Main]     Newer? False
2016-02-16 17:57:57.848    TEST --- [             Program].[                Main] Comparison from dataID_LocationID_20160316_R2.ict to dataID_LocationID_20160216_R3.ict
2016-02-16 17:57:57.848    TEST --- [             Program].[                Main]     Equal? False
2016-02-16 17:57:57.848    TEST --- [             Program].[                Main]     Newer? False
2016-02-16 17:57:57.848    TEST --- [             Program].[                Main] Comparison from dataID_LocationID_20160316_R2.ict to dataID_LocationID_20160316_RA.ict
2016-02-16 17:57:57.848    TEST --- [             Program].[                Main]     Equal? False
2016-02-16 17:57:57.848    TEST --- [             Program].[                Main]     Newer? True
2016-02-16 17:57:57.848    TEST --- [             Program].[                Main] Comparison from dataID_LocationID_20160316_R2.ict to dataID_LocationID_20160316_R2.ict
2016-02-16 17:57:57.848    TEST --- [             Program].[                Main]     Equal? True
2016-02-16 17:57:57.848    TEST --- [             Program].[                Main]     Newer? False
2016-02-16 17:57:57.945 MESSAGE --- [   ICARTT_FileLoader].[...TFilesInDirectory] Searched for ICARTT files
2016-02-16 17:57:57.945 MESSAGE --- [   ICARTT_FileLoader].[...TFilesInDirectory]     Directory: C:\Users\atschaff\ICARTT Data\TEXAS_2013\P3B_AIRCRAFT
2016-02-16 17:57:57.945 MESSAGE --- [   ICARTT_FileLoader].[...TFilesInDirectory]     Number of Duplicates Found: 19
2016-02-16 17:57:57.945 MESSAGE --- [   ICARTT_FileLoader].[...TFilesInDirectory]     Number of non-ICARTT files found: 0
2016-02-16 17:57:57.945 MESSAGE --- [             Program].[                Main] Main thread terminating.
2016-02-16 17:57:57.945 MESSAGE --- [              Logger].[               Close] Close requested. Remaining 132 messages will be written to file.
2016-02-16 17:58:58.637 MESSAGE --- [              Logger].[               Setup] Ready to accept and digest messages.
2016-02-16 17:58:58.645    TEST --- [             Program].[                Main] Comparison from dataID_LocationID_20160216_RA.ict to dataID_LocationID_20160216_RA.ict
2016-02-16 17:58:58.645    TEST --- [             Program].[                Main]     Equal? True
2016-02-16 17:58:58.645    TEST --- [             Program].[                Main]     Newer? False
2016-02-16 17:58:58.645    TEST --- [             Program].[                Main] Comparison from dataID_LocationID_20160216_RA.ict to dataID_LocationID_20160216_R1.ict
2016-02-16 17:58:58.645    TEST --- [             Program].[                Main]     Equal? False
2016-02-16 17:58:58.645    TEST --- [             Program].[                Main]     Newer? False
2016-02-16 17:58:58.666    TEST --- [             Program].[                Main] Comparison from dataID_LocationID_20160216_RA.ict to dataID_LocationID_20160216_R2.ict
2016-02-16 17:58:58.666    TEST --- [             Program].[                Main]     Equal? False
2016-02-16 17:58:58.666    TEST --- [             Program].[                Main]     Newer? False
2016-02-16 17:58:58.666    TEST --- [             Program].[                Main] Comparison from dataID_LocationID_20160216_RA.ict to dataID_LocationID_20160216_R3.ict
2016-02-16 17:58:58.666    TEST --- [             Program].[                Main]     Equal? False
2016-02-16 17:58:58.666    TEST --- [             Program].[                Main]     Newer? False
2016-02-16 17:58:58.666    TEST --- [             Program].[                Main] Comparison from dataID_LocationID_20160216_RA.ict to dataID_LocationID_20160316_RA.ict
2016-02-16 17:58:58.666    TEST --- [             Program].[                Main]     Equal? False
2016-02-16 17:58:58.666    TEST --- [             Program].[                Main]     Newer? False
2016-02-16 17:58:58.666    TEST --- [             Program].[                Main] Comparison from dataID_LocationID_20160216_RA.ict to dataID_LocationID_20160316_R2.ict
2016-02-16 17:58:58.666    TEST --- [             Program].[                Main]     Equal? False
2016-02-16 17:58:58.666    TEST --- [             Program].[                Main]     Newer? False
2016-02-16 17:58:58.666    TEST --- [             Program].[                Main] Comparison from dataID_LocationID_20160216_R1.ict to dataID_LocationID_20160216_RA.ict
2016-02-16 17:58:58.666    TEST --- [             Program].[                Main]     Equal? False
2016-02-16 17:58:58.666    TEST --- [             Program].[                Main]     Newer? True
2016-02-16 17:58:58.666    TEST --- [             Program].[                Main] Comparison from dataID_LocationID_20160216_R1.ict to dataID_LocationID_20160216_R1.ict
2016-02-16 17:58:58.666    TEST --- [             Program].[                Main]     Equal? True
2016-02-16 17:58:58.666    TEST --- [             Program].[                Main]     Newer? False
2016-02-16 17:58:58.667    TEST --- [             Program].[                Main] Comparison from dataID_LocationID_20160216_R1.ict to dataID_LocationID_20160216_R2.ict
2016-02-16 17:58:58.667    TEST --- [             Program].[                Main]     Equal? False
2016-02-16 17:58:58.667    TEST --- [             Program].[                Main]     Newer? False
2016-02-16 17:58:58.667    TEST --- [             Program].[                Main] Comparison from dataID_LocationID_20160216_R1.ict to dataID_LocationID_20160216_R3.ict
2016-02-16 17:58:58.667    TEST --- [             Program].[                Main]     Equal? False
2016-02-16 17:58:58.667    TEST --- [             Program].[                Main]     Newer? False
2016-02-16 17:58:58.687    TEST --- [             Program].[                Main] Comparison from dataID_LocationID_20160216_R1.ict to dataID_LocationID_20160316_RA.ict
2016-02-16 17:58:58.687    TEST --- [             Program].[                Main]     Equal? False
2016-02-16 17:58:58.687    TEST --- [             Program].[                Main]     Newer? False
2016-02-16 17:58:58.687    TEST --- [             Program].[                Main] Comparison from dataID_LocationID_20160216_R1.ict to dataID_LocationID_20160316_R2.ict
2016-02-16 17:58:58.687    TEST --- [             Program].[                Main]     Equal? False
2016-02-16 17:58:58.687    TEST --- [             Program].[                Main]     Newer? False
2016-02-16 17:58:58.707    TEST --- [             Program].[                Main] Comparison from dataID_LocationID_20160216_R2.ict to dataID_LocationID_20160216_RA.ict
2016-02-16 17:58:58.707    TEST --- [             Program].[                Main]     Equal? False
2016-02-16 17:58:58.707    TEST --- [             Program].[                Main]     Newer? True
2016-02-16 17:58:58.707    TEST --- [             Program].[                Main] Comparison from dataID_LocationID_20160216_R2.ict to dataID_LocationID_20160216_R1.ict
2016-02-16 17:58:58.707    TEST --- [             Program].[                Main]     Equal? False
2016-02-16 17:58:58.707    TEST --- [             Program].[                Main]     Newer? True
2016-02-16 17:58:58.707    TEST --- [             Program].[                Main] Comparison from dataID_LocationID_20160216_R2.ict to dataID_LocationID_20160216_R2.ict
2016-02-16 17:58:58.707    TEST --- [             Program].[                Main]     Equal? True
2016-02-16 17:58:58.707    TEST --- [             Program].[                Main]     Newer? False
2016-02-16 17:58:58.708    TEST --- [             Program].[                Main] Comparison from dataID_LocationID_20160216_R2.ict to dataID_LocationID_20160216_R3.ict
2016-02-16 17:58:58.708    TEST --- [             Program].[                Main]     Equal? False
2016-02-16 17:58:58.708    TEST --- [             Program].[                Main]     Newer? False
2016-02-16 17:58:58.708    TEST --- [             Program].[                Main] Comparison from dataID_LocationID_20160216_R2.ict to dataID_LocationID_20160316_RA.ict
2016-02-16 17:58:58.708    TEST --- [             Program].[                Main]     Equal? False
2016-02-16 17:58:58.708    TEST --- [             Program].[                Main]     Newer? False
2016-02-16 17:58:58.708    TEST --- [             Program].[                Main] Comparison from dataID_LocationID_20160216_R2.ict to dataID_LocationID_20160316_R2.ict
2016-02-16 17:58:58.708    TEST --- [             Program].[                Main]     Equal? False
2016-02-16 17:58:58.708    TEST --- [             Program].[                Main]     Newer? False
2016-02-16 17:58:58.708    TEST --- [             Program].[                Main] Comparison from dataID_LocationID_20160216_R3.ict to dataID_LocationID_20160216_RA.ict
2016-02-16 17:58:58.708    TEST --- [             Program].[                Main]     Equal? False
2016-02-16 17:58:58.708    TEST --- [             Program].[                Main]     Newer? True
2016-02-16 17:58:58.728    TEST --- [             Program].[                Main] Comparison from dataID_LocationID_20160216_R3.ict to dataID_LocationID_20160216_R1.ict
2016-02-16 17:58:58.728    TEST --- [             Program].[                Main]     Equal? False
2016-02-16 17:58:58.728    TEST --- [             Program].[                Main]     Newer? True
2016-02-16 17:58:58.728    TEST --- [             Program].[                Main] Comparison from dataID_LocationID_20160216_R3.ict to dataID_LocationID_20160216_R2.ict
2016-02-16 17:58:58.728    TEST --- [             Program].[                Main]     Equal? False
2016-02-16 17:58:58.728    TEST --- [             Program].[                Main]     Newer? True
2016-02-16 17:58:58.748    TEST --- [             Program].[                Main] Comparison from dataID_LocationID_20160216_R3.ict to dataID_LocationID_20160216_R3.ict
2016-02-16 17:58:58.748    TEST --- [             Program].[                Main]     Equal? True
2016-02-16 17:58:58.748    TEST --- [             Program].[                Main]     Newer? False
2016-02-16 17:58:58.748    TEST --- [             Program].[                Main] Comparison from dataID_LocationID_20160216_R3.ict to dataID_LocationID_20160316_RA.ict
2016-02-16 17:58:58.748    TEST --- [             Program].[                Main]     Equal? False
2016-02-16 17:58:58.748    TEST --- [             Program].[                Main]     Newer? False
2016-02-16 17:58:58.748    TEST --- [             Program].[                Main] Comparison from dataID_LocationID_20160216_R3.ict to dataID_LocationID_20160316_R2.ict
2016-02-16 17:58:58.748    TEST --- [             Program].[                Main]     Equal? False
2016-02-16 17:58:58.748    TEST --- [             Program].[                Main]     Newer? False
2016-02-16 17:58:58.749    TEST --- [             Program].[                Main] Comparison from dataID_LocationID_20160316_RA.ict to dataID_LocationID_20160216_RA.ict
2016-02-16 17:58:58.749    TEST --- [             Program].[                Main]     Equal? False
2016-02-16 17:58:58.749    TEST --- [             Program].[                Main]     Newer? False
2016-02-16 17:58:58.749    TEST --- [             Program].[                Main] Comparison from dataID_LocationID_20160316_RA.ict to dataID_LocationID_20160216_R1.ict
2016-02-16 17:58:58.749    TEST --- [             Program].[                Main]     Equal? False
2016-02-16 17:58:58.749    TEST --- [             Program].[                Main]     Newer? False
2016-02-16 17:58:58.749    TEST --- [             Program].[                Main] Comparison from dataID_LocationID_20160316_RA.ict to dataID_LocationID_20160216_R2.ict
2016-02-16 17:58:58.749    TEST --- [             Program].[                Main]     Equal? False
2016-02-16 17:58:58.749    TEST --- [             Program].[                Main]     Newer? False
2016-02-16 17:58:58.749    TEST --- [             Program].[                Main] Comparison from dataID_LocationID_20160316_RA.ict to dataID_LocationID_20160216_R3.ict
2016-02-16 17:58:58.749    TEST --- [             Program].[                Main]     Equal? False
2016-02-16 17:58:58.749    TEST --- [             Program].[                Main]     Newer? False
2016-02-16 17:58:58.750    TEST --- [             Program].[                Main] Comparison from dataID_LocationID_20160316_RA.ict to dataID_LocationID_20160316_RA.ict
2016-02-16 17:58:58.750    TEST --- [             Program].[                Main]     Equal? True
2016-02-16 17:58:58.750    TEST --- [             Program].[                Main]     Newer? False
2016-02-16 17:58:58.770    TEST --- [             Program].[                Main] Comparison from dataID_LocationID_20160316_RA.ict to dataID_LocationID_20160316_R2.ict
2016-02-16 17:58:58.770    TEST --- [             Program].[                Main]     Equal? False
2016-02-16 17:58:58.770    TEST --- [             Program].[                Main]     Newer? False
2016-02-16 17:58:58.770    TEST --- [             Program].[                Main] Comparison from dataID_LocationID_20160316_R2.ict to dataID_LocationID_20160216_RA.ict
2016-02-16 17:58:58.770    TEST --- [             Program].[                Main]     Equal? False
2016-02-16 17:58:58.770    TEST --- [             Program].[                Main]     Newer? False
2016-02-16 17:58:58.790    TEST --- [             Program].[                Main] Comparison from dataID_LocationID_20160316_R2.ict to dataID_LocationID_20160216_R1.ict
2016-02-16 17:58:58.790    TEST --- [             Program].[                Main]     Equal? False
2016-02-16 17:58:58.790    TEST --- [             Program].[                Main]     Newer? False
2016-02-16 17:58:58.790    TEST --- [             Program].[                Main] Comparison from dataID_LocationID_20160316_R2.ict to dataID_LocationID_20160216_R2.ict
2016-02-16 17:58:58.790    TEST --- [             Program].[                Main]     Equal? False
2016-02-16 17:58:58.790    TEST --- [             Program].[                Main]     Newer? False
2016-02-16 17:58:58.790    TEST --- [             Program].[                Main] Comparison from dataID_LocationID_20160316_R2.ict to dataID_LocationID_20160216_R3.ict
2016-02-16 17:58:58.790    TEST --- [             Program].[                Main]     Equal? False
2016-02-16 17:58:58.790    TEST --- [             Program].[                Main]     Newer? False
2016-02-16 17:58:58.790    TEST --- [             Program].[                Main] Comparison from dataID_LocationID_20160316_R2.ict to dataID_LocationID_20160316_RA.ict
2016-02-16 17:58:58.790    TEST --- [             Program].[                Main]     Equal? False
2016-02-16 17:58:58.790    TEST --- [             Program].[                Main]     Newer? True
2016-02-16 17:58:58.790    TEST --- [             Program].[                Main] Comparison from dataID_LocationID_20160316_R2.ict to dataID_LocationID_20160316_R2.ict
2016-02-16 17:58:58.790    TEST --- [             Program].[                Main]     Equal? True
2016-02-16 17:58:58.790    TEST --- [             Program].[                Main]     Newer? False
2016-02-16 17:58:58.939 MESSAGE --- [   ICARTT_FileLoader].[...TFilesInDirectory] Searched for ICARTT files
2016-02-16 17:58:58.939 MESSAGE --- [   ICARTT_FileLoader].[...TFilesInDirectory]     Directory: C:\Users\atschaff\ICARTT Data\TEXAS_2013\P3B_AIRCRAFT
2016-02-16 17:58:58.939 MESSAGE --- [   ICARTT_FileLoader].[...TFilesInDirectory]     Number of Duplicates Found: 19
2016-02-16 17:58:58.939 MESSAGE --- [   ICARTT_FileLoader].[...TFilesInDirectory]     Number of non-ICARTT files found: 0
2016-02-16 17:58:58.939 MESSAGE --- [             Program].[                Main] Main thread terminating.
2016-02-16 17:58:58.939 MESSAGE --- [              Logger].[               Close] Close requested. Remaining 84 messages will be written to file.
2016-02-16 18:00:20.955 MESSAGE --- [              Logger].[               Setup] Ready to accept and digest messages.
2016-02-16 18:01:43.187 MESSAGE --- [              Logger].[               Setup] Ready to accept and digest messages.
2016-02-16 18:01:43.192 MESSAGE --- [                NULL].[                NULL] ___________________________
2016-02-16 18:01:43.194    TEST --- [             Program].[                Main] Comparison from dataID_LocationID_20160216_RA.ict to dataID_LocationID_20160216_RA.ict
2016-02-16 18:01:43.194    TEST --- [             Program].[                Main]     Equal? True
2016-02-16 18:01:43.194    TEST --- [             Program].[                Main]     Newer? False
2016-02-16 18:01:43.194    TEST --- [             Program].[                Main] Comparison from dataID_LocationID_20160216_RA.ict to dataID_LocationID_20160216_R1.ict
2016-02-16 18:01:43.194    TEST --- [             Program].[                Main]     Equal? False
2016-02-16 18:01:43.194    TEST --- [             Program].[                Main]     Newer? False
2016-02-16 18:01:43.194    TEST --- [             Program].[                Main] Comparison from dataID_LocationID_20160216_RA.ict to dataID_LocationID_20160216_R2.ict
2016-02-16 18:01:43.194    TEST --- [             Program].[                Main]     Equal? False
2016-02-16 18:01:43.194    TEST --- [             Program].[                Main]     Newer? False
2016-02-16 18:01:43.194    TEST --- [             Program].[                Main] Comparison from dataID_LocationID_20160216_RA.ict to dataID_LocationID_20160216_R3.ict
2016-02-16 18:01:43.194    TEST --- [             Program].[                Main]     Equal? False
2016-02-16 18:01:43.194    TEST --- [             Program].[                Main]     Newer? False
2016-02-16 18:01:43.194    TEST --- [             Program].[                Main] Comparison from dataID_LocationID_20160216_RA.ict to dataID_LocationID_20160316_RA.ict
2016-02-16 18:01:43.194    TEST --- [             Program].[                Main]     Equal? False
2016-02-16 18:01:43.194    TEST --- [             Program].[                Main]     Newer? False
2016-02-16 18:01:43.194    TEST --- [             Program].[                Main] Comparison from dataID_LocationID_20160216_RA.ict to dataID_LocationID_20160316_R2.ict
2016-02-16 18:01:43.194    TEST --- [             Program].[                Main]     Equal? False
2016-02-16 18:01:43.194    TEST --- [             Program].[                Main]     Newer? False
2016-02-16 18:01:43.194 MESSAGE --- [                NULL].[                NULL] ___________________________
2016-02-16 18:01:43.194    TEST --- [             Program].[                Main] Comparison from dataID_LocationID_20160216_R1.ict to dataID_LocationID_20160216_RA.ict
2016-02-16 18:01:43.194    TEST --- [             Program].[                Main]     Equal? False
2016-02-16 18:01:43.194    TEST --- [             Program].[                Main]     Newer? True
2016-02-16 18:01:43.194    TEST --- [             Program].[                Main] Comparison from dataID_LocationID_20160216_R1.ict to dataID_LocationID_20160216_R1.ict
2016-02-16 18:01:43.194    TEST --- [             Program].[                Main]     Equal? True
2016-02-16 18:01:43.194    TEST --- [             Program].[                Main]     Newer? False
2016-02-16 18:01:43.194    TEST --- [             Program].[                Main] Comparison from dataID_LocationID_20160216_R1.ict to dataID_LocationID_20160216_R2.ict
2016-02-16 18:01:43.194    TEST --- [             Program].[                Main]     Equal? False
2016-02-16 18:01:43.194    TEST --- [             Program].[                Main]     Newer? False
2016-02-16 18:01:43.194    TEST --- [             Program].[                Main] Comparison from dataID_LocationID_20160216_R1.ict to dataID_LocationID_20160216_R3.ict
2016-02-16 18:01:43.194    TEST --- [             Program].[                Main]     Equal? False
2016-02-16 18:01:43.194    TEST --- [             Program].[                Main]     Newer? False
2016-02-16 18:01:43.194    TEST --- [             Program].[                Main] Comparison from dataID_LocationID_20160216_R1.ict to dataID_LocationID_20160316_RA.ict
2016-02-16 18:01:43.194    TEST --- [             Program].[                Main]     Equal? False
2016-02-16 18:01:43.194    TEST --- [             Program].[                Main]     Newer? False
2016-02-16 18:01:43.194    TEST --- [             Program].[                Main] Comparison from dataID_LocationID_20160216_R1.ict to dataID_LocationID_20160316_R2.ict
2016-02-16 18:01:43.194    TEST --- [             Program].[                Main]     Equal? False
2016-02-16 18:01:43.194    TEST --- [             Program].[                Main]     Newer? False
2016-02-16 18:01:43.194 MESSAGE --- [                NULL].[                NULL] ___________________________
2016-02-16 18:01:43.194    TEST --- [             Program].[                Main] Comparison from dataID_LocationID_20160216_R2.ict to dataID_LocationID_20160216_RA.ict
2016-02-16 18:01:43.194    TEST --- [             Program].[                Main]     Equal? False
2016-02-16 18:01:43.194    TEST --- [             Program].[                Main]     Newer? True
2016-02-16 18:01:43.195    TEST --- [             Program].[                Main] Comparison from dataID_LocationID_20160216_R2.ict to dataID_LocationID_20160216_R1.ict
2016-02-16 18:01:43.195    TEST --- [             Program].[                Main]     Equal? False
2016-02-16 18:01:43.195    TEST --- [             Program].[                Main]     Newer? True
2016-02-16 18:01:43.195    TEST --- [             Program].[                Main] Comparison from dataID_LocationID_20160216_R2.ict to dataID_LocationID_20160216_R2.ict
2016-02-16 18:01:43.195    TEST --- [             Program].[                Main]     Equal? True
2016-02-16 18:01:43.195    TEST --- [             Program].[                Main]     Newer? False
2016-02-16 18:01:43.195    TEST --- [             Program].[                Main] Comparison from dataID_LocationID_20160216_R2.ict to dataID_LocationID_20160216_R3.ict
2016-02-16 18:01:43.195    TEST --- [             Program].[                Main]     Equal? False
2016-02-16 18:01:43.195    TEST --- [             Program].[                Main]     Newer? False
2016-02-16 18:01:43.195    TEST --- [             Program].[                Main] Comparison from dataID_LocationID_20160216_R2.ict to dataID_LocationID_20160316_RA.ict
2016-02-16 18:01:43.195    TEST --- [             Program].[                Main]     Equal? False
2016-02-16 18:01:43.195    TEST --- [             Program].[                Main]     Newer? False
2016-02-16 18:01:43.195    TEST --- [             Program].[                Main] Comparison from dataID_LocationID_20160216_R2.ict to dataID_LocationID_20160316_R2.ict
2016-02-16 18:01:43.195    TEST --- [             Program].[                Main]     Equal? False
2016-02-16 18:01:43.195    TEST --- [             Program].[                Main]     Newer? False
2016-02-16 18:01:43.195 MESSAGE --- [                NULL].[                NULL] ___________________________
2016-02-16 18:01:43.195    TEST --- [             Program].[                Main] Comparison from dataID_LocationID_20160216_R3.ict to dataID_LocationID_20160216_RA.ict
2016-02-16 18:01:43.195    TEST --- [             Program].[                Main]     Equal? False
2016-02-16 18:01:43.195    TEST --- [             Program].[                Main]     Newer? True
2016-02-16 18:01:43.195    TEST --- [             Program].[                Main] Comparison from dataID_LocationID_20160216_R3.ict to dataID_LocationID_20160216_R1.ict
2016-02-16 18:01:43.195    TEST --- [             Program].[                Main]     Equal? False
2016-02-16 18:01:43.195    TEST --- [             Program].[                Main]     Newer? True
2016-02-16 18:01:43.195    TEST --- [             Program].[                Main] Comparison from dataID_LocationID_20160216_R3.ict to dataID_LocationID_20160216_R2.ict
2016-02-16 18:01:43.195    TEST --- [             Program].[                Main]     Equal? False
2016-02-16 18:01:43.195    TEST --- [             Program].[                Main]     Newer? True
2016-02-16 18:01:43.195    TEST --- [             Program].[                Main] Comparison from dataID_LocationID_20160216_R3.ict to dataID_LocationID_20160216_R3.ict
2016-02-16 18:01:43.195    TEST --- [             Program].[                Main]     Equal? True
2016-02-16 18:01:43.195    TEST --- [             Program].[                Main]     Newer? False
2016-02-16 18:01:43.195    TEST --- [             Program].[                Main] Comparison from dataID_LocationID_20160216_R3.ict to dataID_LocationID_20160316_RA.ict
2016-02-16 18:01:43.195    TEST --- [             Program].[                Main]     Equal? False
2016-02-16 18:01:43.195    TEST --- [             Program].[                Main]     Newer? False
2016-02-16 18:01:43.195    TEST --- [             Program].[                Main] Comparison from dataID_LocationID_20160216_R3.ict to dataID_LocationID_20160316_R2.ict
2016-02-16 18:01:43.195    TEST --- [             Program].[                Main]     Equal? False
2016-02-16 18:01:43.195    TEST --- [             Program].[                Main]     Newer? False
2016-02-16 18:01:43.195 MESSAGE --- [                NULL].[                NULL] ___________________________
2016-02-16 18:01:43.195    TEST --- [             Program].[                Main] Comparison from dataID_LocationID_20160316_RA.ict to dataID_LocationID_20160216_RA.ict
2016-02-16 18:01:43.195    TEST --- [             Program].[                Main]     Equal? False
2016-02-16 18:01:43.195    TEST --- [             Program].[                Main]     Newer? False
2016-02-16 18:01:43.195    TEST --- [             Program].[                Main] Comparison from dataID_LocationID_20160316_RA.ict to dataID_LocationID_20160216_R1.ict
2016-02-16 18:01:43.195    TEST --- [             Program].[                Main]     Equal? False
2016-02-16 18:01:43.195    TEST --- [             Program].[                Main]     Newer? False
2016-02-16 18:01:43.195    TEST --- [             Program].[                Main] Comparison from dataID_LocationID_20160316_RA.ict to dataID_LocationID_20160216_R2.ict
2016-02-16 18:01:43.195    TEST --- [             Program].[                Main]     Equal? False
2016-02-16 18:01:43.195    TEST --- [             Program].[                Main]     Newer? False
2016-02-16 18:01:43.195    TEST --- [             Program].[                Main] Comparison from dataID_LocationID_20160316_RA.ict to dataID_LocationID_20160216_R3.ict
2016-02-16 18:01:43.195    TEST --- [             Program].[                Main]     Equal? False
2016-02-16 18:01:43.195    TEST --- [             Program].[                Main]     Newer? False
2016-02-16 18:01:43.195    TEST --- [             Program].[                Main] Comparison from dataID_LocationID_20160316_RA.ict to dataID_LocationID_20160316_RA.ict
2016-02-16 18:01:43.195    TEST --- [             Program].[                Main]     Equal? True
2016-02-16 18:01:43.195    TEST --- [             Program].[                Main]     Newer? False
2016-02-16 18:01:43.195    TEST --- [             Program].[                Main] Comparison from dataID_LocationID_20160316_RA.ict to dataID_LocationID_20160316_R2.ict
2016-02-16 18:01:43.195    TEST --- [             Program].[                Main]     Equal? False
2016-02-16 18:01:43.195    TEST --- [             Program].[                Main]     Newer? False
2016-02-16 18:01:43.195 MESSAGE --- [                NULL].[                NULL] ___________________________
2016-02-16 18:01:43.195    TEST --- [             Program].[                Main] Comparison from dataID_LocationID_20160316_R2.ict to dataID_LocationID_20160216_RA.ict
2016-02-16 18:01:43.195    TEST --- [             Program].[                Main]     Equal? False
2016-02-16 18:01:43.195    TEST --- [             Program].[                Main]     Newer? False
2016-02-16 18:01:43.195    TEST --- [             Program].[                Main] Comparison from dataID_LocationID_20160316_R2.ict to dataID_LocationID_20160216_R1.ict
2016-02-16 18:01:43.195    TEST --- [             Program].[                Main]     Equal? False
2016-02-16 18:01:43.195    TEST --- [             Program].[                Main]     Newer? False
2016-02-16 18:01:43.195    TEST --- [             Program].[                Main] Comparison from dataID_LocationID_20160316_R2.ict to dataID_LocationID_20160216_R2.ict
2016-02-16 18:01:43.195    TEST --- [             Program].[                Main]     Equal? False
2016-02-16 18:01:43.195    TEST --- [             Program].[                Main]     Newer? False
2016-02-16 18:01:43.195    TEST --- [             Program].[                Main] Comparison from dataID_LocationID_20160316_R2.ict to dataID_LocationID_20160216_R3.ict
2016-02-16 18:01:43.195    TEST --- [             Program].[                Main]     Equal? False
2016-02-16 18:01:43.195    TEST --- [             Program].[                Main]     Newer? False
2016-02-16 18:01:43.195    TEST --- [             Program].[                Main] Comparison from dataID_LocationID_20160316_R2.ict to dataID_LocationID_20160316_RA.ict
2016-02-16 18:01:43.195    TEST --- [             Program].[                Main]     Equal? False
2016-02-16 18:01:43.195    TEST --- [             Program].[                Main]     Newer? True
2016-02-16 18:01:43.195    TEST --- [             Program].[                Main] Comparison from dataID_LocationID_20160316_R2.ict to dataID_LocationID_20160316_R2.ict
2016-02-16 18:01:43.195    TEST --- [             Program].[                Main]     Equal? True
2016-02-16 18:01:43.195    TEST --- [             Program].[                Main]     Newer? False
2016-02-16 18:01:43.350 MESSAGE --- [   ICARTT_FileLoader].[...TFilesInDirectory] Searched for ICARTT files
2016-02-16 18:01:43.350 MESSAGE --- [   ICARTT_FileLoader].[...TFilesInDirectory]     Directory: C:\Users\atschaff\ICARTT Data\TEXAS_2013\P3B_AIRCRAFT
2016-02-16 18:01:43.350 MESSAGE --- [   ICARTT_FileLoader].[...TFilesInDirectory]     Number of Duplicates Found: 19
2016-02-16 18:01:43.350 MESSAGE --- [   ICARTT_FileLoader].[...TFilesInDirectory]     Number of non-ICARTT files found: 0
2016-02-16 18:01:43.350 MESSAGE --- [             Program].[                Main] Main thread terminating.
2016-02-16 18:01:43.350 MESSAGE --- [              Logger].[               Close] Close requested. Remaining 105 messages will be written to file.
2016-02-16 18:02:45.663 MESSAGE --- [              Logger].[               Setup] Ready to accept and digest messages.
2016-02-16 18:02:45.762 MESSAGE --- [   ICARTT_FileLoader].[...TFilesInDirectory] Searched for ICARTT files
2016-02-16 18:02:45.762 MESSAGE --- [   ICARTT_FileLoader].[...TFilesInDirectory]     Directory: C:\Users\atschaff\ICARTT Data\TEXAS_2013\P3B_AIRCRAFT
2016-02-16 18:02:45.762 MESSAGE --- [   ICARTT_FileLoader].[...TFilesInDirectory]     Number of Duplicates Found: 19
2016-02-16 18:02:45.762 MESSAGE --- [   ICARTT_FileLoader].[...TFilesInDirectory]     Number of non-ICARTT files found: 0
2016-02-16 18:02:45.762 MESSAGE --- [             Program].[                Main] Main thread terminating.
2016-02-16 18:02:45.763 MESSAGE --- [              Logger].[               Close] Close requested. Remaining 3 messages will be written to file.
2016-02-16 18:03:37.333 MESSAGE --- [              Logger].[               Setup] Ready to accept and digest messages.
2016-02-16 18:03:37.406 MESSAGE --- [   ICARTT_FileLoader].[...TFilesInDirectory] Searched for ICARTT files
2016-02-16 18:03:37.406 MESSAGE --- [   ICARTT_FileLoader].[...TFilesInDirectory]     Directory: C:\Users\atschaff\ICARTT Data\TEXAS_2013\P3B_AIRCRAFT
2016-02-16 18:03:37.406 MESSAGE --- [   ICARTT_FileLoader].[...TFilesInDirectory]     Number of Duplicates Found: 1
2016-02-16 18:03:37.406 MESSAGE --- [   ICARTT_FileLoader].[...TFilesInDirectory]     Number of non-ICARTT files found: 0
2016-02-16 18:03:37.406 MESSAGE --- [             Program].[                Main] Main thread terminating.
2016-02-16 18:03:37.406 MESSAGE --- [              Logger].[               Close] Close requested. Remaining 3 messages will be written to file.
2016-02-16 18:05:41.140 MESSAGE --- [              Logger].[               Setup] Ready to accept and digest messages.
2016-02-16 18:05:41.189 MESSAGE --- [   ICARTT_FileLoader].[...TFilesInDirectory] Duplicate ICARTT File: C:\Users\atschaff\ICARTT Data\TEXAS_2013\P3B_AIRCRAFT\COHEN.RONALD\DISCOVERAQ-TDLIF-NO2_P3B_20130912_R0_Old-da.ta-.et.c.ict
2016-02-16 18:05:41.241 MESSAGE --- [   ICARTT_FileLoader].[...TFilesInDirectory] Searched for ICARTT files
2016-02-16 18:05:41.241 MESSAGE --- [   ICARTT_FileLoader].[...TFilesInDirectory]     Directory: C:\Users\atschaff\ICARTT Data\TEXAS_2013\P3B_AIRCRAFT
2016-02-16 18:05:41.241 MESSAGE --- [   ICARTT_FileLoader].[...TFilesInDirectory]     Number of Duplicates Found: 1
2016-02-16 18:05:41.241 MESSAGE --- [   ICARTT_FileLoader].[...TFilesInDirectory]     Number of non-ICARTT files found: 0
2016-02-16 18:05:41.241 MESSAGE --- [             Program].[                Main] Main thread terminating.
2016-02-16 18:05:41.242 MESSAGE --- [              Logger].[               Close] Close requested. Remaining 3 messages will be written to file.
