2016-02-29 16:44:40.836 MESSAGE --- [              Logger].[               Setup] Ready to accept and digest messages.
2016-02-29 16:44:41.085 MESSAGE --- [   ICARTT_FileLoader].[...CARTTFilesFromDir] Searched for ICARTT files
2016-02-29 16:44:41.085 MESSAGE --- [   ICARTT_FileLoader].[...CARTTFilesFromDir]     Directory: C:\Users\atschaff\ICARTT Data\TEXAS_2013\P3B_AIRCRAFT
2016-02-29 16:44:41.085 MESSAGE --- [   ICARTT_FileLoader].[...CARTTFilesFromDir]     Number of ICARTT Files Found: 188
2016-02-29 16:44:41.085 MESSAGE --- [   ICARTT_FileLoader].[...CARTTFilesFromDir]     Number of ICARTT Files Omitted: 0
2016-02-29 16:44:41.101 MESSAGE --- [   ICARTT_FileLoader].[              Filter] Filtered ICARTT Files by LocationID
2016-02-29 16:44:41.101 MESSAGE --- [   ICARTT_FileLoader].[              Filter]     Values: [P3B]
2016-02-29 16:44:41.101 MESSAGE --- [   ICARTT_FileLoader].[              Filter]     Number of ICARTT Files Filtered: 0
2016-02-29 16:44:41.101 MESSAGE --- [   ICARTT_FileLoader].[              Filter]     New Number of ICARTT Files to Merge: 188
2016-02-29 16:44:41.101 MESSAGE --- [   ICARTT_FileLoader].[              Filter]     New number of Omitted ICARTT Files: 0
2016-02-29 16:44:41.163 MESSAGE --- [   ICARTT_FileLoader].[              Filter] Filtered ICARTT Files by Date
2016-02-29 16:44:41.163 MESSAGE --- [   ICARTT_FileLoader].[              Filter]     Values: [20130904, 20130906, 20130911, 20130912, 20130913, 20130914, 20130924, 20130925, 20130926, 20130902, 20130918, 20130828]
2016-02-29 16:44:41.163 MESSAGE --- [   ICARTT_FileLoader].[              Filter]     Number of ICARTT Files Filtered: 14
2016-02-29 16:44:41.163 MESSAGE --- [   ICARTT_FileLoader].[              Filter]     New Number of ICARTT Files to Merge: 174
2016-02-29 16:44:41.163 MESSAGE --- [   ICARTT_FileLoader].[              Filter]     New number of Omitted ICARTT Files: 14
2016-02-29 16:44:41.163 MESSAGE --- [   ICARTT_FileLoader].[             LoadAll] Loading: C:\Users\atschaff\ICARTT Data\TEXAS_2013\P3B_AIRCRAFT\ANDERSON.BRUCE\DISCOVERAQ-LARGE-APS_P3B_20130904_R0.ict
2016-02-29 16:44:41.163 MESSAGE --- [   ICARTT_FileLoader].[             LoadAll] Loading: C:\Users\atschaff\ICARTT Data\TEXAS_2013\P3B_AIRCRAFT\ANDERSON.BRUCE\DISCOVERAQ-LARGE-APS_P3B_20130906_R0.ict
2016-02-29 16:44:41.163 MESSAGE --- [   ICARTT_FileLoader].[             LoadAll] Loading: C:\Users\atschaff\ICARTT Data\TEXAS_2013\P3B_AIRCRAFT\ANDERSON.BRUCE\DISCOVERAQ-LARGE-APS_P3B_20130911_R0.ict
2016-02-29 16:44:41.163 MESSAGE --- [   ICARTT_FileLoader].[             LoadAll] Loading: C:\Users\atschaff\ICARTT Data\TEXAS_2013\P3B_AIRCRAFT\ANDERSON.BRUCE\DISCOVERAQ-LARGE-APS_P3B_20130912_R0.ict
2016-02-29 16:44:41.163 MESSAGE --- [   ICARTT_FileLoader].[             LoadAll] Loading: C:\Users\atschaff\ICARTT Data\TEXAS_2013\P3B_AIRCRAFT\ANDERSON.BRUCE\DISCOVERAQ-LARGE-APS_P3B_20130913_R0.ict
2016-02-29 16:44:41.163 MESSAGE --- [   ICARTT_FileLoader].[             LoadAll] Loading: C:\Users\atschaff\ICARTT Data\TEXAS_2013\P3B_AIRCRAFT\ANDERSON.BRUCE\DISCOVERAQ-LARGE-APS_P3B_20130914_R0.ict
2016-02-29 16:44:41.163 MESSAGE --- [   ICARTT_FileLoader].[             LoadAll] Loading: C:\Users\atschaff\ICARTT Data\TEXAS_2013\P3B_AIRCRAFT\ANDERSON.BRUCE\DISCOVERAQ-LARGE-APS_P3B_20130924_R0.ict
2016-02-29 16:44:41.163 MESSAGE --- [   ICARTT_FileLoader].[             LoadAll] Loading: C:\Users\atschaff\ICARTT Data\TEXAS_2013\P3B_AIRCRAFT\ANDERSON.BRUCE\DISCOVERAQ-LARGE-APS_P3B_20130925_R0.ict
2016-02-29 16:44:41.163 MESSAGE --- [   ICARTT_FileLoader].[             LoadAll] Loading: C:\Users\atschaff\ICARTT Data\TEXAS_2013\P3B_AIRCRAFT\ANDERSON.BRUCE\DISCOVERAQ-LARGE-APS_P3B_20130926_R0.ict
2016-02-29 16:44:41.163 MESSAGE --- [   ICARTT_FileLoader].[             LoadAll] Loading: C:\Users\atschaff\ICARTT Data\TEXAS_2013\P3B_AIRCRAFT\ANDERSON.BRUCE\DISCOVERAQ-LARGE-CCN_P3B_20130904_R1.ict
2016-02-29 16:44:41.163 MESSAGE --- [   ICARTT_FileLoader].[             LoadAll] Loading: C:\Users\atschaff\ICARTT Data\TEXAS_2013\P3B_AIRCRAFT\ANDERSON.BRUCE\DISCOVERAQ-LARGE-CCN_P3B_20130906_R1.ict
2016-02-29 16:44:41.163 MESSAGE --- [   ICARTT_FileLoader].[             LoadAll] Loading: C:\Users\atschaff\ICARTT Data\TEXAS_2013\P3B_AIRCRAFT\ANDERSON.BRUCE\DISCOVERAQ-LARGE-CCN_P3B_20130911_R1.ict
2016-02-29 16:44:41.163 MESSAGE --- [   ICARTT_FileLoader].[             LoadAll] Loading: C:\Users\atschaff\ICARTT Data\TEXAS_2013\P3B_AIRCRAFT\ANDERSON.BRUCE\DISCOVERAQ-LARGE-CCN_P3B_20130912_R1.ict
2016-02-29 16:44:41.163 MESSAGE --- [   ICARTT_FileLoader].[             LoadAll] Loading: C:\Users\atschaff\ICARTT Data\TEXAS_2013\P3B_AIRCRAFT\ANDERSON.BRUCE\DISCOVERAQ-LARGE-CCN_P3B_20130913_R1.ict
2016-02-29 16:44:41.163 MESSAGE --- [   ICARTT_FileLoader].[             LoadAll] Loading: C:\Users\atschaff\ICARTT Data\TEXAS_2013\P3B_AIRCRAFT\ANDERSON.BRUCE\DISCOVERAQ-LARGE-CCN_P3B_20130914_R1.ict
2016-02-29 16:44:41.163 MESSAGE --- [   ICARTT_FileLoader].[             LoadAll] Loading: C:\Users\atschaff\ICARTT Data\TEXAS_2013\P3B_AIRCRAFT\ANDERSON.BRUCE\DISCOVERAQ-LARGE-CCN_P3B_20130924_R1.ict
2016-02-29 16:44:41.163 MESSAGE --- [   ICARTT_FileLoader].[             LoadAll] Loading: C:\Users\atschaff\ICARTT Data\TEXAS_2013\P3B_AIRCRAFT\ANDERSON.BRUCE\DISCOVERAQ-LARGE-CCN_P3B_20130925_R1.ict
2016-02-29 16:44:41.163 MESSAGE --- [   ICARTT_FileLoader].[             LoadAll] Loading: C:\Users\atschaff\ICARTT Data\TEXAS_2013\P3B_AIRCRAFT\ANDERSON.BRUCE\DISCOVERAQ-LARGE-CCN_P3B_20130926_R1.ict
2016-02-29 16:44:41.163 MESSAGE --- [   ICARTT_FileLoader].[             LoadAll] Loading: C:\Users\atschaff\ICARTT Data\TEXAS_2013\P3B_AIRCRAFT\ANDERSON.BRUCE\DISCOVERAQ-LARGE-CNC_P3B_20130904_R0.ict
2016-02-29 16:44:41.163 MESSAGE --- [   ICARTT_FileLoader].[             LoadAll] Loading: C:\Users\atschaff\ICARTT Data\TEXAS_2013\P3B_AIRCRAFT\ANDERSON.BRUCE\DISCOVERAQ-LARGE-CNC_P3B_20130906_R0.ict
2016-02-29 16:44:41.163 MESSAGE --- [   ICARTT_FileLoader].[             LoadAll] Loading: C:\Users\atschaff\ICARTT Data\TEXAS_2013\P3B_AIRCRAFT\ANDERSON.BRUCE\DISCOVERAQ-LARGE-CNC_P3B_20130911_R0.ict
2016-02-29 16:44:41.163 MESSAGE --- [   ICARTT_FileLoader].[             LoadAll] Loading: C:\Users\atschaff\ICARTT Data\TEXAS_2013\P3B_AIRCRAFT\ANDERSON.BRUCE\DISCOVERAQ-LARGE-CNC_P3B_20130912_R0.ict
2016-02-29 16:44:41.163 MESSAGE --- [   ICARTT_FileLoader].[             LoadAll] Loading: C:\Users\atschaff\ICARTT Data\TEXAS_2013\P3B_AIRCRAFT\ANDERSON.BRUCE\DISCOVERAQ-LARGE-CNC_P3B_20130913_R0.ict
2016-02-29 16:44:41.163 MESSAGE --- [   ICARTT_FileLoader].[             LoadAll] Loading: C:\Users\atschaff\ICARTT Data\TEXAS_2013\P3B_AIRCRAFT\ANDERSON.BRUCE\DISCOVERAQ-LARGE-CNC_P3B_20130914_R0.ict
2016-02-29 16:44:41.163 MESSAGE --- [   ICARTT_FileLoader].[             LoadAll] Loading: C:\Users\atschaff\ICARTT Data\TEXAS_2013\P3B_AIRCRAFT\ANDERSON.BRUCE\DISCOVERAQ-LARGE-CNC_P3B_20130924_R0.ict
2016-02-29 16:44:41.163 MESSAGE --- [   ICARTT_FileLoader].[             LoadAll] Loading: C:\Users\atschaff\ICARTT Data\TEXAS_2013\P3B_AIRCRAFT\ANDERSON.BRUCE\DISCOVERAQ-LARGE-CNC_P3B_20130925_R0.ict
2016-02-29 16:44:41.163 MESSAGE --- [   ICARTT_FileLoader].[             LoadAll] Loading: C:\Users\atschaff\ICARTT Data\TEXAS_2013\P3B_AIRCRAFT\ANDERSON.BRUCE\DISCOVERAQ-LARGE-CNC_P3B_20130926_R0.ict
2016-02-29 16:44:41.163 MESSAGE --- [   ICARTT_FileLoader].[             LoadAll] Loading: C:\Users\atschaff\ICARTT Data\TEXAS_2013\P3B_AIRCRAFT\ANDERSON.BRUCE\DISCOVERAQ-LARGE-OPTICAL_P3B_20130904_R1.ict
2016-02-29 16:44:41.163 MESSAGE --- [   ICARTT_FileLoader].[             LoadAll] Loading: C:\Users\atschaff\ICARTT Data\TEXAS_2013\P3B_AIRCRAFT\ANDERSON.BRUCE\DISCOVERAQ-LARGE-OPTICAL_P3B_20130906_R1.ict
2016-02-29 16:44:41.163 MESSAGE --- [   ICARTT_FileLoader].[             LoadAll] Loading: C:\Users\atschaff\ICARTT Data\TEXAS_2013\P3B_AIRCRAFT\ANDERSON.BRUCE\DISCOVERAQ-LARGE-OPTICAL_P3B_20130911_R1.ict
2016-02-29 16:44:41.163 MESSAGE --- [   ICARTT_FileLoader].[             LoadAll] Loading: C:\Users\atschaff\ICARTT Data\TEXAS_2013\P3B_AIRCRAFT\ANDERSON.BRUCE\DISCOVERAQ-LARGE-OPTICAL_P3B_20130912_R1.ict
2016-02-29 16:44:41.163 MESSAGE --- [   ICARTT_FileLoader].[             LoadAll] Loading: C:\Users\atschaff\ICARTT Data\TEXAS_2013\P3B_AIRCRAFT\ANDERSON.BRUCE\DISCOVERAQ-LARGE-OPTICAL_P3B_20130913_R1.ict
2016-02-29 16:44:41.163 MESSAGE --- [   ICARTT_FileLoader].[             LoadAll] Loading: C:\Users\atschaff\ICARTT Data\TEXAS_2013\P3B_AIRCRAFT\ANDERSON.BRUCE\DISCOVERAQ-LARGE-OPTICAL_P3B_20130914_R1.ict
2016-02-29 16:44:41.163 MESSAGE --- [   ICARTT_FileLoader].[             LoadAll] Loading: C:\Users\atschaff\ICARTT Data\TEXAS_2013\P3B_AIRCRAFT\ANDERSON.BRUCE\DISCOVERAQ-LARGE-OPTICAL_P3B_20130924_R2.ict
2016-02-29 16:44:41.163 MESSAGE --- [   ICARTT_FileLoader].[             LoadAll] Loading: C:\Users\atschaff\ICARTT Data\TEXAS_2013\P3B_AIRCRAFT\ANDERSON.BRUCE\DISCOVERAQ-LARGE-OPTICAL_P3B_20130925_R2.ict
2016-02-29 16:44:41.163 MESSAGE --- [   ICARTT_FileLoader].[             LoadAll] Loading: C:\Users\atschaff\ICARTT Data\TEXAS_2013\P3B_AIRCRAFT\ANDERSON.BRUCE\DISCOVERAQ-LARGE-OPTICAL_P3B_20130926_R2.ict
2016-02-29 16:44:41.163 MESSAGE --- [   ICARTT_FileLoader].[             LoadAll] Loading: C:\Users\atschaff\ICARTT Data\TEXAS_2013\P3B_AIRCRAFT\ANDERSON.BRUCE\DISCOVERAQ-LARGE-pilsIC_P3B_20130904_R0.ict
2016-02-29 16:44:41.163 MESSAGE --- [   ICARTT_FileLoader].[             LoadAll] Loading: C:\Users\atschaff\ICARTT Data\TEXAS_2013\P3B_AIRCRAFT\ANDERSON.BRUCE\DISCOVERAQ-LARGE-pilsIC_P3B_20130906_R0.ict
2016-02-29 16:44:41.163 MESSAGE --- [   ICARTT_FileLoader].[             LoadAll] Loading: C:\Users\atschaff\ICARTT Data\TEXAS_2013\P3B_AIRCRAFT\ANDERSON.BRUCE\DISCOVERAQ-LARGE-pilsIC_P3B_20130911_R0.ict
2016-02-29 16:44:41.163 MESSAGE --- [   ICARTT_FileLoader].[             LoadAll] Loading: C:\Users\atschaff\ICARTT Data\TEXAS_2013\P3B_AIRCRAFT\ANDERSON.BRUCE\DISCOVERAQ-LARGE-pilsIC_P3B_20130912_R0.ict
2016-02-29 16:44:41.163 MESSAGE --- [   ICARTT_FileLoader].[             LoadAll] Loading: C:\Users\atschaff\ICARTT Data\TEXAS_2013\P3B_AIRCRAFT\ANDERSON.BRUCE\DISCOVERAQ-LARGE-pilsIC_P3B_20130913_R0.ict
2016-02-29 16:44:41.163 MESSAGE --- [   ICARTT_FileLoader].[             LoadAll] Loading: C:\Users\atschaff\ICARTT Data\TEXAS_2013\P3B_AIRCRAFT\ANDERSON.BRUCE\DISCOVERAQ-LARGE-pilsIC_P3B_20130914_R0.ict
2016-02-29 16:44:41.163 MESSAGE --- [   ICARTT_FileLoader].[             LoadAll] Loading: C:\Users\atschaff\ICARTT Data\TEXAS_2013\P3B_AIRCRAFT\ANDERSON.BRUCE\DISCOVERAQ-LARGE-pilsIC_P3B_20130924_R0.ict
2016-02-29 16:44:41.163 MESSAGE --- [   ICARTT_FileLoader].[             LoadAll] Loading: C:\Users\atschaff\ICARTT Data\TEXAS_2013\P3B_AIRCRAFT\ANDERSON.BRUCE\DISCOVERAQ-LARGE-pilsIC_P3B_20130925_R0.ict
2016-02-29 16:44:41.163 MESSAGE --- [   ICARTT_FileLoader].[             LoadAll] Loading: C:\Users\atschaff\ICARTT Data\TEXAS_2013\P3B_AIRCRAFT\ANDERSON.BRUCE\DISCOVERAQ-LARGE-pilsIC_P3B_20130926_R0.ict
2016-02-29 16:44:41.163 MESSAGE --- [   ICARTT_FileLoader].[             LoadAll] Loading: C:\Users\atschaff\ICARTT Data\TEXAS_2013\P3B_AIRCRAFT\ANDERSON.BRUCE\DISCOVERAQ-LARGE-pilsTOC_P3B_20130904_R0.ict
2016-02-29 16:44:41.163 MESSAGE --- [   ICARTT_FileLoader].[             LoadAll] Loading: C:\Users\atschaff\ICARTT Data\TEXAS_2013\P3B_AIRCRAFT\ANDERSON.BRUCE\DISCOVERAQ-LARGE-pilsTOC_P3B_20130906_R0.ict
2016-02-29 16:44:41.163 MESSAGE --- [   ICARTT_FileLoader].[             LoadAll] Loading: C:\Users\atschaff\ICARTT Data\TEXAS_2013\P3B_AIRCRAFT\ANDERSON.BRUCE\DISCOVERAQ-LARGE-pilsTOC_P3B_20130911_R0.ict
2016-02-29 16:44:41.163 MESSAGE --- [   ICARTT_FileLoader].[             LoadAll] Loading: C:\Users\atschaff\ICARTT Data\TEXAS_2013\P3B_AIRCRAFT\ANDERSON.BRUCE\DISCOVERAQ-LARGE-pilsTOC_P3B_20130912_R0.ict
2016-02-29 16:44:41.163 MESSAGE --- [   ICARTT_FileLoader].[             LoadAll] Loading: C:\Users\atschaff\ICARTT Data\TEXAS_2013\P3B_AIRCRAFT\ANDERSON.BRUCE\DISCOVERAQ-LARGE-pilsTOC_P3B_20130913_R0.ict
2016-02-29 16:44:41.163 MESSAGE --- [   ICARTT_FileLoader].[             LoadAll] Loading: C:\Users\atschaff\ICARTT Data\TEXAS_2013\P3B_AIRCRAFT\ANDERSON.BRUCE\DISCOVERAQ-LARGE-pilsTOC_P3B_20130914_R0.ict
2016-02-29 16:44:41.163 MESSAGE --- [   ICARTT_FileLoader].[             LoadAll] Loading: C:\Users\atschaff\ICARTT Data\TEXAS_2013\P3B_AIRCRAFT\ANDERSON.BRUCE\DISCOVERAQ-LARGE-pilsTOC_P3B_20130924_R0.ict
2016-02-29 16:44:41.163 MESSAGE --- [   ICARTT_FileLoader].[             LoadAll] Loading: C:\Users\atschaff\ICARTT Data\TEXAS_2013\P3B_AIRCRAFT\ANDERSON.BRUCE\DISCOVERAQ-LARGE-pilsTOC_P3B_20130925_R0.ict
2016-02-29 16:44:41.163 MESSAGE --- [   ICARTT_FileLoader].[             LoadAll] Loading: C:\Users\atschaff\ICARTT Data\TEXAS_2013\P3B_AIRCRAFT\ANDERSON.BRUCE\DISCOVERAQ-LARGE-pilsTOC_P3B_20130926_R0.ict
2016-02-29 16:44:41.163 MESSAGE --- [   ICARTT_FileLoader].[             LoadAll] Loading: C:\Users\atschaff\ICARTT Data\TEXAS_2013\P3B_AIRCRAFT\ANDERSON.BRUCE\DISCOVERAQ-LARGE-SMPS_P3B_20130904_R0.ict
2016-02-29 16:44:41.163 MESSAGE --- [   ICARTT_FileLoader].[             LoadAll] Loading: C:\Users\atschaff\ICARTT Data\TEXAS_2013\P3B_AIRCRAFT\ANDERSON.BRUCE\DISCOVERAQ-LARGE-SMPS_P3B_20130906_R0.ict
2016-02-29 16:44:41.163 MESSAGE --- [   ICARTT_FileLoader].[             LoadAll] Loading: C:\Users\atschaff\ICARTT Data\TEXAS_2013\P3B_AIRCRAFT\ANDERSON.BRUCE\DISCOVERAQ-LARGE-SMPS_P3B_20130911_R0.ict
2016-02-29 16:44:41.163 MESSAGE --- [   ICARTT_FileLoader].[             LoadAll] Loading: C:\Users\atschaff\ICARTT Data\TEXAS_2013\P3B_AIRCRAFT\ANDERSON.BRUCE\DISCOVERAQ-LARGE-SMPS_P3B_20130912_R0.ict
2016-02-29 16:44:41.163 MESSAGE --- [   ICARTT_FileLoader].[             LoadAll] Loading: C:\Users\atschaff\ICARTT Data\TEXAS_2013\P3B_AIRCRAFT\ANDERSON.BRUCE\DISCOVERAQ-LARGE-SMPS_P3B_20130913_R0.ict
2016-02-29 16:44:41.163 MESSAGE --- [   ICARTT_FileLoader].[             LoadAll] Loading: C:\Users\atschaff\ICARTT Data\TEXAS_2013\P3B_AIRCRAFT\ANDERSON.BRUCE\DISCOVERAQ-LARGE-SMPS_P3B_20130914_R0.ict
2016-02-29 16:44:41.163 MESSAGE --- [   ICARTT_FileLoader].[             LoadAll] Loading: C:\Users\atschaff\ICARTT Data\TEXAS_2013\P3B_AIRCRAFT\ANDERSON.BRUCE\DISCOVERAQ-LARGE-SMPS_P3B_20130924_R0.ict
2016-02-29 16:44:41.163 MESSAGE --- [   ICARTT_FileLoader].[             LoadAll] Loading: C:\Users\atschaff\ICARTT Data\TEXAS_2013\P3B_AIRCRAFT\ANDERSON.BRUCE\DISCOVERAQ-LARGE-SMPS_P3B_20130925_R0.ict
2016-02-29 16:44:41.163 MESSAGE --- [   ICARTT_FileLoader].[             LoadAll] Loading: C:\Users\atschaff\ICARTT Data\TEXAS_2013\P3B_AIRCRAFT\ANDERSON.BRUCE\DISCOVERAQ-LARGE-SMPS_P3B_20130926_R0.ict
2016-02-29 16:44:41.163 MESSAGE --- [   ICARTT_FileLoader].[             LoadAll] Loading: C:\Users\atschaff\ICARTT Data\TEXAS_2013\P3B_AIRCRAFT\ANDERSON.BRUCE\DISCOVERAQ-LARGE-SP2_P3B_20130904_R0.ict
2016-02-29 16:44:41.163 MESSAGE --- [   ICARTT_FileLoader].[             LoadAll] Loading: C:\Users\atschaff\ICARTT Data\TEXAS_2013\P3B_AIRCRAFT\ANDERSON.BRUCE\DISCOVERAQ-LARGE-SP2_P3B_20130906_R0.ict
2016-02-29 16:44:41.163 MESSAGE --- [   ICARTT_FileLoader].[             LoadAll] Loading: C:\Users\atschaff\ICARTT Data\TEXAS_2013\P3B_AIRCRAFT\ANDERSON.BRUCE\DISCOVERAQ-LARGE-SP2_P3B_20130911_R0.ict
2016-02-29 16:44:41.163 MESSAGE --- [   ICARTT_FileLoader].[             LoadAll] Loading: C:\Users\atschaff\ICARTT Data\TEXAS_2013\P3B_AIRCRAFT\ANDERSON.BRUCE\DISCOVERAQ-LARGE-SP2_P3B_20130912_R0.ict
2016-02-29 16:44:41.163 MESSAGE --- [   ICARTT_FileLoader].[             LoadAll] Loading: C:\Users\atschaff\ICARTT Data\TEXAS_2013\P3B_AIRCRAFT\ANDERSON.BRUCE\DISCOVERAQ-LARGE-SP2_P3B_20130913_R0.ict
2016-02-29 16:44:41.163 MESSAGE --- [   ICARTT_FileLoader].[             LoadAll] Loading: C:\Users\atschaff\ICARTT Data\TEXAS_2013\P3B_AIRCRAFT\ANDERSON.BRUCE\DISCOVERAQ-LARGE-SP2_P3B_20130914_R0.ict
2016-02-29 16:44:41.163 MESSAGE --- [   ICARTT_FileLoader].[             LoadAll] Loading: C:\Users\atschaff\ICARTT Data\TEXAS_2013\P3B_AIRCRAFT\ANDERSON.BRUCE\DISCOVERAQ-LARGE-SP2_P3B_20130925_R0.ict
2016-02-29 16:44:41.163 MESSAGE --- [   ICARTT_FileLoader].[             LoadAll] Loading: C:\Users\atschaff\ICARTT Data\TEXAS_2013\P3B_AIRCRAFT\ANDERSON.BRUCE\DISCOVERAQ-LARGE-SP2_P3B_20130926_R0.ict
2016-02-29 16:44:41.163 MESSAGE --- [   ICARTT_FileLoader].[             LoadAll] Loading: C:\Users\atschaff\ICARTT Data\TEXAS_2013\P3B_AIRCRAFT\ANDERSON.BRUCE\DISCOVERAQ-LARGE-UHSAS_P3B_20130904_R0.ict
2016-02-29 16:44:41.163 MESSAGE --- [   ICARTT_FileLoader].[             LoadAll] Loading: C:\Users\atschaff\ICARTT Data\TEXAS_2013\P3B_AIRCRAFT\ANDERSON.BRUCE\DISCOVERAQ-LARGE-UHSAS_P3B_20130906_R0.ict
2016-02-29 16:44:41.163 MESSAGE --- [   ICARTT_FileLoader].[             LoadAll] Loading: C:\Users\atschaff\ICARTT Data\TEXAS_2013\P3B_AIRCRAFT\ANDERSON.BRUCE\DISCOVERAQ-LARGE-UHSAS_P3B_20130911_R0.ict
2016-02-29 16:44:41.163 MESSAGE --- [   ICARTT_FileLoader].[             LoadAll] Loading: C:\Users\atschaff\ICARTT Data\TEXAS_2013\P3B_AIRCRAFT\ANDERSON.BRUCE\DISCOVERAQ-LARGE-UHSAS_P3B_20130912_R0.ict
2016-02-29 16:44:41.163 MESSAGE --- [   ICARTT_FileLoader].[             LoadAll] Loading: C:\Users\atschaff\ICARTT Data\TEXAS_2013\P3B_AIRCRAFT\ANDERSON.BRUCE\DISCOVERAQ-LARGE-UHSAS_P3B_20130913_R0.ict
2016-02-29 16:44:41.163 MESSAGE --- [   ICARTT_FileLoader].[             LoadAll] Loading: C:\Users\atschaff\ICARTT Data\TEXAS_2013\P3B_AIRCRAFT\ANDERSON.BRUCE\DISCOVERAQ-LARGE-UHSAS_P3B_20130914_R0.ict
2016-02-29 16:44:41.163 MESSAGE --- [   ICARTT_FileLoader].[             LoadAll] Loading: C:\Users\atschaff\ICARTT Data\TEXAS_2013\P3B_AIRCRAFT\ANDERSON.BRUCE\DISCOVERAQ-LARGE-UHSAS_P3B_20130924_R0.ict
2016-02-29 16:44:41.163 MESSAGE --- [   ICARTT_FileLoader].[             LoadAll] Loading: C:\Users\atschaff\ICARTT Data\TEXAS_2013\P3B_AIRCRAFT\ANDERSON.BRUCE\DISCOVERAQ-LARGE-UHSAS_P3B_20130925_R0.ict
2016-02-29 16:44:41.163 MESSAGE --- [   ICARTT_FileLoader].[             LoadAll] Loading: C:\Users\atschaff\ICARTT Data\TEXAS_2013\P3B_AIRCRAFT\ANDERSON.BRUCE\DISCOVERAQ-LARGE-UHSAS_P3B_20130926_R0.ict
2016-02-29 16:44:41.163 MESSAGE --- [   ICARTT_FileLoader].[             LoadAll] Loading: C:\Users\atschaff\ICARTT Data\TEXAS_2013\P3B_AIRCRAFT\BARRICK.JOHN\discoveraq-pds_p3b_20130902_r1.ict
2016-02-29 16:44:41.163 MESSAGE --- [   ICARTT_FileLoader].[             LoadAll] Loading: C:\Users\atschaff\ICARTT Data\TEXAS_2013\P3B_AIRCRAFT\BARRICK.JOHN\discoveraq-pds_p3b_20130904_r1.ict
2016-02-29 16:44:41.179 MESSAGE --- [   ICARTT_FileLoader].[             LoadAll] Loading: C:\Users\atschaff\ICARTT Data\TEXAS_2013\P3B_AIRCRAFT\BARRICK.JOHN\discoveraq-pds_p3b_20130906_r1.ict
2016-02-29 16:44:41.179 MESSAGE --- [   ICARTT_FileLoader].[             LoadAll] Loading: C:\Users\atschaff\ICARTT Data\TEXAS_2013\P3B_AIRCRAFT\BARRICK.JOHN\discoveraq-pds_p3b_20130911_r1.ict
2016-02-29 16:44:41.179 MESSAGE --- [   ICARTT_FileLoader].[             LoadAll] Loading: C:\Users\atschaff\ICARTT Data\TEXAS_2013\P3B_AIRCRAFT\BARRICK.JOHN\discoveraq-pds_p3b_20130912_r1.ict
2016-02-29 16:44:41.179 MESSAGE --- [   ICARTT_FileLoader].[             LoadAll] Loading: C:\Users\atschaff\ICARTT Data\TEXAS_2013\P3B_AIRCRAFT\BARRICK.JOHN\discoveraq-pds_p3b_20130913_r1.ict
2016-02-29 16:44:41.179 MESSAGE --- [   ICARTT_FileLoader].[             LoadAll] Loading: C:\Users\atschaff\ICARTT Data\TEXAS_2013\P3B_AIRCRAFT\BARRICK.JOHN\discoveraq-pds_p3b_20130914_r1.ict
2016-02-29 16:44:41.179 MESSAGE --- [   ICARTT_FileLoader].[             LoadAll] Loading: C:\Users\atschaff\ICARTT Data\TEXAS_2013\P3B_AIRCRAFT\BARRICK.JOHN\discoveraq-pds_p3b_20130918_r1.ict
2016-02-29 16:44:41.179 MESSAGE --- [   ICARTT_FileLoader].[             LoadAll] Loading: C:\Users\atschaff\ICARTT Data\TEXAS_2013\P3B_AIRCRAFT\BARRICK.JOHN\discoveraq-pds_p3b_20130924_r1.ict
2016-02-29 16:44:41.179 MESSAGE --- [   ICARTT_FileLoader].[             LoadAll] Loading: C:\Users\atschaff\ICARTT Data\TEXAS_2013\P3B_AIRCRAFT\BARRICK.JOHN\discoveraq-pds_p3b_20130925_r1.ict
2016-02-29 16:44:41.179 MESSAGE --- [   ICARTT_FileLoader].[             LoadAll] Loading: C:\Users\atschaff\ICARTT Data\TEXAS_2013\P3B_AIRCRAFT\BARRICK.JOHN\discoveraq-pds_p3b_20130926_r1.ict
2016-02-29 16:44:41.179 MESSAGE --- [   ICARTT_FileLoader].[             LoadAll] Loading: C:\Users\atschaff\ICARTT Data\TEXAS_2013\P3B_AIRCRAFT\COHEN.RONALD\DISCOVERAQ-TDLIF-NO2_P3B_20130904_R0.ict
2016-02-29 16:44:41.179 MESSAGE --- [   ICARTT_FileLoader].[             LoadAll] Loading: C:\Users\atschaff\ICARTT Data\TEXAS_2013\P3B_AIRCRAFT\COHEN.RONALD\DISCOVERAQ-TDLIF-NO2_P3B_20130906_R0.ict
2016-02-29 16:44:41.179 MESSAGE --- [   ICARTT_FileLoader].[             LoadAll] Loading: C:\Users\atschaff\ICARTT Data\TEXAS_2013\P3B_AIRCRAFT\COHEN.RONALD\DISCOVERAQ-TDLIF-NO2_P3B_20130911_R0.ict
2016-02-29 16:44:41.179 MESSAGE --- [   ICARTT_FileLoader].[             LoadAll] Loading: C:\Users\atschaff\ICARTT Data\TEXAS_2013\P3B_AIRCRAFT\COHEN.RONALD\DISCOVERAQ-TDLIF-NO2_P3B_20130912_R0.ict
2016-02-29 16:44:41.179 MESSAGE --- [   ICARTT_FileLoader].[             LoadAll] Loading: C:\Users\atschaff\ICARTT Data\TEXAS_2013\P3B_AIRCRAFT\COHEN.RONALD\DISCOVERAQ-TDLIF-NO2_P3B_20130913_R0.ict
2016-02-29 16:44:41.179 MESSAGE --- [   ICARTT_FileLoader].[             LoadAll] Loading: C:\Users\atschaff\ICARTT Data\TEXAS_2013\P3B_AIRCRAFT\COHEN.RONALD\DISCOVERAQ-TDLIF-NO2_P3B_20130914_R0.ict
2016-02-29 16:44:41.179 MESSAGE --- [   ICARTT_FileLoader].[             LoadAll] Loading: C:\Users\atschaff\ICARTT Data\TEXAS_2013\P3B_AIRCRAFT\COHEN.RONALD\DISCOVERAQ-TDLIF-NO2_P3B_20130924_R0.ict
2016-02-29 16:44:41.179 MESSAGE --- [   ICARTT_FileLoader].[             LoadAll] Loading: C:\Users\atschaff\ICARTT Data\TEXAS_2013\P3B_AIRCRAFT\COHEN.RONALD\DISCOVERAQ-TDLIF-NO2_P3B_20130925_R0.ict
2016-02-29 16:44:41.179 MESSAGE --- [   ICARTT_FileLoader].[             LoadAll] Loading: C:\Users\atschaff\ICARTT Data\TEXAS_2013\P3B_AIRCRAFT\COHEN.RONALD\DISCOVERAQ-TDLIF-NO2_P3B_20130926_R0.ict
2016-02-29 16:44:41.179 MESSAGE --- [   ICARTT_FileLoader].[             LoadAll] Loading: C:\Users\atschaff\ICARTT Data\TEXAS_2013\P3B_AIRCRAFT\DISKIN.GLENN\DISCOVERAQ-DACOM_P3B_20130904_R1.ict
2016-02-29 16:44:41.179 MESSAGE --- [   ICARTT_FileLoader].[             LoadAll] Loading: C:\Users\atschaff\ICARTT Data\TEXAS_2013\P3B_AIRCRAFT\DISKIN.GLENN\DISCOVERAQ-DACOM_P3B_20130906_R1.ict
2016-02-29 16:44:41.179 MESSAGE --- [   ICARTT_FileLoader].[             LoadAll] Loading: C:\Users\atschaff\ICARTT Data\TEXAS_2013\P3B_AIRCRAFT\DISKIN.GLENN\DISCOVERAQ-DACOM_P3B_20130911_R1.ict
2016-02-29 16:44:41.179 MESSAGE --- [   ICARTT_FileLoader].[             LoadAll] Loading: C:\Users\atschaff\ICARTT Data\TEXAS_2013\P3B_AIRCRAFT\DISKIN.GLENN\DISCOVERAQ-DACOM_P3B_20130912_R1.ict
2016-02-29 16:44:41.179 MESSAGE --- [   ICARTT_FileLoader].[             LoadAll] Loading: C:\Users\atschaff\ICARTT Data\TEXAS_2013\P3B_AIRCRAFT\DISKIN.GLENN\DISCOVERAQ-DACOM_P3B_20130913_R1.ict
2016-02-29 16:44:41.179 MESSAGE --- [   ICARTT_FileLoader].[             LoadAll] Loading: C:\Users\atschaff\ICARTT Data\TEXAS_2013\P3B_AIRCRAFT\DISKIN.GLENN\DISCOVERAQ-DACOM_P3B_20130914_R1.ict
2016-02-29 16:44:41.179 MESSAGE --- [   ICARTT_FileLoader].[             LoadAll] Loading: C:\Users\atschaff\ICARTT Data\TEXAS_2013\P3B_AIRCRAFT\DISKIN.GLENN\DISCOVERAQ-DACOM_P3B_20130924_R1.ict
2016-02-29 16:44:41.179 MESSAGE --- [   ICARTT_FileLoader].[             LoadAll] Loading: C:\Users\atschaff\ICARTT Data\TEXAS_2013\P3B_AIRCRAFT\DISKIN.GLENN\DISCOVERAQ-DACOM_P3B_20130925_R1.ict
2016-02-29 16:44:41.179 MESSAGE --- [   ICARTT_FileLoader].[             LoadAll] Loading: C:\Users\atschaff\ICARTT Data\TEXAS_2013\P3B_AIRCRAFT\DISKIN.GLENN\DISCOVERAQ-DACOM_P3B_20130926_R1.ict
2016-02-29 16:44:41.179 MESSAGE --- [   ICARTT_FileLoader].[             LoadAll] Loading: C:\Users\atschaff\ICARTT Data\TEXAS_2013\P3B_AIRCRAFT\DISKIN.GLENN\DISCOVERAQ-DLH_P3B_20130904_R0.ict
2016-02-29 16:44:41.179 MESSAGE --- [   ICARTT_FileLoader].[             LoadAll] Loading: C:\Users\atschaff\ICARTT Data\TEXAS_2013\P3B_AIRCRAFT\DISKIN.GLENN\DISCOVERAQ-DLH_P3B_20130906_R0.ict
2016-02-29 16:44:41.179 MESSAGE --- [   ICARTT_FileLoader].[             LoadAll] Loading: C:\Users\atschaff\ICARTT Data\TEXAS_2013\P3B_AIRCRAFT\DISKIN.GLENN\DISCOVERAQ-DLH_P3B_20130911_R0.ict
2016-02-29 16:44:41.179 MESSAGE --- [   ICARTT_FileLoader].[             LoadAll] Loading: C:\Users\atschaff\ICARTT Data\TEXAS_2013\P3B_AIRCRAFT\DISKIN.GLENN\DISCOVERAQ-DLH_P3B_20130912_R0.ict
2016-02-29 16:44:41.179 MESSAGE --- [   ICARTT_FileLoader].[             LoadAll] Loading: C:\Users\atschaff\ICARTT Data\TEXAS_2013\P3B_AIRCRAFT\DISKIN.GLENN\DISCOVERAQ-DLH_P3B_20130913_R0.ict
2016-02-29 16:44:41.179 MESSAGE --- [   ICARTT_FileLoader].[             LoadAll] Loading: C:\Users\atschaff\ICARTT Data\TEXAS_2013\P3B_AIRCRAFT\DISKIN.GLENN\DISCOVERAQ-DLH_P3B_20130914_R0.ict
2016-02-29 16:44:41.179 MESSAGE --- [   ICARTT_FileLoader].[             LoadAll] Loading: C:\Users\atschaff\ICARTT Data\TEXAS_2013\P3B_AIRCRAFT\DISKIN.GLENN\DISCOVERAQ-DLH_P3B_20130924_R0.ict
2016-02-29 16:44:41.179 MESSAGE --- [   ICARTT_FileLoader].[             LoadAll] Loading: C:\Users\atschaff\ICARTT Data\TEXAS_2013\P3B_AIRCRAFT\DISKIN.GLENN\DISCOVERAQ-DLH_P3B_20130925_R0.ict
2016-02-29 16:44:41.179 MESSAGE --- [   ICARTT_FileLoader].[             LoadAll] Loading: C:\Users\atschaff\ICARTT Data\TEXAS_2013\P3B_AIRCRAFT\DISKIN.GLENN\DISCOVERAQ-DLH_P3B_20130926_R0.ict
2016-02-29 16:44:41.179 MESSAGE --- [   ICARTT_FileLoader].[             LoadAll] Loading: C:\Users\atschaff\ICARTT Data\TEXAS_2013\P3B_AIRCRAFT\FRIED.ALAN\DiscoverAQ-CH2O_P3B_20130904_R0.ict
2016-02-29 16:44:41.179 MESSAGE --- [   ICARTT_FileLoader].[             LoadAll] Loading: C:\Users\atschaff\ICARTT Data\TEXAS_2013\P3B_AIRCRAFT\FRIED.ALAN\DiscoverAQ-CH2O_P3B_20130906_R0.ict
2016-02-29 16:44:41.179 MESSAGE --- [   ICARTT_FileLoader].[             LoadAll] Loading: C:\Users\atschaff\ICARTT Data\TEXAS_2013\P3B_AIRCRAFT\FRIED.ALAN\DiscoverAQ-CH2O_P3B_20130911_R0.ict
2016-02-29 16:44:41.179 MESSAGE --- [   ICARTT_FileLoader].[             LoadAll] Loading: C:\Users\atschaff\ICARTT Data\TEXAS_2013\P3B_AIRCRAFT\FRIED.ALAN\DiscoverAQ-CH2O_P3B_20130912_R0.ict
2016-02-29 16:44:41.179 MESSAGE --- [   ICARTT_FileLoader].[             LoadAll] Loading: C:\Users\atschaff\ICARTT Data\TEXAS_2013\P3B_AIRCRAFT\FRIED.ALAN\DiscoverAQ-CH2O_P3B_20130913_R0.ict
2016-02-29 16:44:41.179 MESSAGE --- [   ICARTT_FileLoader].[             LoadAll] Loading: C:\Users\atschaff\ICARTT Data\TEXAS_2013\P3B_AIRCRAFT\FRIED.ALAN\DiscoverAQ-CH2O_P3B_20130914_R0.ict
2016-02-29 16:44:41.179 MESSAGE --- [   ICARTT_FileLoader].[             LoadAll] Loading: C:\Users\atschaff\ICARTT Data\TEXAS_2013\P3B_AIRCRAFT\FRIED.ALAN\DiscoverAQ-CH2O_P3B_20130924_R0.ict
2016-02-29 16:44:41.179 MESSAGE --- [   ICARTT_FileLoader].[             LoadAll] Loading: C:\Users\atschaff\ICARTT Data\TEXAS_2013\P3B_AIRCRAFT\FRIED.ALAN\DiscoverAQ-CH2O_P3B_20130925_R0.ict
2016-02-29 16:44:41.179 MESSAGE --- [   ICARTT_FileLoader].[             LoadAll] Loading: C:\Users\atschaff\ICARTT Data\TEXAS_2013\P3B_AIRCRAFT\FRIED.ALAN\DiscoverAQ-CH2O_P3B_20130926_R0.ict
2016-02-29 16:44:41.179 MESSAGE --- [   ICARTT_FileLoader].[             LoadAll] Loading: C:\Users\atschaff\ICARTT Data\TEXAS_2013\P3B_AIRCRAFT\HOLLOWAY.JOHN\DiscoverAQ-SO2_P3B_20130904_R1.ict
2016-02-29 16:44:41.179 MESSAGE --- [   ICARTT_FileLoader].[             LoadAll] Loading: C:\Users\atschaff\ICARTT Data\TEXAS_2013\P3B_AIRCRAFT\HOLLOWAY.JOHN\DiscoverAQ-SO2_P3B_20130906_R1.ict
2016-02-29 16:44:41.179 MESSAGE --- [   ICARTT_FileLoader].[             LoadAll] Loading: C:\Users\atschaff\ICARTT Data\TEXAS_2013\P3B_AIRCRAFT\HOLLOWAY.JOHN\DiscoverAQ-SO2_P3B_20130911_R1.ict
2016-02-29 16:44:41.179 MESSAGE --- [   ICARTT_FileLoader].[             LoadAll] Loading: C:\Users\atschaff\ICARTT Data\TEXAS_2013\P3B_AIRCRAFT\HOLLOWAY.JOHN\DiscoverAQ-SO2_P3B_20130912_R1.ict
2016-02-29 16:44:41.179 MESSAGE --- [   ICARTT_FileLoader].[             LoadAll] Loading: C:\Users\atschaff\ICARTT Data\TEXAS_2013\P3B_AIRCRAFT\HOLLOWAY.JOHN\DiscoverAQ-SO2_P3B_20130913_R1.ict
2016-02-29 16:44:41.179 MESSAGE --- [   ICARTT_FileLoader].[             LoadAll] Loading: C:\Users\atschaff\ICARTT Data\TEXAS_2013\P3B_AIRCRAFT\HOLLOWAY.JOHN\DiscoverAQ-SO2_P3B_20130914_R1.ict
2016-02-29 16:44:41.179 MESSAGE --- [   ICARTT_FileLoader].[             LoadAll] Loading: C:\Users\atschaff\ICARTT Data\TEXAS_2013\P3B_AIRCRAFT\HOLLOWAY.JOHN\DiscoverAQ-SO2_P3B_20130924_R1.ict
2016-02-29 16:44:41.179 MESSAGE --- [   ICARTT_FileLoader].[             LoadAll] Loading: C:\Users\atschaff\ICARTT Data\TEXAS_2013\P3B_AIRCRAFT\HOLLOWAY.JOHN\DiscoverAQ-SO2_P3B_20130925_R1.ict
2016-02-29 16:44:41.179 MESSAGE --- [   ICARTT_FileLoader].[             LoadAll] Loading: C:\Users\atschaff\ICARTT Data\TEXAS_2013\P3B_AIRCRAFT\HOLLOWAY.JOHN\DiscoverAQ-SO2_P3B_20130926_R1.ict
2016-02-29 16:44:41.179 MESSAGE --- [   ICARTT_FileLoader].[             LoadAll] Loading: C:\Users\atschaff\ICARTT Data\TEXAS_2013\P3B_AIRCRAFT\VANGILST.DAVID\discoveraq-reveal_p3b_20130828_r0.ict
2016-02-29 16:44:41.179 MESSAGE --- [   ICARTT_FileLoader].[             LoadAll] Loading: C:\Users\atschaff\ICARTT Data\TEXAS_2013\P3B_AIRCRAFT\VANGILST.DAVID\discoveraq-reveal_p3b_20130902_r0.ict
2016-02-29 16:44:41.179 MESSAGE --- [   ICARTT_FileLoader].[             LoadAll] Loading: C:\Users\atschaff\ICARTT Data\TEXAS_2013\P3B_AIRCRAFT\VANGILST.DAVID\discoveraq-reveal_p3b_20130904_r1.ict
2016-02-29 16:44:41.179 MESSAGE --- [   ICARTT_FileLoader].[             LoadAll] Loading: C:\Users\atschaff\ICARTT Data\TEXAS_2013\P3B_AIRCRAFT\VANGILST.DAVID\discoveraq-reveal_p3b_20130906_r1.ict
2016-02-29 16:44:41.179 MESSAGE --- [   ICARTT_FileLoader].[             LoadAll] Loading: C:\Users\atschaff\ICARTT Data\TEXAS_2013\P3B_AIRCRAFT\VANGILST.DAVID\discoveraq-reveal_p3b_20130911_r1.ict
2016-02-29 16:44:41.179 MESSAGE --- [   ICARTT_FileLoader].[             LoadAll] Loading: C:\Users\atschaff\ICARTT Data\TEXAS_2013\P3B_AIRCRAFT\VANGILST.DAVID\discoveraq-reveal_p3b_20130912_r1.ict
2016-02-29 16:44:41.179 MESSAGE --- [   ICARTT_FileLoader].[             LoadAll] Loading: C:\Users\atschaff\ICARTT Data\TEXAS_2013\P3B_AIRCRAFT\VANGILST.DAVID\discoveraq-reveal_p3b_20130913_r1.ict
2016-02-29 16:44:41.179 MESSAGE --- [   ICARTT_FileLoader].[             LoadAll] Loading: C:\Users\atschaff\ICARTT Data\TEXAS_2013\P3B_AIRCRAFT\VANGILST.DAVID\discoveraq-reveal_p3b_20130914_r1.ict
2016-02-29 16:44:41.179 MESSAGE --- [   ICARTT_FileLoader].[             LoadAll] Loading: C:\Users\atschaff\ICARTT Data\TEXAS_2013\P3B_AIRCRAFT\VANGILST.DAVID\discoveraq-reveal_p3b_20130924_r1.ict
2016-02-29 16:44:41.179 MESSAGE --- [   ICARTT_FileLoader].[             LoadAll] Loading: C:\Users\atschaff\ICARTT Data\TEXAS_2013\P3B_AIRCRAFT\VANGILST.DAVID\discoveraq-reveal_p3b_20130925_r1.ict
2016-02-29 16:44:41.179 MESSAGE --- [   ICARTT_FileLoader].[             LoadAll] Loading: C:\Users\atschaff\ICARTT Data\TEXAS_2013\P3B_AIRCRAFT\VANGILST.DAVID\discoveraq-reveal_p3b_20130926_r1.ict
2016-02-29 16:44:41.179 MESSAGE --- [   ICARTT_FileLoader].[             LoadAll] Loading: C:\Users\atschaff\ICARTT Data\TEXAS_2013\P3B_AIRCRAFT\WEINHEIMER.ANDREW\DISCOVERAQ-NOXYO3_P3B_20130904_R0.ict
2016-02-29 16:44:41.179 MESSAGE --- [   ICARTT_FileLoader].[             LoadAll] Loading: C:\Users\atschaff\ICARTT Data\TEXAS_2013\P3B_AIRCRAFT\WEINHEIMER.ANDREW\DISCOVERAQ-NOXYO3_P3B_20130906_R0.ict
2016-02-29 16:44:41.179 MESSAGE --- [   ICARTT_FileLoader].[             LoadAll] Loading: C:\Users\atschaff\ICARTT Data\TEXAS_2013\P3B_AIRCRAFT\WEINHEIMER.ANDREW\DISCOVERAQ-NOXYO3_P3B_20130911_R0.ict
2016-02-29 16:44:41.179 MESSAGE --- [   ICARTT_FileLoader].[             LoadAll] Loading: C:\Users\atschaff\ICARTT Data\TEXAS_2013\P3B_AIRCRAFT\WEINHEIMER.ANDREW\DISCOVERAQ-NOXYO3_P3B_20130912_R0.ict
2016-02-29 16:44:41.179 MESSAGE --- [   ICARTT_FileLoader].[             LoadAll] Loading: C:\Users\atschaff\ICARTT Data\TEXAS_2013\P3B_AIRCRAFT\WEINHEIMER.ANDREW\DISCOVERAQ-NOXYO3_P3B_20130913_R0.ict
2016-02-29 16:44:41.179 MESSAGE --- [   ICARTT_FileLoader].[             LoadAll] Loading: C:\Users\atschaff\ICARTT Data\TEXAS_2013\P3B_AIRCRAFT\WEINHEIMER.ANDREW\DISCOVERAQ-NOXYO3_P3B_20130914_R0.ict
2016-02-29 16:44:41.179 MESSAGE --- [   ICARTT_FileLoader].[             LoadAll] Loading: C:\Users\atschaff\ICARTT Data\TEXAS_2013\P3B_AIRCRAFT\WEINHEIMER.ANDREW\DISCOVERAQ-NOXYO3_P3B_20130924_R0.ict
2016-02-29 16:44:41.179 MESSAGE --- [   ICARTT_FileLoader].[             LoadAll] Loading: C:\Users\atschaff\ICARTT Data\TEXAS_2013\P3B_AIRCRAFT\WEINHEIMER.ANDREW\DISCOVERAQ-NOXYO3_P3B_20130925_R0.ict
2016-02-29 16:44:41.179 MESSAGE --- [   ICARTT_FileLoader].[             LoadAll] Loading: C:\Users\atschaff\ICARTT Data\TEXAS_2013\P3B_AIRCRAFT\WEINHEIMER.ANDREW\DISCOVERAQ-NOXYO3_P3B_20130926_R0.ict
2016-02-29 16:44:41.179 MESSAGE --- [   ICARTT_FileLoader].[             LoadAll] Loading: C:\Users\atschaff\ICARTT Data\TEXAS_2013\P3B_AIRCRAFT\WISTHALER.ARMIN\discoveraq-PTRTOF-NMHCs_P3B_20130904_R0.ict
2016-02-29 16:44:41.179 MESSAGE --- [   ICARTT_FileLoader].[             LoadAll] Loading: C:\Users\atschaff\ICARTT Data\TEXAS_2013\P3B_AIRCRAFT\WISTHALER.ARMIN\discoveraq-PTRTOF-NMHCs_P3B_20130906_R0.ict
2016-02-29 16:44:41.179 MESSAGE --- [   ICARTT_FileLoader].[             LoadAll] Loading: C:\Users\atschaff\ICARTT Data\TEXAS_2013\P3B_AIRCRAFT\WISTHALER.ARMIN\discoveraq-PTRTOF-NMHCs_P3B_20130911_R0.ict
2016-02-29 16:44:41.179 MESSAGE --- [   ICARTT_FileLoader].[             LoadAll] Loading: C:\Users\atschaff\ICARTT Data\TEXAS_2013\P3B_AIRCRAFT\WISTHALER.ARMIN\discoveraq-PTRTOF-NMHCs_P3B_20130912_R0.ict
2016-02-29 16:44:41.179 MESSAGE --- [   ICARTT_FileLoader].[             LoadAll] Loading: C:\Users\atschaff\ICARTT Data\TEXAS_2013\P3B_AIRCRAFT\WISTHALER.ARMIN\discoveraq-PTRTOF-NMHCs_P3B_20130913_R0.ict
2016-02-29 16:44:41.179 MESSAGE --- [   ICARTT_FileLoader].[             LoadAll] Loading: C:\Users\atschaff\ICARTT Data\TEXAS_2013\P3B_AIRCRAFT\WISTHALER.ARMIN\discoveraq-PTRTOF-NMHCs_P3B_20130914_R0.ict
2016-02-29 16:44:41.179 MESSAGE --- [   ICARTT_FileLoader].[             LoadAll] Loading: C:\Users\atschaff\ICARTT Data\TEXAS_2013\P3B_AIRCRAFT\WISTHALER.ARMIN\discoveraq-PTRTOF-NMHCs_P3B_20130924_R0.ict
2016-02-29 16:44:41.179 MESSAGE --- [   ICARTT_FileLoader].[             LoadAll] Loading: C:\Users\atschaff\ICARTT Data\TEXAS_2013\P3B_AIRCRAFT\WISTHALER.ARMIN\discoveraq-PTRTOF-NMHCs_P3B_20130925_R0.ict
2016-02-29 16:44:41.179 MESSAGE --- [   ICARTT_FileLoader].[             LoadAll] Loading: C:\Users\atschaff\ICARTT Data\TEXAS_2013\P3B_AIRCRAFT\WISTHALER.ARMIN\discoveraq-PTRTOF-NMHCs_P3B_20130926_R0.ict
2016-02-29 16:44:41.179 MESSAGE --- [   ICARTT_FileLoader].[             LoadAll] Loading: C:\Users\atschaff\ICARTT Data\TEXAS_2013\P3B_AIRCRAFT\YANG.MELISSA\discoveraq-CO2_p3b_20130904_R0.ict
2016-02-29 16:44:41.179 MESSAGE --- [   ICARTT_FileLoader].[             LoadAll] Loading: C:\Users\atschaff\ICARTT Data\TEXAS_2013\P3B_AIRCRAFT\YANG.MELISSA\discoveraq-CO2_p3b_20130906_R0.ict
2016-02-29 16:44:41.179 MESSAGE --- [   ICARTT_FileLoader].[             LoadAll] Loading: C:\Users\atschaff\ICARTT Data\TEXAS_2013\P3B_AIRCRAFT\YANG.MELISSA\discoveraq-CO2_p3b_20130911_R0.ict
2016-02-29 16:44:41.179 MESSAGE --- [   ICARTT_FileLoader].[             LoadAll] Loading: C:\Users\atschaff\ICARTT Data\TEXAS_2013\P3B_AIRCRAFT\YANG.MELISSA\discoveraq-CO2_p3b_20130912_R0.ict
2016-02-29 16:44:41.179 MESSAGE --- [   ICARTT_FileLoader].[             LoadAll] Loading: C:\Users\atschaff\ICARTT Data\TEXAS_2013\P3B_AIRCRAFT\YANG.MELISSA\discoveraq-CO2_p3b_20130913_R0.ict
2016-02-29 16:44:41.179 MESSAGE --- [   ICARTT_FileLoader].[             LoadAll] Loading: C:\Users\atschaff\ICARTT Data\TEXAS_2013\P3B_AIRCRAFT\YANG.MELISSA\discoveraq-CO2_p3b_20130914_R0.ict
2016-02-29 16:44:41.179 MESSAGE --- [   ICARTT_FileLoader].[             LoadAll] Loading: C:\Users\atschaff\ICARTT Data\TEXAS_2013\P3B_AIRCRAFT\YANG.MELISSA\discoveraq-CO2_p3b_20130924_R0.ict
2016-02-29 16:44:41.179 MESSAGE --- [   ICARTT_FileLoader].[             LoadAll] Loading: C:\Users\atschaff\ICARTT Data\TEXAS_2013\P3B_AIRCRAFT\YANG.MELISSA\discoveraq-CO2_p3b_20130925_R0.ict
2016-02-29 16:44:41.179 MESSAGE --- [   ICARTT_FileLoader].[             LoadAll] Loading: C:\Users\atschaff\ICARTT Data\TEXAS_2013\P3B_AIRCRAFT\YANG.MELISSA\discoveraq-CO2_p3b_20130926_R0.ict
2016-02-29 16:45:12.633 MESSAGE --- [             Program].[                Main] Main thread terminating.
2016-02-29 16:45:12.649 MESSAGE --- [              Logger].[               Close] Close requested. Remaining 0 messages will be written to file.
2016-02-29 16:51:35.803 MESSAGE --- [              Logger].[               Setup] Ready to accept and digest messages.
2016-02-29 16:51:36.132 MESSAGE --- [   ICARTT_FileLoader].[...CARTTFilesFromDir] Searched for ICARTT files
2016-02-29 16:51:36.132 MESSAGE --- [   ICARTT_FileLoader].[...CARTTFilesFromDir]     Directory: C:\Users\atschaff\ICARTT Data\TEXAS_2013\P3B_AIRCRAFT
2016-02-29 16:51:36.132 MESSAGE --- [   ICARTT_FileLoader].[...CARTTFilesFromDir]     Number of ICARTT Files Found: 188
2016-02-29 16:51:36.132 MESSAGE --- [   ICARTT_FileLoader].[...CARTTFilesFromDir]     Number of ICARTT Files Omitted: 0
2016-02-29 16:51:36.132 MESSAGE --- [   ICARTT_FileLoader].[              Filter] Filtered ICARTT Files by LocationID
2016-02-29 16:51:36.132 MESSAGE --- [   ICARTT_FileLoader].[              Filter]     Values: [P3B]
2016-02-29 16:51:36.132 MESSAGE --- [   ICARTT_FileLoader].[              Filter]     Number of ICARTT Files Filtered: 0
2016-02-29 16:51:36.132 MESSAGE --- [   ICARTT_FileLoader].[              Filter]     New Number of ICARTT Files to Merge: 188
2016-02-29 16:51:36.132 MESSAGE --- [   ICARTT_FileLoader].[              Filter]     New number of Omitted ICARTT Files: 0
2016-02-29 16:51:36.194 MESSAGE --- [   ICARTT_FileLoader].[              Filter] Filtered ICARTT Files by Date
2016-02-29 16:51:36.194 MESSAGE --- [   ICARTT_FileLoader].[              Filter]     Values: [20130904, 20130906, 20130911, 20130912, 20130913, 20130914, 20130924, 20130925, 20130926, 20130902, 20130918, 20130828]
2016-02-29 16:51:36.194 MESSAGE --- [   ICARTT_FileLoader].[              Filter]     Number of ICARTT Files Filtered: 14
2016-02-29 16:51:36.194 MESSAGE --- [   ICARTT_FileLoader].[              Filter]     New Number of ICARTT Files to Merge: 174
2016-02-29 16:51:36.194 MESSAGE --- [   ICARTT_FileLoader].[              Filter]     New number of Omitted ICARTT Files: 14
2016-02-29 16:51:36.194 MESSAGE --- [   ICARTT_FileLoader].[             LoadAll] Loading: C:\Users\atschaff\ICARTT Data\TEXAS_2013\P3B_AIRCRAFT\ANDERSON.BRUCE\DISCOVERAQ-LARGE-APS_P3B_20130904_R0.ict
2016-02-29 16:51:36.194 MESSAGE --- [   ICARTT_FileLoader].[             LoadAll] Loading: C:\Users\atschaff\ICARTT Data\TEXAS_2013\P3B_AIRCRAFT\ANDERSON.BRUCE\DISCOVERAQ-LARGE-APS_P3B_20130906_R0.ict
2016-02-29 16:51:36.194 MESSAGE --- [   ICARTT_FileLoader].[             LoadAll] Loading: C:\Users\atschaff\ICARTT Data\TEXAS_2013\P3B_AIRCRAFT\ANDERSON.BRUCE\DISCOVERAQ-LARGE-APS_P3B_20130911_R0.ict
2016-02-29 16:51:36.194 MESSAGE --- [   ICARTT_FileLoader].[             LoadAll] Loading: C:\Users\atschaff\ICARTT Data\TEXAS_2013\P3B_AIRCRAFT\ANDERSON.BRUCE\DISCOVERAQ-LARGE-APS_P3B_20130912_R0.ict
2016-02-29 16:51:36.194 MESSAGE --- [   ICARTT_FileLoader].[             LoadAll] Loading: C:\Users\atschaff\ICARTT Data\TEXAS_2013\P3B_AIRCRAFT\ANDERSON.BRUCE\DISCOVERAQ-LARGE-APS_P3B_20130913_R0.ict
2016-02-29 16:51:36.194 MESSAGE --- [   ICARTT_FileLoader].[             LoadAll] Loading: C:\Users\atschaff\ICARTT Data\TEXAS_2013\P3B_AIRCRAFT\ANDERSON.BRUCE\DISCOVERAQ-LARGE-APS_P3B_20130914_R0.ict
2016-02-29 16:51:36.194 MESSAGE --- [   ICARTT_FileLoader].[             LoadAll] Loading: C:\Users\atschaff\ICARTT Data\TEXAS_2013\P3B_AIRCRAFT\ANDERSON.BRUCE\DISCOVERAQ-LARGE-APS_P3B_20130924_R0.ict
2016-02-29 16:51:36.194 MESSAGE --- [   ICARTT_FileLoader].[             LoadAll] Loading: C:\Users\atschaff\ICARTT Data\TEXAS_2013\P3B_AIRCRAFT\ANDERSON.BRUCE\DISCOVERAQ-LARGE-APS_P3B_20130925_R0.ict
2016-02-29 16:51:36.194 MESSAGE --- [   ICARTT_FileLoader].[             LoadAll] Loading: C:\Users\atschaff\ICARTT Data\TEXAS_2013\P3B_AIRCRAFT\ANDERSON.BRUCE\DISCOVERAQ-LARGE-APS_P3B_20130926_R0.ict
2016-02-29 16:51:36.194 MESSAGE --- [   ICARTT_FileLoader].[             LoadAll] Loading: C:\Users\atschaff\ICARTT Data\TEXAS_2013\P3B_AIRCRAFT\ANDERSON.BRUCE\DISCOVERAQ-LARGE-CCN_P3B_20130904_R1.ict
2016-02-29 16:51:36.194 MESSAGE --- [   ICARTT_FileLoader].[             LoadAll] Loading: C:\Users\atschaff\ICARTT Data\TEXAS_2013\P3B_AIRCRAFT\ANDERSON.BRUCE\DISCOVERAQ-LARGE-CCN_P3B_20130906_R1.ict
2016-02-29 16:51:36.194 MESSAGE --- [   ICARTT_FileLoader].[             LoadAll] Loading: C:\Users\atschaff\ICARTT Data\TEXAS_2013\P3B_AIRCRAFT\ANDERSON.BRUCE\DISCOVERAQ-LARGE-CCN_P3B_20130911_R1.ict
2016-02-29 16:51:36.194 MESSAGE --- [   ICARTT_FileLoader].[             LoadAll] Loading: C:\Users\atschaff\ICARTT Data\TEXAS_2013\P3B_AIRCRAFT\ANDERSON.BRUCE\DISCOVERAQ-LARGE-CCN_P3B_20130912_R1.ict
2016-02-29 16:51:36.194 MESSAGE --- [   ICARTT_FileLoader].[             LoadAll] Loading: C:\Users\atschaff\ICARTT Data\TEXAS_2013\P3B_AIRCRAFT\ANDERSON.BRUCE\DISCOVERAQ-LARGE-CCN_P3B_20130913_R1.ict
2016-02-29 16:51:36.194 MESSAGE --- [   ICARTT_FileLoader].[             LoadAll] Loading: C:\Users\atschaff\ICARTT Data\TEXAS_2013\P3B_AIRCRAFT\ANDERSON.BRUCE\DISCOVERAQ-LARGE-CCN_P3B_20130914_R1.ict
2016-02-29 16:51:36.194 MESSAGE --- [   ICARTT_FileLoader].[             LoadAll] Loading: C:\Users\atschaff\ICARTT Data\TEXAS_2013\P3B_AIRCRAFT\ANDERSON.BRUCE\DISCOVERAQ-LARGE-CCN_P3B_20130924_R1.ict
2016-02-29 16:51:36.194 MESSAGE --- [   ICARTT_FileLoader].[             LoadAll] Loading: C:\Users\atschaff\ICARTT Data\TEXAS_2013\P3B_AIRCRAFT\ANDERSON.BRUCE\DISCOVERAQ-LARGE-CCN_P3B_20130925_R1.ict
2016-02-29 16:51:36.194 MESSAGE --- [   ICARTT_FileLoader].[             LoadAll] Loading: C:\Users\atschaff\ICARTT Data\TEXAS_2013\P3B_AIRCRAFT\ANDERSON.BRUCE\DISCOVERAQ-LARGE-CCN_P3B_20130926_R1.ict
2016-02-29 16:51:36.194 MESSAGE --- [   ICARTT_FileLoader].[             LoadAll] Loading: C:\Users\atschaff\ICARTT Data\TEXAS_2013\P3B_AIRCRAFT\ANDERSON.BRUCE\DISCOVERAQ-LARGE-CNC_P3B_20130904_R0.ict
2016-02-29 16:51:36.194 MESSAGE --- [   ICARTT_FileLoader].[             LoadAll] Loading: C:\Users\atschaff\ICARTT Data\TEXAS_2013\P3B_AIRCRAFT\ANDERSON.BRUCE\DISCOVERAQ-LARGE-CNC_P3B_20130906_R0.ict
2016-02-29 16:51:36.194 MESSAGE --- [   ICARTT_FileLoader].[             LoadAll] Loading: C:\Users\atschaff\ICARTT Data\TEXAS_2013\P3B_AIRCRAFT\ANDERSON.BRUCE\DISCOVERAQ-LARGE-CNC_P3B_20130911_R0.ict
2016-02-29 16:51:36.194 MESSAGE --- [   ICARTT_FileLoader].[             LoadAll] Loading: C:\Users\atschaff\ICARTT Data\TEXAS_2013\P3B_AIRCRAFT\ANDERSON.BRUCE\DISCOVERAQ-LARGE-CNC_P3B_20130912_R0.ict
2016-02-29 16:51:36.194 MESSAGE --- [   ICARTT_FileLoader].[             LoadAll] Loading: C:\Users\atschaff\ICARTT Data\TEXAS_2013\P3B_AIRCRAFT\ANDERSON.BRUCE\DISCOVERAQ-LARGE-CNC_P3B_20130913_R0.ict
2016-02-29 16:51:36.194 MESSAGE --- [   ICARTT_FileLoader].[             LoadAll] Loading: C:\Users\atschaff\ICARTT Data\TEXAS_2013\P3B_AIRCRAFT\ANDERSON.BRUCE\DISCOVERAQ-LARGE-CNC_P3B_20130914_R0.ict
2016-02-29 16:51:36.194 MESSAGE --- [   ICARTT_FileLoader].[             LoadAll] Loading: C:\Users\atschaff\ICARTT Data\TEXAS_2013\P3B_AIRCRAFT\ANDERSON.BRUCE\DISCOVERAQ-LARGE-CNC_P3B_20130924_R0.ict
2016-02-29 16:51:36.194 MESSAGE --- [   ICARTT_FileLoader].[             LoadAll] Loading: C:\Users\atschaff\ICARTT Data\TEXAS_2013\P3B_AIRCRAFT\ANDERSON.BRUCE\DISCOVERAQ-LARGE-CNC_P3B_20130925_R0.ict
2016-02-29 16:51:36.194 MESSAGE --- [   ICARTT_FileLoader].[             LoadAll] Loading: C:\Users\atschaff\ICARTT Data\TEXAS_2013\P3B_AIRCRAFT\ANDERSON.BRUCE\DISCOVERAQ-LARGE-CNC_P3B_20130926_R0.ict
2016-02-29 16:51:36.194 MESSAGE --- [   ICARTT_FileLoader].[             LoadAll] Loading: C:\Users\atschaff\ICARTT Data\TEXAS_2013\P3B_AIRCRAFT\ANDERSON.BRUCE\DISCOVERAQ-LARGE-OPTICAL_P3B_20130904_R1.ict
2016-02-29 16:51:36.194 MESSAGE --- [   ICARTT_FileLoader].[             LoadAll] Loading: C:\Users\atschaff\ICARTT Data\TEXAS_2013\P3B_AIRCRAFT\ANDERSON.BRUCE\DISCOVERAQ-LARGE-OPTICAL_P3B_20130906_R1.ict
2016-02-29 16:51:36.194 MESSAGE --- [   ICARTT_FileLoader].[             LoadAll] Loading: C:\Users\atschaff\ICARTT Data\TEXAS_2013\P3B_AIRCRAFT\ANDERSON.BRUCE\DISCOVERAQ-LARGE-OPTICAL_P3B_20130911_R1.ict
2016-02-29 16:51:36.194 MESSAGE --- [   ICARTT_FileLoader].[             LoadAll] Loading: C:\Users\atschaff\ICARTT Data\TEXAS_2013\P3B_AIRCRAFT\ANDERSON.BRUCE\DISCOVERAQ-LARGE-OPTICAL_P3B_20130912_R1.ict
2016-02-29 16:51:36.194 MESSAGE --- [   ICARTT_FileLoader].[             LoadAll] Loading: C:\Users\atschaff\ICARTT Data\TEXAS_2013\P3B_AIRCRAFT\ANDERSON.BRUCE\DISCOVERAQ-LARGE-OPTICAL_P3B_20130913_R1.ict
2016-02-29 16:51:36.194 MESSAGE --- [   ICARTT_FileLoader].[             LoadAll] Loading: C:\Users\atschaff\ICARTT Data\TEXAS_2013\P3B_AIRCRAFT\ANDERSON.BRUCE\DISCOVERAQ-LARGE-OPTICAL_P3B_20130914_R1.ict
2016-02-29 16:51:36.194 MESSAGE --- [   ICARTT_FileLoader].[             LoadAll] Loading: C:\Users\atschaff\ICARTT Data\TEXAS_2013\P3B_AIRCRAFT\ANDERSON.BRUCE\DISCOVERAQ-LARGE-OPTICAL_P3B_20130924_R2.ict
2016-02-29 16:51:36.194 MESSAGE --- [   ICARTT_FileLoader].[             LoadAll] Loading: C:\Users\atschaff\ICARTT Data\TEXAS_2013\P3B_AIRCRAFT\ANDERSON.BRUCE\DISCOVERAQ-LARGE-OPTICAL_P3B_20130925_R2.ict
2016-02-29 16:51:36.194 MESSAGE --- [   ICARTT_FileLoader].[             LoadAll] Loading: C:\Users\atschaff\ICARTT Data\TEXAS_2013\P3B_AIRCRAFT\ANDERSON.BRUCE\DISCOVERAQ-LARGE-OPTICAL_P3B_20130926_R2.ict
2016-02-29 16:51:36.194 MESSAGE --- [   ICARTT_FileLoader].[             LoadAll] Loading: C:\Users\atschaff\ICARTT Data\TEXAS_2013\P3B_AIRCRAFT\ANDERSON.BRUCE\DISCOVERAQ-LARGE-pilsIC_P3B_20130904_R0.ict
2016-02-29 16:51:36.194 MESSAGE --- [   ICARTT_FileLoader].[             LoadAll] Loading: C:\Users\atschaff\ICARTT Data\TEXAS_2013\P3B_AIRCRAFT\ANDERSON.BRUCE\DISCOVERAQ-LARGE-pilsIC_P3B_20130906_R0.ict
2016-02-29 16:51:36.194 MESSAGE --- [   ICARTT_FileLoader].[             LoadAll] Loading: C:\Users\atschaff\ICARTT Data\TEXAS_2013\P3B_AIRCRAFT\ANDERSON.BRUCE\DISCOVERAQ-LARGE-pilsIC_P3B_20130911_R0.ict
2016-02-29 16:51:36.194 MESSAGE --- [   ICARTT_FileLoader].[             LoadAll] Loading: C:\Users\atschaff\ICARTT Data\TEXAS_2013\P3B_AIRCRAFT\ANDERSON.BRUCE\DISCOVERAQ-LARGE-pilsIC_P3B_20130912_R0.ict
2016-02-29 16:51:36.194 MESSAGE --- [   ICARTT_FileLoader].[             LoadAll] Loading: C:\Users\atschaff\ICARTT Data\TEXAS_2013\P3B_AIRCRAFT\ANDERSON.BRUCE\DISCOVERAQ-LARGE-pilsIC_P3B_20130913_R0.ict
2016-02-29 16:51:36.194 MESSAGE --- [   ICARTT_FileLoader].[             LoadAll] Loading: C:\Users\atschaff\ICARTT Data\TEXAS_2013\P3B_AIRCRAFT\ANDERSON.BRUCE\DISCOVERAQ-LARGE-pilsIC_P3B_20130914_R0.ict
2016-02-29 16:51:36.194 MESSAGE --- [   ICARTT_FileLoader].[             LoadAll] Loading: C:\Users\atschaff\ICARTT Data\TEXAS_2013\P3B_AIRCRAFT\ANDERSON.BRUCE\DISCOVERAQ-LARGE-pilsIC_P3B_20130924_R0.ict
2016-02-29 16:51:36.194 MESSAGE --- [   ICARTT_FileLoader].[             LoadAll] Loading: C:\Users\atschaff\ICARTT Data\TEXAS_2013\P3B_AIRCRAFT\ANDERSON.BRUCE\DISCOVERAQ-LARGE-pilsIC_P3B_20130925_R0.ict
2016-02-29 16:51:36.194 MESSAGE --- [   ICARTT_FileLoader].[             LoadAll] Loading: C:\Users\atschaff\ICARTT Data\TEXAS_2013\P3B_AIRCRAFT\ANDERSON.BRUCE\DISCOVERAQ-LARGE-pilsIC_P3B_20130926_R0.ict
2016-02-29 16:51:36.194 MESSAGE --- [   ICARTT_FileLoader].[             LoadAll] Loading: C:\Users\atschaff\ICARTT Data\TEXAS_2013\P3B_AIRCRAFT\ANDERSON.BRUCE\DISCOVERAQ-LARGE-pilsTOC_P3B_20130904_R0.ict
2016-02-29 16:51:36.194 MESSAGE --- [   ICARTT_FileLoader].[             LoadAll] Loading: C:\Users\atschaff\ICARTT Data\TEXAS_2013\P3B_AIRCRAFT\ANDERSON.BRUCE\DISCOVERAQ-LARGE-pilsTOC_P3B_20130906_R0.ict
2016-02-29 16:51:36.194 MESSAGE --- [   ICARTT_FileLoader].[             LoadAll] Loading: C:\Users\atschaff\ICARTT Data\TEXAS_2013\P3B_AIRCRAFT\ANDERSON.BRUCE\DISCOVERAQ-LARGE-pilsTOC_P3B_20130911_R0.ict
2016-02-29 16:51:36.194 MESSAGE --- [   ICARTT_FileLoader].[             LoadAll] Loading: C:\Users\atschaff\ICARTT Data\TEXAS_2013\P3B_AIRCRAFT\ANDERSON.BRUCE\DISCOVERAQ-LARGE-pilsTOC_P3B_20130912_R0.ict
2016-02-29 16:51:36.194 MESSAGE --- [   ICARTT_FileLoader].[             LoadAll] Loading: C:\Users\atschaff\ICARTT Data\TEXAS_2013\P3B_AIRCRAFT\ANDERSON.BRUCE\DISCOVERAQ-LARGE-pilsTOC_P3B_20130913_R0.ict
2016-02-29 16:51:36.194 MESSAGE --- [   ICARTT_FileLoader].[             LoadAll] Loading: C:\Users\atschaff\ICARTT Data\TEXAS_2013\P3B_AIRCRAFT\ANDERSON.BRUCE\DISCOVERAQ-LARGE-pilsTOC_P3B_20130914_R0.ict
2016-02-29 16:51:36.194 MESSAGE --- [   ICARTT_FileLoader].[             LoadAll] Loading: C:\Users\atschaff\ICARTT Data\TEXAS_2013\P3B_AIRCRAFT\ANDERSON.BRUCE\DISCOVERAQ-LARGE-pilsTOC_P3B_20130924_R0.ict
2016-02-29 16:51:36.194 MESSAGE --- [   ICARTT_FileLoader].[             LoadAll] Loading: C:\Users\atschaff\ICARTT Data\TEXAS_2013\P3B_AIRCRAFT\ANDERSON.BRUCE\DISCOVERAQ-LARGE-pilsTOC_P3B_20130925_R0.ict
2016-02-29 16:51:36.194 MESSAGE --- [   ICARTT_FileLoader].[             LoadAll] Loading: C:\Users\atschaff\ICARTT Data\TEXAS_2013\P3B_AIRCRAFT\ANDERSON.BRUCE\DISCOVERAQ-LARGE-pilsTOC_P3B_20130926_R0.ict
2016-02-29 16:51:36.194 MESSAGE --- [   ICARTT_FileLoader].[             LoadAll] Loading: C:\Users\atschaff\ICARTT Data\TEXAS_2013\P3B_AIRCRAFT\ANDERSON.BRUCE\DISCOVERAQ-LARGE-SMPS_P3B_20130904_R0.ict
2016-02-29 16:51:36.194 MESSAGE --- [   ICARTT_FileLoader].[             LoadAll] Loading: C:\Users\atschaff\ICARTT Data\TEXAS_2013\P3B_AIRCRAFT\ANDERSON.BRUCE\DISCOVERAQ-LARGE-SMPS_P3B_20130906_R0.ict
2016-02-29 16:51:36.194 MESSAGE --- [   ICARTT_FileLoader].[             LoadAll] Loading: C:\Users\atschaff\ICARTT Data\TEXAS_2013\P3B_AIRCRAFT\ANDERSON.BRUCE\DISCOVERAQ-LARGE-SMPS_P3B_20130911_R0.ict
2016-02-29 16:51:36.194 MESSAGE --- [   ICARTT_FileLoader].[             LoadAll] Loading: C:\Users\atschaff\ICARTT Data\TEXAS_2013\P3B_AIRCRAFT\ANDERSON.BRUCE\DISCOVERAQ-LARGE-SMPS_P3B_20130912_R0.ict
2016-02-29 16:51:36.194 MESSAGE --- [   ICARTT_FileLoader].[             LoadAll] Loading: C:\Users\atschaff\ICARTT Data\TEXAS_2013\P3B_AIRCRAFT\ANDERSON.BRUCE\DISCOVERAQ-LARGE-SMPS_P3B_20130913_R0.ict
2016-02-29 16:51:36.194 MESSAGE --- [   ICARTT_FileLoader].[             LoadAll] Loading: C:\Users\atschaff\ICARTT Data\TEXAS_2013\P3B_AIRCRAFT\ANDERSON.BRUCE\DISCOVERAQ-LARGE-SMPS_P3B_20130914_R0.ict
2016-02-29 16:51:36.194 MESSAGE --- [   ICARTT_FileLoader].[             LoadAll] Loading: C:\Users\atschaff\ICARTT Data\TEXAS_2013\P3B_AIRCRAFT\ANDERSON.BRUCE\DISCOVERAQ-LARGE-SMPS_P3B_20130924_R0.ict
2016-02-29 16:51:36.194 MESSAGE --- [   ICARTT_FileLoader].[             LoadAll] Loading: C:\Users\atschaff\ICARTT Data\TEXAS_2013\P3B_AIRCRAFT\ANDERSON.BRUCE\DISCOVERAQ-LARGE-SMPS_P3B_20130925_R0.ict
2016-02-29 16:51:36.194 MESSAGE --- [   ICARTT_FileLoader].[             LoadAll] Loading: C:\Users\atschaff\ICARTT Data\TEXAS_2013\P3B_AIRCRAFT\ANDERSON.BRUCE\DISCOVERAQ-LARGE-SMPS_P3B_20130926_R0.ict
2016-02-29 16:51:36.194 MESSAGE --- [   ICARTT_FileLoader].[             LoadAll] Loading: C:\Users\atschaff\ICARTT Data\TEXAS_2013\P3B_AIRCRAFT\ANDERSON.BRUCE\DISCOVERAQ-LARGE-SP2_P3B_20130904_R0.ict
2016-02-29 16:51:36.194 MESSAGE --- [   ICARTT_FileLoader].[             LoadAll] Loading: C:\Users\atschaff\ICARTT Data\TEXAS_2013\P3B_AIRCRAFT\ANDERSON.BRUCE\DISCOVERAQ-LARGE-SP2_P3B_20130906_R0.ict
2016-02-29 16:51:36.194 MESSAGE --- [   ICARTT_FileLoader].[             LoadAll] Loading: C:\Users\atschaff\ICARTT Data\TEXAS_2013\P3B_AIRCRAFT\ANDERSON.BRUCE\DISCOVERAQ-LARGE-SP2_P3B_20130911_R0.ict
2016-02-29 16:51:36.194 MESSAGE --- [   ICARTT_FileLoader].[             LoadAll] Loading: C:\Users\atschaff\ICARTT Data\TEXAS_2013\P3B_AIRCRAFT\ANDERSON.BRUCE\DISCOVERAQ-LARGE-SP2_P3B_20130912_R0.ict
2016-02-29 16:51:36.194 MESSAGE --- [   ICARTT_FileLoader].[             LoadAll] Loading: C:\Users\atschaff\ICARTT Data\TEXAS_2013\P3B_AIRCRAFT\ANDERSON.BRUCE\DISCOVERAQ-LARGE-SP2_P3B_20130913_R0.ict
2016-02-29 16:51:36.194 MESSAGE --- [   ICARTT_FileLoader].[             LoadAll] Loading: C:\Users\atschaff\ICARTT Data\TEXAS_2013\P3B_AIRCRAFT\ANDERSON.BRUCE\DISCOVERAQ-LARGE-SP2_P3B_20130914_R0.ict
2016-02-29 16:51:36.194 MESSAGE --- [   ICARTT_FileLoader].[             LoadAll] Loading: C:\Users\atschaff\ICARTT Data\TEXAS_2013\P3B_AIRCRAFT\ANDERSON.BRUCE\DISCOVERAQ-LARGE-SP2_P3B_20130925_R0.ict
2016-02-29 16:51:36.194 MESSAGE --- [   ICARTT_FileLoader].[             LoadAll] Loading: C:\Users\atschaff\ICARTT Data\TEXAS_2013\P3B_AIRCRAFT\ANDERSON.BRUCE\DISCOVERAQ-LARGE-SP2_P3B_20130926_R0.ict
2016-02-29 16:51:36.194 MESSAGE --- [   ICARTT_FileLoader].[             LoadAll] Loading: C:\Users\atschaff\ICARTT Data\TEXAS_2013\P3B_AIRCRAFT\ANDERSON.BRUCE\DISCOVERAQ-LARGE-UHSAS_P3B_20130904_R0.ict
2016-02-29 16:51:36.194 MESSAGE --- [   ICARTT_FileLoader].[             LoadAll] Loading: C:\Users\atschaff\ICARTT Data\TEXAS_2013\P3B_AIRCRAFT\ANDERSON.BRUCE\DISCOVERAQ-LARGE-UHSAS_P3B_20130906_R0.ict
2016-02-29 16:51:36.194 MESSAGE --- [   ICARTT_FileLoader].[             LoadAll] Loading: C:\Users\atschaff\ICARTT Data\TEXAS_2013\P3B_AIRCRAFT\ANDERSON.BRUCE\DISCOVERAQ-LARGE-UHSAS_P3B_20130911_R0.ict
2016-02-29 16:51:36.194 MESSAGE --- [   ICARTT_FileLoader].[             LoadAll] Loading: C:\Users\atschaff\ICARTT Data\TEXAS_2013\P3B_AIRCRAFT\ANDERSON.BRUCE\DISCOVERAQ-LARGE-UHSAS_P3B_20130912_R0.ict
2016-02-29 16:51:36.194 MESSAGE --- [   ICARTT_FileLoader].[             LoadAll] Loading: C:\Users\atschaff\ICARTT Data\TEXAS_2013\P3B_AIRCRAFT\ANDERSON.BRUCE\DISCOVERAQ-LARGE-UHSAS_P3B_20130913_R0.ict
2016-02-29 16:51:36.194 MESSAGE --- [   ICARTT_FileLoader].[             LoadAll] Loading: C:\Users\atschaff\ICARTT Data\TEXAS_2013\P3B_AIRCRAFT\ANDERSON.BRUCE\DISCOVERAQ-LARGE-UHSAS_P3B_20130914_R0.ict
2016-02-29 16:51:36.194 MESSAGE --- [   ICARTT_FileLoader].[             LoadAll] Loading: C:\Users\atschaff\ICARTT Data\TEXAS_2013\P3B_AIRCRAFT\ANDERSON.BRUCE\DISCOVERAQ-LARGE-UHSAS_P3B_20130924_R0.ict
2016-02-29 16:51:36.194 MESSAGE --- [   ICARTT_FileLoader].[             LoadAll] Loading: C:\Users\atschaff\ICARTT Data\TEXAS_2013\P3B_AIRCRAFT\ANDERSON.BRUCE\DISCOVERAQ-LARGE-UHSAS_P3B_20130925_R0.ict
2016-02-29 16:51:36.194 MESSAGE --- [   ICARTT_FileLoader].[             LoadAll] Loading: C:\Users\atschaff\ICARTT Data\TEXAS_2013\P3B_AIRCRAFT\ANDERSON.BRUCE\DISCOVERAQ-LARGE-UHSAS_P3B_20130926_R0.ict
2016-02-29 16:51:36.194 MESSAGE --- [   ICARTT_FileLoader].[             LoadAll] Loading: C:\Users\atschaff\ICARTT Data\TEXAS_2013\P3B_AIRCRAFT\BARRICK.JOHN\discoveraq-pds_p3b_20130902_r1.ict
2016-02-29 16:51:36.194 MESSAGE --- [   ICARTT_FileLoader].[             LoadAll] Loading: C:\Users\atschaff\ICARTT Data\TEXAS_2013\P3B_AIRCRAFT\BARRICK.JOHN\discoveraq-pds_p3b_20130904_r1.ict
2016-02-29 16:51:36.194 MESSAGE --- [   ICARTT_FileLoader].[             LoadAll] Loading: C:\Users\atschaff\ICARTT Data\TEXAS_2013\P3B_AIRCRAFT\BARRICK.JOHN\discoveraq-pds_p3b_20130906_r1.ict
2016-02-29 16:51:36.194 MESSAGE --- [   ICARTT_FileLoader].[             LoadAll] Loading: C:\Users\atschaff\ICARTT Data\TEXAS_2013\P3B_AIRCRAFT\BARRICK.JOHN\discoveraq-pds_p3b_20130911_r1.ict
2016-02-29 16:51:36.194 MESSAGE --- [   ICARTT_FileLoader].[             LoadAll] Loading: C:\Users\atschaff\ICARTT Data\TEXAS_2013\P3B_AIRCRAFT\BARRICK.JOHN\discoveraq-pds_p3b_20130912_r1.ict
2016-02-29 16:51:36.194 MESSAGE --- [   ICARTT_FileLoader].[             LoadAll] Loading: C:\Users\atschaff\ICARTT Data\TEXAS_2013\P3B_AIRCRAFT\BARRICK.JOHN\discoveraq-pds_p3b_20130913_r1.ict
2016-02-29 16:51:36.210 MESSAGE --- [   ICARTT_FileLoader].[             LoadAll] Loading: C:\Users\atschaff\ICARTT Data\TEXAS_2013\P3B_AIRCRAFT\BARRICK.JOHN\discoveraq-pds_p3b_20130914_r1.ict
2016-02-29 16:51:36.210 MESSAGE --- [   ICARTT_FileLoader].[             LoadAll] Loading: C:\Users\atschaff\ICARTT Data\TEXAS_2013\P3B_AIRCRAFT\BARRICK.JOHN\discoveraq-pds_p3b_20130918_r1.ict
2016-02-29 16:51:36.210 MESSAGE --- [   ICARTT_FileLoader].[             LoadAll] Loading: C:\Users\atschaff\ICARTT Data\TEXAS_2013\P3B_AIRCRAFT\BARRICK.JOHN\discoveraq-pds_p3b_20130924_r1.ict
2016-02-29 16:51:36.210 MESSAGE --- [   ICARTT_FileLoader].[             LoadAll] Loading: C:\Users\atschaff\ICARTT Data\TEXAS_2013\P3B_AIRCRAFT\BARRICK.JOHN\discoveraq-pds_p3b_20130925_r1.ict
2016-02-29 16:51:36.210 MESSAGE --- [   ICARTT_FileLoader].[             LoadAll] Loading: C:\Users\atschaff\ICARTT Data\TEXAS_2013\P3B_AIRCRAFT\BARRICK.JOHN\discoveraq-pds_p3b_20130926_r1.ict
2016-02-29 16:51:36.210 MESSAGE --- [   ICARTT_FileLoader].[             LoadAll] Loading: C:\Users\atschaff\ICARTT Data\TEXAS_2013\P3B_AIRCRAFT\COHEN.RONALD\DISCOVERAQ-TDLIF-NO2_P3B_20130904_R0.ict
2016-02-29 16:51:36.210 MESSAGE --- [   ICARTT_FileLoader].[             LoadAll] Loading: C:\Users\atschaff\ICARTT Data\TEXAS_2013\P3B_AIRCRAFT\COHEN.RONALD\DISCOVERAQ-TDLIF-NO2_P3B_20130906_R0.ict
2016-02-29 16:51:36.210 MESSAGE --- [   ICARTT_FileLoader].[             LoadAll] Loading: C:\Users\atschaff\ICARTT Data\TEXAS_2013\P3B_AIRCRAFT\COHEN.RONALD\DISCOVERAQ-TDLIF-NO2_P3B_20130911_R0.ict
2016-02-29 16:51:36.210 MESSAGE --- [   ICARTT_FileLoader].[             LoadAll] Loading: C:\Users\atschaff\ICARTT Data\TEXAS_2013\P3B_AIRCRAFT\COHEN.RONALD\DISCOVERAQ-TDLIF-NO2_P3B_20130912_R0.ict
2016-02-29 16:51:36.210 MESSAGE --- [   ICARTT_FileLoader].[             LoadAll] Loading: C:\Users\atschaff\ICARTT Data\TEXAS_2013\P3B_AIRCRAFT\COHEN.RONALD\DISCOVERAQ-TDLIF-NO2_P3B_20130913_R0.ict
2016-02-29 16:51:36.210 MESSAGE --- [   ICARTT_FileLoader].[             LoadAll] Loading: C:\Users\atschaff\ICARTT Data\TEXAS_2013\P3B_AIRCRAFT\COHEN.RONALD\DISCOVERAQ-TDLIF-NO2_P3B_20130914_R0.ict
2016-02-29 16:51:36.210 MESSAGE --- [   ICARTT_FileLoader].[             LoadAll] Loading: C:\Users\atschaff\ICARTT Data\TEXAS_2013\P3B_AIRCRAFT\COHEN.RONALD\DISCOVERAQ-TDLIF-NO2_P3B_20130924_R0.ict
2016-02-29 16:51:36.210 MESSAGE --- [   ICARTT_FileLoader].[             LoadAll] Loading: C:\Users\atschaff\ICARTT Data\TEXAS_2013\P3B_AIRCRAFT\COHEN.RONALD\DISCOVERAQ-TDLIF-NO2_P3B_20130925_R0.ict
2016-02-29 16:51:36.210 MESSAGE --- [   ICARTT_FileLoader].[             LoadAll] Loading: C:\Users\atschaff\ICARTT Data\TEXAS_2013\P3B_AIRCRAFT\COHEN.RONALD\DISCOVERAQ-TDLIF-NO2_P3B_20130926_R0.ict
2016-02-29 16:51:36.210 MESSAGE --- [   ICARTT_FileLoader].[             LoadAll] Loading: C:\Users\atschaff\ICARTT Data\TEXAS_2013\P3B_AIRCRAFT\DISKIN.GLENN\DISCOVERAQ-DACOM_P3B_20130904_R1.ict
2016-02-29 16:51:36.210 MESSAGE --- [   ICARTT_FileLoader].[             LoadAll] Loading: C:\Users\atschaff\ICARTT Data\TEXAS_2013\P3B_AIRCRAFT\DISKIN.GLENN\DISCOVERAQ-DACOM_P3B_20130906_R1.ict
2016-02-29 16:51:36.210 MESSAGE --- [   ICARTT_FileLoader].[             LoadAll] Loading: C:\Users\atschaff\ICARTT Data\TEXAS_2013\P3B_AIRCRAFT\DISKIN.GLENN\DISCOVERAQ-DACOM_P3B_20130911_R1.ict
2016-02-29 16:51:36.210 MESSAGE --- [   ICARTT_FileLoader].[             LoadAll] Loading: C:\Users\atschaff\ICARTT Data\TEXAS_2013\P3B_AIRCRAFT\DISKIN.GLENN\DISCOVERAQ-DACOM_P3B_20130912_R1.ict
2016-02-29 16:51:36.210 MESSAGE --- [   ICARTT_FileLoader].[             LoadAll] Loading: C:\Users\atschaff\ICARTT Data\TEXAS_2013\P3B_AIRCRAFT\DISKIN.GLENN\DISCOVERAQ-DACOM_P3B_20130913_R1.ict
2016-02-29 16:51:36.210 MESSAGE --- [   ICARTT_FileLoader].[             LoadAll] Loading: C:\Users\atschaff\ICARTT Data\TEXAS_2013\P3B_AIRCRAFT\DISKIN.GLENN\DISCOVERAQ-DACOM_P3B_20130914_R1.ict
2016-02-29 16:51:36.210 MESSAGE --- [   ICARTT_FileLoader].[             LoadAll] Loading: C:\Users\atschaff\ICARTT Data\TEXAS_2013\P3B_AIRCRAFT\DISKIN.GLENN\DISCOVERAQ-DACOM_P3B_20130924_R1.ict
2016-02-29 16:51:36.210 MESSAGE --- [   ICARTT_FileLoader].[             LoadAll] Loading: C:\Users\atschaff\ICARTT Data\TEXAS_2013\P3B_AIRCRAFT\DISKIN.GLENN\DISCOVERAQ-DACOM_P3B_20130925_R1.ict
2016-02-29 16:51:36.210 MESSAGE --- [   ICARTT_FileLoader].[             LoadAll] Loading: C:\Users\atschaff\ICARTT Data\TEXAS_2013\P3B_AIRCRAFT\DISKIN.GLENN\DISCOVERAQ-DACOM_P3B_20130926_R1.ict
2016-02-29 16:51:36.210 MESSAGE --- [   ICARTT_FileLoader].[             LoadAll] Loading: C:\Users\atschaff\ICARTT Data\TEXAS_2013\P3B_AIRCRAFT\DISKIN.GLENN\DISCOVERAQ-DLH_P3B_20130904_R0.ict
2016-02-29 16:51:36.210 MESSAGE --- [   ICARTT_FileLoader].[             LoadAll] Loading: C:\Users\atschaff\ICARTT Data\TEXAS_2013\P3B_AIRCRAFT\DISKIN.GLENN\DISCOVERAQ-DLH_P3B_20130906_R0.ict
2016-02-29 16:51:36.210 MESSAGE --- [   ICARTT_FileLoader].[             LoadAll] Loading: C:\Users\atschaff\ICARTT Data\TEXAS_2013\P3B_AIRCRAFT\DISKIN.GLENN\DISCOVERAQ-DLH_P3B_20130911_R0.ict
2016-02-29 16:51:36.210 MESSAGE --- [   ICARTT_FileLoader].[             LoadAll] Loading: C:\Users\atschaff\ICARTT Data\TEXAS_2013\P3B_AIRCRAFT\DISKIN.GLENN\DISCOVERAQ-DLH_P3B_20130912_R0.ict
2016-02-29 16:51:36.210 MESSAGE --- [   ICARTT_FileLoader].[             LoadAll] Loading: C:\Users\atschaff\ICARTT Data\TEXAS_2013\P3B_AIRCRAFT\DISKIN.GLENN\DISCOVERAQ-DLH_P3B_20130913_R0.ict
2016-02-29 16:51:36.210 MESSAGE --- [   ICARTT_FileLoader].[             LoadAll] Loading: C:\Users\atschaff\ICARTT Data\TEXAS_2013\P3B_AIRCRAFT\DISKIN.GLENN\DISCOVERAQ-DLH_P3B_20130914_R0.ict
2016-02-29 16:51:36.210 MESSAGE --- [   ICARTT_FileLoader].[             LoadAll] Loading: C:\Users\atschaff\ICARTT Data\TEXAS_2013\P3B_AIRCRAFT\DISKIN.GLENN\DISCOVERAQ-DLH_P3B_20130924_R0.ict
2016-02-29 16:51:36.210 MESSAGE --- [   ICARTT_FileLoader].[             LoadAll] Loading: C:\Users\atschaff\ICARTT Data\TEXAS_2013\P3B_AIRCRAFT\DISKIN.GLENN\DISCOVERAQ-DLH_P3B_20130925_R0.ict
2016-02-29 16:51:36.210 MESSAGE --- [   ICARTT_FileLoader].[             LoadAll] Loading: C:\Users\atschaff\ICARTT Data\TEXAS_2013\P3B_AIRCRAFT\DISKIN.GLENN\DISCOVERAQ-DLH_P3B_20130926_R0.ict
2016-02-29 16:51:36.210 MESSAGE --- [   ICARTT_FileLoader].[             LoadAll] Loading: C:\Users\atschaff\ICARTT Data\TEXAS_2013\P3B_AIRCRAFT\FRIED.ALAN\DiscoverAQ-CH2O_P3B_20130904_R0.ict
2016-02-29 16:51:36.210 MESSAGE --- [   ICARTT_FileLoader].[             LoadAll] Loading: C:\Users\atschaff\ICARTT Data\TEXAS_2013\P3B_AIRCRAFT\FRIED.ALAN\DiscoverAQ-CH2O_P3B_20130906_R0.ict
2016-02-29 16:51:36.210 MESSAGE --- [   ICARTT_FileLoader].[             LoadAll] Loading: C:\Users\atschaff\ICARTT Data\TEXAS_2013\P3B_AIRCRAFT\FRIED.ALAN\DiscoverAQ-CH2O_P3B_20130911_R0.ict
2016-02-29 16:51:36.210 MESSAGE --- [   ICARTT_FileLoader].[             LoadAll] Loading: C:\Users\atschaff\ICARTT Data\TEXAS_2013\P3B_AIRCRAFT\FRIED.ALAN\DiscoverAQ-CH2O_P3B_20130912_R0.ict
2016-02-29 16:51:36.210 MESSAGE --- [   ICARTT_FileLoader].[             LoadAll] Loading: C:\Users\atschaff\ICARTT Data\TEXAS_2013\P3B_AIRCRAFT\FRIED.ALAN\DiscoverAQ-CH2O_P3B_20130913_R0.ict
2016-02-29 16:51:36.210 MESSAGE --- [   ICARTT_FileLoader].[             LoadAll] Loading: C:\Users\atschaff\ICARTT Data\TEXAS_2013\P3B_AIRCRAFT\FRIED.ALAN\DiscoverAQ-CH2O_P3B_20130914_R0.ict
2016-02-29 16:51:36.210 MESSAGE --- [   ICARTT_FileLoader].[             LoadAll] Loading: C:\Users\atschaff\ICARTT Data\TEXAS_2013\P3B_AIRCRAFT\FRIED.ALAN\DiscoverAQ-CH2O_P3B_20130924_R0.ict
2016-02-29 16:51:36.210 MESSAGE --- [   ICARTT_FileLoader].[             LoadAll] Loading: C:\Users\atschaff\ICARTT Data\TEXAS_2013\P3B_AIRCRAFT\FRIED.ALAN\DiscoverAQ-CH2O_P3B_20130925_R0.ict
2016-02-29 16:51:36.210 MESSAGE --- [   ICARTT_FileLoader].[             LoadAll] Loading: C:\Users\atschaff\ICARTT Data\TEXAS_2013\P3B_AIRCRAFT\FRIED.ALAN\DiscoverAQ-CH2O_P3B_20130926_R0.ict
2016-02-29 16:51:36.210 MESSAGE --- [   ICARTT_FileLoader].[             LoadAll] Loading: C:\Users\atschaff\ICARTT Data\TEXAS_2013\P3B_AIRCRAFT\HOLLOWAY.JOHN\DiscoverAQ-SO2_P3B_20130904_R1.ict
2016-02-29 16:51:36.210 MESSAGE --- [   ICARTT_FileLoader].[             LoadAll] Loading: C:\Users\atschaff\ICARTT Data\TEXAS_2013\P3B_AIRCRAFT\HOLLOWAY.JOHN\DiscoverAQ-SO2_P3B_20130906_R1.ict
2016-02-29 16:51:36.210 MESSAGE --- [   ICARTT_FileLoader].[             LoadAll] Loading: C:\Users\atschaff\ICARTT Data\TEXAS_2013\P3B_AIRCRAFT\HOLLOWAY.JOHN\DiscoverAQ-SO2_P3B_20130911_R1.ict
2016-02-29 16:51:36.210 MESSAGE --- [   ICARTT_FileLoader].[             LoadAll] Loading: C:\Users\atschaff\ICARTT Data\TEXAS_2013\P3B_AIRCRAFT\HOLLOWAY.JOHN\DiscoverAQ-SO2_P3B_20130912_R1.ict
2016-02-29 16:51:36.210 MESSAGE --- [   ICARTT_FileLoader].[             LoadAll] Loading: C:\Users\atschaff\ICARTT Data\TEXAS_2013\P3B_AIRCRAFT\HOLLOWAY.JOHN\DiscoverAQ-SO2_P3B_20130913_R1.ict
2016-02-29 16:51:36.210 MESSAGE --- [   ICARTT_FileLoader].[             LoadAll] Loading: C:\Users\atschaff\ICARTT Data\TEXAS_2013\P3B_AIRCRAFT\HOLLOWAY.JOHN\DiscoverAQ-SO2_P3B_20130914_R1.ict
2016-02-29 16:51:36.210 MESSAGE --- [   ICARTT_FileLoader].[             LoadAll] Loading: C:\Users\atschaff\ICARTT Data\TEXAS_2013\P3B_AIRCRAFT\HOLLOWAY.JOHN\DiscoverAQ-SO2_P3B_20130924_R1.ict
2016-02-29 16:51:36.210 MESSAGE --- [   ICARTT_FileLoader].[             LoadAll] Loading: C:\Users\atschaff\ICARTT Data\TEXAS_2013\P3B_AIRCRAFT\HOLLOWAY.JOHN\DiscoverAQ-SO2_P3B_20130925_R1.ict
2016-02-29 16:51:36.210 MESSAGE --- [   ICARTT_FileLoader].[             LoadAll] Loading: C:\Users\atschaff\ICARTT Data\TEXAS_2013\P3B_AIRCRAFT\HOLLOWAY.JOHN\DiscoverAQ-SO2_P3B_20130926_R1.ict
2016-02-29 16:51:36.210 MESSAGE --- [   ICARTT_FileLoader].[             LoadAll] Loading: C:\Users\atschaff\ICARTT Data\TEXAS_2013\P3B_AIRCRAFT\VANGILST.DAVID\discoveraq-reveal_p3b_20130828_r0.ict
2016-02-29 16:51:36.210 MESSAGE --- [   ICARTT_FileLoader].[             LoadAll] Loading: C:\Users\atschaff\ICARTT Data\TEXAS_2013\P3B_AIRCRAFT\VANGILST.DAVID\discoveraq-reveal_p3b_20130902_r0.ict
2016-02-29 16:51:36.210 MESSAGE --- [   ICARTT_FileLoader].[             LoadAll] Loading: C:\Users\atschaff\ICARTT Data\TEXAS_2013\P3B_AIRCRAFT\VANGILST.DAVID\discoveraq-reveal_p3b_20130904_r1.ict
2016-02-29 16:51:36.210 MESSAGE --- [   ICARTT_FileLoader].[             LoadAll] Loading: C:\Users\atschaff\ICARTT Data\TEXAS_2013\P3B_AIRCRAFT\VANGILST.DAVID\discoveraq-reveal_p3b_20130906_r1.ict
2016-02-29 16:51:36.210 MESSAGE --- [   ICARTT_FileLoader].[             LoadAll] Loading: C:\Users\atschaff\ICARTT Data\TEXAS_2013\P3B_AIRCRAFT\VANGILST.DAVID\discoveraq-reveal_p3b_20130911_r1.ict
2016-02-29 16:51:36.210 MESSAGE --- [   ICARTT_FileLoader].[             LoadAll] Loading: C:\Users\atschaff\ICARTT Data\TEXAS_2013\P3B_AIRCRAFT\VANGILST.DAVID\discoveraq-reveal_p3b_20130912_r1.ict
2016-02-29 16:51:36.210 MESSAGE --- [   ICARTT_FileLoader].[             LoadAll] Loading: C:\Users\atschaff\ICARTT Data\TEXAS_2013\P3B_AIRCRAFT\VANGILST.DAVID\discoveraq-reveal_p3b_20130913_r1.ict
2016-02-29 16:51:36.210 MESSAGE --- [   ICARTT_FileLoader].[             LoadAll] Loading: C:\Users\atschaff\ICARTT Data\TEXAS_2013\P3B_AIRCRAFT\VANGILST.DAVID\discoveraq-reveal_p3b_20130914_r1.ict
2016-02-29 16:51:36.210 MESSAGE --- [   ICARTT_FileLoader].[             LoadAll] Loading: C:\Users\atschaff\ICARTT Data\TEXAS_2013\P3B_AIRCRAFT\VANGILST.DAVID\discoveraq-reveal_p3b_20130924_r1.ict
2016-02-29 16:51:36.210 MESSAGE --- [   ICARTT_FileLoader].[             LoadAll] Loading: C:\Users\atschaff\ICARTT Data\TEXAS_2013\P3B_AIRCRAFT\VANGILST.DAVID\discoveraq-reveal_p3b_20130925_r1.ict
2016-02-29 16:51:36.210 MESSAGE --- [   ICARTT_FileLoader].[             LoadAll] Loading: C:\Users\atschaff\ICARTT Data\TEXAS_2013\P3B_AIRCRAFT\VANGILST.DAVID\discoveraq-reveal_p3b_20130926_r1.ict
2016-02-29 16:51:36.210 MESSAGE --- [   ICARTT_FileLoader].[             LoadAll] Loading: C:\Users\atschaff\ICARTT Data\TEXAS_2013\P3B_AIRCRAFT\WEINHEIMER.ANDREW\DISCOVERAQ-NOXYO3_P3B_20130904_R0.ict
2016-02-29 16:51:36.210 MESSAGE --- [   ICARTT_FileLoader].[             LoadAll] Loading: C:\Users\atschaff\ICARTT Data\TEXAS_2013\P3B_AIRCRAFT\WEINHEIMER.ANDREW\DISCOVERAQ-NOXYO3_P3B_20130906_R0.ict
2016-02-29 16:51:36.210 MESSAGE --- [   ICARTT_FileLoader].[             LoadAll] Loading: C:\Users\atschaff\ICARTT Data\TEXAS_2013\P3B_AIRCRAFT\WEINHEIMER.ANDREW\DISCOVERAQ-NOXYO3_P3B_20130911_R0.ict
2016-02-29 16:51:36.210 MESSAGE --- [   ICARTT_FileLoader].[             LoadAll] Loading: C:\Users\atschaff\ICARTT Data\TEXAS_2013\P3B_AIRCRAFT\WEINHEIMER.ANDREW\DISCOVERAQ-NOXYO3_P3B_20130912_R0.ict
2016-02-29 16:51:36.210 MESSAGE --- [   ICARTT_FileLoader].[             LoadAll] Loading: C:\Users\atschaff\ICARTT Data\TEXAS_2013\P3B_AIRCRAFT\WEINHEIMER.ANDREW\DISCOVERAQ-NOXYO3_P3B_20130913_R0.ict
2016-02-29 16:51:36.210 MESSAGE --- [   ICARTT_FileLoader].[             LoadAll] Loading: C:\Users\atschaff\ICARTT Data\TEXAS_2013\P3B_AIRCRAFT\WEINHEIMER.ANDREW\DISCOVERAQ-NOXYO3_P3B_20130914_R0.ict
2016-02-29 16:51:36.210 MESSAGE --- [   ICARTT_FileLoader].[             LoadAll] Loading: C:\Users\atschaff\ICARTT Data\TEXAS_2013\P3B_AIRCRAFT\WEINHEIMER.ANDREW\DISCOVERAQ-NOXYO3_P3B_20130924_R0.ict
2016-02-29 16:51:36.210 MESSAGE --- [   ICARTT_FileLoader].[             LoadAll] Loading: C:\Users\atschaff\ICARTT Data\TEXAS_2013\P3B_AIRCRAFT\WEINHEIMER.ANDREW\DISCOVERAQ-NOXYO3_P3B_20130925_R0.ict
2016-02-29 16:51:36.210 MESSAGE --- [   ICARTT_FileLoader].[             LoadAll] Loading: C:\Users\atschaff\ICARTT Data\TEXAS_2013\P3B_AIRCRAFT\WEINHEIMER.ANDREW\DISCOVERAQ-NOXYO3_P3B_20130926_R0.ict
2016-02-29 16:51:36.210 MESSAGE --- [   ICARTT_FileLoader].[             LoadAll] Loading: C:\Users\atschaff\ICARTT Data\TEXAS_2013\P3B_AIRCRAFT\WISTHALER.ARMIN\discoveraq-PTRTOF-NMHCs_P3B_20130904_R0.ict
2016-02-29 16:51:36.210 MESSAGE --- [   ICARTT_FileLoader].[             LoadAll] Loading: C:\Users\atschaff\ICARTT Data\TEXAS_2013\P3B_AIRCRAFT\WISTHALER.ARMIN\discoveraq-PTRTOF-NMHCs_P3B_20130906_R0.ict
2016-02-29 16:51:36.210 MESSAGE --- [   ICARTT_FileLoader].[             LoadAll] Loading: C:\Users\atschaff\ICARTT Data\TEXAS_2013\P3B_AIRCRAFT\WISTHALER.ARMIN\discoveraq-PTRTOF-NMHCs_P3B_20130911_R0.ict
2016-02-29 16:51:36.210 MESSAGE --- [   ICARTT_FileLoader].[             LoadAll] Loading: C:\Users\atschaff\ICARTT Data\TEXAS_2013\P3B_AIRCRAFT\WISTHALER.ARMIN\discoveraq-PTRTOF-NMHCs_P3B_20130912_R0.ict
2016-02-29 16:51:36.210 MESSAGE --- [   ICARTT_FileLoader].[             LoadAll] Loading: C:\Users\atschaff\ICARTT Data\TEXAS_2013\P3B_AIRCRAFT\WISTHALER.ARMIN\discoveraq-PTRTOF-NMHCs_P3B_20130913_R0.ict
2016-02-29 16:51:36.210 MESSAGE --- [   ICARTT_FileLoader].[             LoadAll] Loading: C:\Users\atschaff\ICARTT Data\TEXAS_2013\P3B_AIRCRAFT\WISTHALER.ARMIN\discoveraq-PTRTOF-NMHCs_P3B_20130914_R0.ict
2016-02-29 16:51:36.210 MESSAGE --- [   ICARTT_FileLoader].[             LoadAll] Loading: C:\Users\atschaff\ICARTT Data\TEXAS_2013\P3B_AIRCRAFT\WISTHALER.ARMIN\discoveraq-PTRTOF-NMHCs_P3B_20130924_R0.ict
2016-02-29 16:51:36.210 MESSAGE --- [   ICARTT_FileLoader].[             LoadAll] Loading: C:\Users\atschaff\ICARTT Data\TEXAS_2013\P3B_AIRCRAFT\WISTHALER.ARMIN\discoveraq-PTRTOF-NMHCs_P3B_20130925_R0.ict
2016-02-29 16:51:36.210 MESSAGE --- [   ICARTT_FileLoader].[             LoadAll] Loading: C:\Users\atschaff\ICARTT Data\TEXAS_2013\P3B_AIRCRAFT\WISTHALER.ARMIN\discoveraq-PTRTOF-NMHCs_P3B_20130926_R0.ict
2016-02-29 16:51:36.210 MESSAGE --- [   ICARTT_FileLoader].[             LoadAll] Loading: C:\Users\atschaff\ICARTT Data\TEXAS_2013\P3B_AIRCRAFT\YANG.MELISSA\discoveraq-CO2_p3b_20130904_R0.ict
2016-02-29 16:51:36.210 MESSAGE --- [   ICARTT_FileLoader].[             LoadAll] Loading: C:\Users\atschaff\ICARTT Data\TEXAS_2013\P3B_AIRCRAFT\YANG.MELISSA\discoveraq-CO2_p3b_20130906_R0.ict
2016-02-29 16:51:36.210 MESSAGE --- [   ICARTT_FileLoader].[             LoadAll] Loading: C:\Users\atschaff\ICARTT Data\TEXAS_2013\P3B_AIRCRAFT\YANG.MELISSA\discoveraq-CO2_p3b_20130911_R0.ict
2016-02-29 16:51:36.210 MESSAGE --- [   ICARTT_FileLoader].[             LoadAll] Loading: C:\Users\atschaff\ICARTT Data\TEXAS_2013\P3B_AIRCRAFT\YANG.MELISSA\discoveraq-CO2_p3b_20130912_R0.ict
2016-02-29 16:51:36.210 MESSAGE --- [   ICARTT_FileLoader].[             LoadAll] Loading: C:\Users\atschaff\ICARTT Data\TEXAS_2013\P3B_AIRCRAFT\YANG.MELISSA\discoveraq-CO2_p3b_20130913_R0.ict
2016-02-29 16:51:36.210 MESSAGE --- [   ICARTT_FileLoader].[             LoadAll] Loading: C:\Users\atschaff\ICARTT Data\TEXAS_2013\P3B_AIRCRAFT\YANG.MELISSA\discoveraq-CO2_p3b_20130914_R0.ict
2016-02-29 16:51:36.210 MESSAGE --- [   ICARTT_FileLoader].[             LoadAll] Loading: C:\Users\atschaff\ICARTT Data\TEXAS_2013\P3B_AIRCRAFT\YANG.MELISSA\discoveraq-CO2_p3b_20130924_R0.ict
2016-02-29 16:51:36.210 MESSAGE --- [   ICARTT_FileLoader].[             LoadAll] Loading: C:\Users\atschaff\ICARTT Data\TEXAS_2013\P3B_AIRCRAFT\YANG.MELISSA\discoveraq-CO2_p3b_20130925_R0.ict
2016-02-29 16:51:36.210 MESSAGE --- [   ICARTT_FileLoader].[             LoadAll] Loading: C:\Users\atschaff\ICARTT Data\TEXAS_2013\P3B_AIRCRAFT\YANG.MELISSA\discoveraq-CO2_p3b_20130926_R0.ict
2016-02-29 16:52:30.712   DEBUG --- [...DialogExampleForm].[folderMenuItem_Click] C:\Users\atschaff\ICARTT Data\TEXAS_2013\P3B_AIRCRAFT
2016-02-29 16:52:35.860 MESSAGE --- [             Program].[                Main] Main thread terminating.
2016-02-29 16:52:35.860 MESSAGE --- [              Logger].[               Close] Close requested. Remaining 1 messages will be written to file.
