2016-03-23 15:22:52.408 MESSAGE --- [              Logger].[               Setup] Ready to accept and digest messages.
2016-03-23 15:22:54.396   DEBUG --- [...figurationBuilder].[...entProcessControl] Changing Process View
2016-03-23 15:22:54.396   DEBUG --- [...figurationBuilder].[...entProcessControl]     From: DEFAULT NAME
2016-03-23 15:22:54.396   DEBUG --- [...figurationBuilder].[...entProcessControl]     To:   Directory Select
2016-03-23 15:23:06.415 MESSAGE --- [...l_DirectorySelect].[...TTDirectory_Click] User selected directory: C:\Users\atschaff\ICARTT Data\CALIFORNIA_2013\P3B_AIRCRAFT
2016-03-23 15:23:07.379   DEBUG --- [...figurationBuilder].[...entProcessControl] Changing Process View
2016-03-23 15:23:07.379   DEBUG --- [...figurationBuilder].[...entProcessControl]     From: Directory Select
2016-03-23 15:23:07.379   DEBUG --- [...figurationBuilder].[...entProcessControl]     To:   File Name Filters
2016-03-23 15:23:07.403 MESSAGE --- [  ICARTT_FileManager].[...CARTTFilesFromDir] Searched for ICARTT files
2016-03-23 15:23:07.403 MESSAGE --- [  ICARTT_FileManager].[...CARTTFilesFromDir]     Directory: C:\Users\atschaff\ICARTT Data\CALIFORNIA_2013\P3B_AIRCRAFT
2016-03-23 15:23:07.403 MESSAGE --- [  ICARTT_FileManager].[...CARTTFilesFromDir]     Number of ICARTT Files Found: 349
2016-03-23 15:23:08.587   DEBUG --- [...figurationBuilder].[...entProcessControl] Changing Process View
2016-03-23 15:23:08.587   DEBUG --- [...figurationBuilder].[...entProcessControl]     From: File Name Filters
2016-03-23 15:23:08.587   DEBUG --- [...figurationBuilder].[...entProcessControl]     To:   File Select
2016-03-23 15:23:10.722  EXCEPT --- [         ICARTT_File].[                Load] System.FormatException: Input string was not in a correct format.
2016-03-23 15:23:10.722  EXCEPT --- [         ICARTT_File].[                Load]        at System.Number.ParseDouble(String value, NumberStyles options, NumberFormatInfo numfmt)
2016-03-23 15:23:10.722  EXCEPT --- [         ICARTT_File].[                Load]        at System.Double.Parse(String s)
2016-03-23 15:23:10.722  EXCEPT --- [         ICARTT_File].[                Load]        at ICARTT_Merge_Configuration.ICARTT_File_Library.ICARTT_File.Load() in C:\Users\atschaff\Documents\Visual Studio 2015\Projects\ICARTT Merge Configuration\ICARTT Merge Configuration\ICARTT_File_Library\ICARTT_File.cs:line 254
2016-03-23 15:23:10.722   ERROR --- [         ICARTT_File].[                Load] LOAD ERROR: C:\Users\atschaff\ICARTT Data\CALIFORNIA_2013\P3B_AIRCRAFT\FRIED.ALAN\discoveraq-CH2O_P3B_20130128_R0_1Min.ict
2016-03-23 15:23:12.606  EXCEPT --- [         ICARTT_File].[                Load] System.FormatException: Input string was not in a correct format.
2016-03-23 15:23:12.606  EXCEPT --- [         ICARTT_File].[                Load]        at System.Number.ParseDouble(String value, NumberStyles options, NumberFormatInfo numfmt)
2016-03-23 15:23:12.606  EXCEPT --- [         ICARTT_File].[                Load]        at System.Double.Parse(String s)
2016-03-23 15:23:12.606  EXCEPT --- [         ICARTT_File].[                Load]        at ICARTT_Merge_Configuration.ICARTT_File_Library.ICARTT_File.Load() in C:\Users\atschaff\Documents\Visual Studio 2015\Projects\ICARTT Merge Configuration\ICARTT Merge Configuration\ICARTT_File_Library\ICARTT_File.cs:line 254
2016-03-23 15:23:12.607   ERROR --- [         ICARTT_File].[                Load] LOAD ERROR: C:\Users\atschaff\ICARTT Data\CALIFORNIA_2013\P3B_AIRCRAFT\FRIED.ALAN\discoveraq-CH2O_P3B_20130128_R0_1Min.ict
2016-03-23 15:23:22.976  EXCEPT --- [         ICARTT_File].[                Load] System.FormatException: Input string was not in a correct format.
2016-03-23 15:23:22.976  EXCEPT --- [         ICARTT_File].[                Load]        at System.Number.ParseDouble(String value, NumberStyles options, NumberFormatInfo numfmt)
2016-03-23 15:23:22.976  EXCEPT --- [         ICARTT_File].[                Load]        at System.Double.Parse(String s)
2016-03-23 15:23:22.976  EXCEPT --- [         ICARTT_File].[                Load]        at ICARTT_Merge_Configuration.ICARTT_File_Library.ICARTT_File.Load() in C:\Users\atschaff\Documents\Visual Studio 2015\Projects\ICARTT Merge Configuration\ICARTT Merge Configuration\ICARTT_File_Library\ICARTT_File.cs:line 254
2016-03-23 15:23:22.976   ERROR --- [         ICARTT_File].[                Load] LOAD ERROR: C:\Users\atschaff\ICARTT Data\CALIFORNIA_2013\P3B_AIRCRAFT\FRIED.ALAN\discoveraq-CH2O_P3B_20130128_R0_1Min.ict
2016-03-23 15:23:45.442   DEBUG --- [...figurationBuilder].[...entProcessControl] Changing Process View
2016-03-23 15:23:45.442   DEBUG --- [...figurationBuilder].[...entProcessControl]     From: File Select
2016-03-23 15:23:45.442   DEBUG --- [...figurationBuilder].[...entProcessControl]     To:   Time Variables
2016-03-23 15:27:35.642 MESSAGE --- [              Logger].[               Setup] Ready to accept and digest messages.
2016-03-23 15:27:36.322   DEBUG --- [...figurationBuilder].[...entProcessControl] Changing Process View
2016-03-23 15:27:36.322   DEBUG --- [...figurationBuilder].[...entProcessControl]     From: DEFAULT NAME
2016-03-23 15:27:36.322   DEBUG --- [...figurationBuilder].[...entProcessControl]     To:   Directory Select
2016-03-23 15:27:43.808 MESSAGE --- [...l_DirectorySelect].[...TTDirectory_Click] User selected directory: C:\Users\atschaff\ICARTT Data\CALIFORNIA_2013\P3B_AIRCRAFT
2016-03-23 15:27:44.474   DEBUG --- [...figurationBuilder].[...entProcessControl] Changing Process View
2016-03-23 15:27:44.474   DEBUG --- [...figurationBuilder].[...entProcessControl]     From: Directory Select
2016-03-23 15:27:44.474   DEBUG --- [...figurationBuilder].[...entProcessControl]     To:   File Name Filters
2016-03-23 15:27:44.491 MESSAGE --- [  ICARTT_FileManager].[...CARTTFilesFromDir] Searched for ICARTT files
2016-03-23 15:27:44.491 MESSAGE --- [  ICARTT_FileManager].[...CARTTFilesFromDir]     Directory: C:\Users\atschaff\ICARTT Data\CALIFORNIA_2013\P3B_AIRCRAFT
2016-03-23 15:27:44.491 MESSAGE --- [  ICARTT_FileManager].[...CARTTFilesFromDir]     Number of ICARTT Files Found: 349
2016-03-23 15:27:45.481   DEBUG --- [...figurationBuilder].[...entProcessControl] Changing Process View
2016-03-23 15:27:45.481   DEBUG --- [...figurationBuilder].[...entProcessControl]     From: File Name Filters
2016-03-23 15:27:45.481   DEBUG --- [...figurationBuilder].[...entProcessControl]     To:   File Select
2016-03-23 15:27:49.001  EXCEPT --- [         ICARTT_File].[                Load] System.FormatException: Input string was not in a correct format.
2016-03-23 15:27:49.001  EXCEPT --- [         ICARTT_File].[                Load]        at System.Number.ParseDouble(String value, NumberStyles options, NumberFormatInfo numfmt)
2016-03-23 15:27:49.001  EXCEPT --- [         ICARTT_File].[                Load]        at System.Double.Parse(String s)
2016-03-23 15:27:49.001  EXCEPT --- [         ICARTT_File].[                Load]        at ICARTT_Merge_Configuration.ICARTT_File_Library.ICARTT_File.Load() in C:\Users\atschaff\Documents\Visual Studio 2015\Projects\ICARTT Merge Configuration\ICARTT Merge Configuration\ICARTT_File_Library\ICARTT_File.cs:line 254
2016-03-23 15:27:49.001   ERROR --- [         ICARTT_File].[                Load] LOAD ERROR: C:\Users\atschaff\ICARTT Data\CALIFORNIA_2013\P3B_AIRCRAFT\FRIED.ALAN\discoveraq-CH2O_P3B_20130128_R0_1Min.ict
2016-03-23 15:27:50.278  EXCEPT --- [         ICARTT_File].[                Load] System.FormatException: Input string was not in a correct format.
2016-03-23 15:27:50.278  EXCEPT --- [         ICARTT_File].[                Load]        at System.Number.ParseDouble(String value, NumberStyles options, NumberFormatInfo numfmt)
2016-03-23 15:27:50.278  EXCEPT --- [         ICARTT_File].[                Load]        at System.Double.Parse(String s)
2016-03-23 15:27:50.278  EXCEPT --- [         ICARTT_File].[                Load]        at ICARTT_Merge_Configuration.ICARTT_File_Library.ICARTT_File.Load() in C:\Users\atschaff\Documents\Visual Studio 2015\Projects\ICARTT Merge Configuration\ICARTT Merge Configuration\ICARTT_File_Library\ICARTT_File.cs:line 254
2016-03-23 15:27:50.279   ERROR --- [         ICARTT_File].[                Load] LOAD ERROR: C:\Users\atschaff\ICARTT Data\CALIFORNIA_2013\P3B_AIRCRAFT\FRIED.ALAN\discoveraq-CH2O_P3B_20130128_R0_1Min.ict
2016-03-23 15:28:17.076  EXCEPT --- [         ICARTT_File].[                Load] System.FormatException: Input string was not in a correct format.
2016-03-23 15:28:17.076  EXCEPT --- [         ICARTT_File].[                Load]        at System.Number.ParseDouble(String value, NumberStyles options, NumberFormatInfo numfmt)
2016-03-23 15:28:17.076  EXCEPT --- [         ICARTT_File].[                Load]        at System.Double.Parse(String s)
2016-03-23 15:28:17.076  EXCEPT --- [         ICARTT_File].[                Load]        at ICARTT_Merge_Configuration.ICARTT_File_Library.ICARTT_File.Load() in C:\Users\atschaff\Documents\Visual Studio 2015\Projects\ICARTT Merge Configuration\ICARTT Merge Configuration\ICARTT_File_Library\ICARTT_File.cs:line 254
2016-03-23 15:28:17.076   ERROR --- [         ICARTT_File].[                Load] LOAD ERROR: C:\Users\atschaff\ICARTT Data\CALIFORNIA_2013\P3B_AIRCRAFT\FRIED.ALAN\discoveraq-CH2O_P3B_20130128_R0_1Min.ict
2016-03-23 15:28:39.655  EXCEPT --- [         ICARTT_File].[                Load] System.FormatException: Input string was not in a correct format.
2016-03-23 15:28:39.655  EXCEPT --- [         ICARTT_File].[                Load]        at System.Number.ParseDouble(String value, NumberStyles options, NumberFormatInfo numfmt)
2016-03-23 15:28:39.655  EXCEPT --- [         ICARTT_File].[                Load]        at System.Double.Parse(String s)
2016-03-23 15:28:39.655  EXCEPT --- [         ICARTT_File].[                Load]        at ICARTT_Merge_Configuration.ICARTT_File_Library.ICARTT_File.Load() in C:\Users\atschaff\Documents\Visual Studio 2015\Projects\ICARTT Merge Configuration\ICARTT Merge Configuration\ICARTT_File_Library\ICARTT_File.cs:line 254
2016-03-23 15:28:39.656   ERROR --- [         ICARTT_File].[                Load] LOAD ERROR: C:\Users\atschaff\ICARTT Data\CALIFORNIA_2013\P3B_AIRCRAFT\FRIED.ALAN\discoveraq-CH2O_P3B_20130128_R0_1Min.ict
2016-03-23 15:28:41.979  EXCEPT --- [         ICARTT_File].[                Load] System.FormatException: Input string was not in a correct format.
2016-03-23 15:28:41.979  EXCEPT --- [         ICARTT_File].[                Load]        at System.Number.ParseDouble(String value, NumberStyles options, NumberFormatInfo numfmt)
2016-03-23 15:28:41.979  EXCEPT --- [         ICARTT_File].[                Load]        at System.Double.Parse(String s)
2016-03-23 15:28:41.979  EXCEPT --- [         ICARTT_File].[                Load]        at ICARTT_Merge_Configuration.ICARTT_File_Library.ICARTT_File.Load() in C:\Users\atschaff\Documents\Visual Studio 2015\Projects\ICARTT Merge Configuration\ICARTT Merge Configuration\ICARTT_File_Library\ICARTT_File.cs:line 254
2016-03-23 15:28:41.980   ERROR --- [         ICARTT_File].[                Load] LOAD ERROR: C:\Users\atschaff\ICARTT Data\CALIFORNIA_2013\P3B_AIRCRAFT\FRIED.ALAN\discoveraq-CH2O_P3B_20130128_R0_1Min.ict
2016-03-23 15:28:42.517  EXCEPT --- [         ICARTT_File].[                Load] System.FormatException: Input string was not in a correct format.
2016-03-23 15:28:42.517  EXCEPT --- [         ICARTT_File].[                Load]        at System.Number.ParseDouble(String value, NumberStyles options, NumberFormatInfo numfmt)
2016-03-23 15:28:42.517  EXCEPT --- [         ICARTT_File].[                Load]        at System.Double.Parse(String s)
2016-03-23 15:28:42.517  EXCEPT --- [         ICARTT_File].[                Load]        at ICARTT_Merge_Configuration.ICARTT_File_Library.ICARTT_File.Load() in C:\Users\atschaff\Documents\Visual Studio 2015\Projects\ICARTT Merge Configuration\ICARTT Merge Configuration\ICARTT_File_Library\ICARTT_File.cs:line 254
2016-03-23 15:28:42.518   ERROR --- [         ICARTT_File].[                Load] LOAD ERROR: C:\Users\atschaff\ICARTT Data\CALIFORNIA_2013\P3B_AIRCRAFT\FRIED.ALAN\discoveraq-CH2O_P3B_20130128_R0_1Min.ict
2016-03-23 15:28:43.652  EXCEPT --- [         ICARTT_File].[                Load] System.FormatException: Input string was not in a correct format.
2016-03-23 15:28:43.652  EXCEPT --- [         ICARTT_File].[                Load]        at System.Number.ParseDouble(String value, NumberStyles options, NumberFormatInfo numfmt)
2016-03-23 15:28:43.652  EXCEPT --- [         ICARTT_File].[                Load]        at System.Double.Parse(String s)
2016-03-23 15:28:43.652  EXCEPT --- [         ICARTT_File].[                Load]        at ICARTT_Merge_Configuration.ICARTT_File_Library.ICARTT_File.Load() in C:\Users\atschaff\Documents\Visual Studio 2015\Projects\ICARTT Merge Configuration\ICARTT Merge Configuration\ICARTT_File_Library\ICARTT_File.cs:line 254
2016-03-23 15:28:43.652   ERROR --- [         ICARTT_File].[                Load] LOAD ERROR: C:\Users\atschaff\ICARTT Data\CALIFORNIA_2013\P3B_AIRCRAFT\FRIED.ALAN\discoveraq-CH2O_P3B_20130128_R0_1Min.ict
2016-03-23 15:28:48.473  EXCEPT --- [         ICARTT_File].[                Load] System.FormatException: Input string was not in a correct format.
2016-03-23 15:28:48.473  EXCEPT --- [         ICARTT_File].[                Load]        at System.Number.ParseDouble(String value, NumberStyles options, NumberFormatInfo numfmt)
2016-03-23 15:28:48.473  EXCEPT --- [         ICARTT_File].[                Load]        at System.Double.Parse(String s)
2016-03-23 15:28:48.473  EXCEPT --- [         ICARTT_File].[                Load]        at ICARTT_Merge_Configuration.ICARTT_File_Library.ICARTT_File.Load() in C:\Users\atschaff\Documents\Visual Studio 2015\Projects\ICARTT Merge Configuration\ICARTT Merge Configuration\ICARTT_File_Library\ICARTT_File.cs:line 254
2016-03-23 15:28:48.473   ERROR --- [         ICARTT_File].[                Load] LOAD ERROR: C:\Users\atschaff\ICARTT Data\CALIFORNIA_2013\P3B_AIRCRAFT\FRIED.ALAN\discoveraq-CH2O_P3B_20130128_R0_1Min.ict
2016-03-23 15:28:50.176  EXCEPT --- [         ICARTT_File].[                Load] System.FormatException: Input string was not in a correct format.
2016-03-23 15:28:50.176  EXCEPT --- [         ICARTT_File].[                Load]        at System.Number.ParseDouble(String value, NumberStyles options, NumberFormatInfo numfmt)
2016-03-23 15:28:50.176  EXCEPT --- [         ICARTT_File].[                Load]        at System.Double.Parse(String s)
2016-03-23 15:28:50.176  EXCEPT --- [         ICARTT_File].[                Load]        at ICARTT_Merge_Configuration.ICARTT_File_Library.ICARTT_File.Load() in C:\Users\atschaff\Documents\Visual Studio 2015\Projects\ICARTT Merge Configuration\ICARTT Merge Configuration\ICARTT_File_Library\ICARTT_File.cs:line 254
2016-03-23 15:28:50.196   ERROR --- [         ICARTT_File].[                Load] LOAD ERROR: C:\Users\atschaff\ICARTT Data\CALIFORNIA_2013\P3B_AIRCRAFT\FRIED.ALAN\discoveraq-CH2O_P3B_20130128_R0_1Min.ict
2016-03-23 15:30:46.956  EXCEPT --- [         ICARTT_File].[                Load] System.FormatException: Input string was not in a correct format.
2016-03-23 15:30:46.956  EXCEPT --- [         ICARTT_File].[                Load]        at System.Number.ParseDouble(String value, NumberStyles options, NumberFormatInfo numfmt)
2016-03-23 15:30:46.956  EXCEPT --- [         ICARTT_File].[                Load]        at System.Double.Parse(String s)
2016-03-23 15:30:46.956  EXCEPT --- [         ICARTT_File].[                Load]        at ICARTT_Merge_Configuration.ICARTT_File_Library.ICARTT_File.Load() in C:\Users\atschaff\Documents\Visual Studio 2015\Projects\ICARTT Merge Configuration\ICARTT Merge Configuration\ICARTT_File_Library\ICARTT_File.cs:line 254
2016-03-23 15:30:46.956   ERROR --- [         ICARTT_File].[                Load] LOAD ERROR: C:\Users\atschaff\ICARTT Data\CALIFORNIA_2013\P3B_AIRCRAFT\FRIED.ALAN\discoveraq-CH2O_P3B_20130128_R0_1Min.ict
2016-03-23 15:30:48.146  EXCEPT --- [         ICARTT_File].[                Load] System.FormatException: Input string was not in a correct format.
2016-03-23 15:30:48.146  EXCEPT --- [         ICARTT_File].[                Load]        at System.Number.ParseDouble(String value, NumberStyles options, NumberFormatInfo numfmt)
2016-03-23 15:30:48.146  EXCEPT --- [         ICARTT_File].[                Load]        at System.Double.Parse(String s)
2016-03-23 15:30:48.146  EXCEPT --- [         ICARTT_File].[                Load]        at ICARTT_Merge_Configuration.ICARTT_File_Library.ICARTT_File.Load() in C:\Users\atschaff\Documents\Visual Studio 2015\Projects\ICARTT Merge Configuration\ICARTT Merge Configuration\ICARTT_File_Library\ICARTT_File.cs:line 254
2016-03-23 15:30:48.146   ERROR --- [         ICARTT_File].[                Load] LOAD ERROR: C:\Users\atschaff\ICARTT Data\CALIFORNIA_2013\P3B_AIRCRAFT\FRIED.ALAN\discoveraq-CH2O_P3B_20130128_R0_1Min.ict
2016-03-23 15:30:48.620  EXCEPT --- [         ICARTT_File].[                Load] System.FormatException: Input string was not in a correct format.
2016-03-23 15:30:48.620  EXCEPT --- [         ICARTT_File].[                Load]        at System.Number.ParseDouble(String value, NumberStyles options, NumberFormatInfo numfmt)
2016-03-23 15:30:48.620  EXCEPT --- [         ICARTT_File].[                Load]        at System.Double.Parse(String s)
2016-03-23 15:30:48.620  EXCEPT --- [         ICARTT_File].[                Load]        at ICARTT_Merge_Configuration.ICARTT_File_Library.ICARTT_File.Load() in C:\Users\atschaff\Documents\Visual Studio 2015\Projects\ICARTT Merge Configuration\ICARTT Merge Configuration\ICARTT_File_Library\ICARTT_File.cs:line 254
2016-03-23 15:30:48.620   ERROR --- [         ICARTT_File].[                Load] LOAD ERROR: C:\Users\atschaff\ICARTT Data\CALIFORNIA_2013\P3B_AIRCRAFT\FRIED.ALAN\discoveraq-CH2O_P3B_20130128_R0_1Min.ict
2016-03-23 15:30:51.322  EXCEPT --- [         ICARTT_File].[                Load] System.FormatException: Input string was not in a correct format.
2016-03-23 15:30:51.322  EXCEPT --- [         ICARTT_File].[                Load]        at System.Number.ParseDouble(String value, NumberStyles options, NumberFormatInfo numfmt)
2016-03-23 15:30:51.322  EXCEPT --- [         ICARTT_File].[                Load]        at System.Double.Parse(String s)
2016-03-23 15:30:51.322  EXCEPT --- [         ICARTT_File].[                Load]        at ICARTT_Merge_Configuration.ICARTT_File_Library.ICARTT_File.Load() in C:\Users\atschaff\Documents\Visual Studio 2015\Projects\ICARTT Merge Configuration\ICARTT Merge Configuration\ICARTT_File_Library\ICARTT_File.cs:line 254
2016-03-23 15:30:51.322   ERROR --- [         ICARTT_File].[                Load] LOAD ERROR: C:\Users\atschaff\ICARTT Data\CALIFORNIA_2013\P3B_AIRCRAFT\FRIED.ALAN\discoveraq-CH2O_P3B_20130128_R0_1Min.ict
2016-03-23 15:31:02.184   DEBUG --- [...figurationBuilder].[...entProcessControl] Changing Process View
2016-03-23 15:31:02.184   DEBUG --- [...figurationBuilder].[...entProcessControl]     From: File Select
2016-03-23 15:31:02.184   DEBUG --- [...figurationBuilder].[...entProcessControl]     To:   Time Variables
2016-03-23 15:31:20.057 MESSAGE --- [             Program].[                Main] Main thread terminating.
2016-03-23 15:31:20.058 MESSAGE --- [              Logger].[               Close] Close requested. Remaining 0 messages will be written to file.
2016-03-23 15:32:19.154 MESSAGE --- [              Logger].[               Setup] Ready to accept and digest messages.
2016-03-23 15:32:19.403   DEBUG --- [...figurationBuilder].[...entProcessControl] Changing Process View
2016-03-23 15:32:19.403   DEBUG --- [...figurationBuilder].[...entProcessControl]     From: DEFAULT NAME
2016-03-23 15:32:19.403   DEBUG --- [...figurationBuilder].[...entProcessControl]     To:   Directory Select
2016-03-23 15:32:26.643 MESSAGE --- [...l_DirectorySelect].[...TTDirectory_Click] User selected directory: C:\Users\atschaff\ICARTT Data\CALIFORNIA_2013\P3B_AIRCRAFT
2016-03-23 15:32:27.565   DEBUG --- [...figurationBuilder].[...entProcessControl] Changing Process View
2016-03-23 15:32:27.565   DEBUG --- [...figurationBuilder].[...entProcessControl]     From: Directory Select
2016-03-23 15:32:27.565   DEBUG --- [...figurationBuilder].[...entProcessControl]     To:   File Name Filters
2016-03-23 15:32:27.581 MESSAGE --- [  ICARTT_FileManager].[...CARTTFilesFromDir] Searched for ICARTT files
2016-03-23 15:32:27.581 MESSAGE --- [  ICARTT_FileManager].[...CARTTFilesFromDir]     Directory: C:\Users\atschaff\ICARTT Data\CALIFORNIA_2013\P3B_AIRCRAFT
2016-03-23 15:32:27.581 MESSAGE --- [  ICARTT_FileManager].[...CARTTFilesFromDir]     Number of ICARTT Files Found: 349
2016-03-23 15:32:28.387   DEBUG --- [...figurationBuilder].[...entProcessControl] Changing Process View
2016-03-23 15:32:28.387   DEBUG --- [...figurationBuilder].[...entProcessControl]     From: File Name Filters
2016-03-23 15:32:28.387   DEBUG --- [...figurationBuilder].[...entProcessControl]     To:   File Select
2016-03-23 15:32:28.590  EXCEPT --- [         ICARTT_File].[                Load] System.FormatException: Input string was not in a correct format.
2016-03-23 15:32:28.590  EXCEPT --- [         ICARTT_File].[                Load]        at System.Number.ParseDouble(String value, NumberStyles options, NumberFormatInfo numfmt)
2016-03-23 15:32:28.590  EXCEPT --- [         ICARTT_File].[                Load]        at System.Double.Parse(String s)
2016-03-23 15:32:28.590  EXCEPT --- [         ICARTT_File].[                Load]        at ICARTT_Merge_Configuration.ICARTT_File_Library.ICARTT_File.Load() in C:\Users\atschaff\Documents\Visual Studio 2015\Projects\ICARTT Merge Configuration\ICARTT Merge Configuration\ICARTT_File_Library\ICARTT_File.cs:line 254
2016-03-23 15:32:28.590   ERROR --- [         ICARTT_File].[                Load] LOAD ERROR: C:\Users\atschaff\ICARTT Data\CALIFORNIA_2013\P3B_AIRCRAFT\FRIED.ALAN\discoveraq-CH2O_P3B_20130128_R0_1Min.ict
2016-03-23 15:32:28.731  EXCEPT --- [         ICARTT_File].[                Load] System.FormatException: Input string was not in a correct format.
2016-03-23 15:32:28.731  EXCEPT --- [         ICARTT_File].[                Load]        at System.Number.ParseDouble(String value, NumberStyles options, NumberFormatInfo numfmt)
2016-03-23 15:32:28.731  EXCEPT --- [         ICARTT_File].[                Load]        at System.Double.Parse(String s)
2016-03-23 15:32:28.731  EXCEPT --- [         ICARTT_File].[                Load]        at ICARTT_Merge_Configuration.ICARTT_File_Library.ICARTT_File.Load() in C:\Users\atschaff\Documents\Visual Studio 2015\Projects\ICARTT Merge Configuration\ICARTT Merge Configuration\ICARTT_File_Library\ICARTT_File.cs:line 254
2016-03-23 15:32:28.731   ERROR --- [         ICARTT_File].[                Load] LOAD ERROR: C:\Users\atschaff\ICARTT Data\CALIFORNIA_2013\P3B_AIRCRAFT\FRIED.ALAN\discoveraq-CH2O_P3B_20130128_R0_1Min.ict
2016-03-23 15:32:34.382  EXCEPT --- [         ICARTT_File].[                Load] System.FormatException: Input string was not in a correct format.
2016-03-23 15:32:34.382  EXCEPT --- [         ICARTT_File].[                Load]        at System.Number.ParseDouble(String value, NumberStyles options, NumberFormatInfo numfmt)
2016-03-23 15:32:34.382  EXCEPT --- [         ICARTT_File].[                Load]        at System.Double.Parse(String s)
2016-03-23 15:32:34.382  EXCEPT --- [         ICARTT_File].[                Load]        at ICARTT_Merge_Configuration.ICARTT_File_Library.ICARTT_File.Load() in C:\Users\atschaff\Documents\Visual Studio 2015\Projects\ICARTT Merge Configuration\ICARTT Merge Configuration\ICARTT_File_Library\ICARTT_File.cs:line 254
2016-03-23 15:32:34.382   ERROR --- [         ICARTT_File].[                Load] LOAD ERROR: C:\Users\atschaff\ICARTT Data\CALIFORNIA_2013\P3B_AIRCRAFT\FRIED.ALAN\discoveraq-CH2O_P3B_20130128_R0_1Min.ict
2016-03-23 15:32:35.833   DEBUG --- [...figurationBuilder].[...entProcessControl] Changing Process View
2016-03-23 15:32:35.833   DEBUG --- [...figurationBuilder].[...entProcessControl]     From: File Select
2016-03-23 15:32:35.833   DEBUG --- [...figurationBuilder].[...entProcessControl]     To:   Time Variables
2016-03-23 15:50:37.731 MESSAGE --- [              Logger].[               Setup] Ready to accept and digest messages.
2016-03-23 15:50:37.934   DEBUG --- [...figurationBuilder].[...entProcessControl] Changing Process View
2016-03-23 15:50:37.934   DEBUG --- [...figurationBuilder].[...entProcessControl]     From: DEFAULT NAME
2016-03-23 15:50:37.934   DEBUG --- [...figurationBuilder].[...entProcessControl]     To:   Directory Select
2016-03-23 15:50:39.151   DEBUG --- [...figurationBuilder].[...entProcessControl] Changing Process View
2016-03-23 15:50:39.151   DEBUG --- [...figurationBuilder].[...entProcessControl]     From: Directory Select
2016-03-23 15:50:39.151   DEBUG --- [...figurationBuilder].[...entProcessControl]     To:   Time Variables
2016-03-23 15:50:39.322  EXCEPT --- [  ICARTT_FileManager].[...CARTTFilesFromDir] System.ArgumentException: The path is not of a legal form.
2016-03-23 15:50:39.322  EXCEPT --- [  ICARTT_FileManager].[...CARTTFilesFromDir]        at System.IO.Path.NormalizePath(String path, Boolean fullCheck, Int32 maxPathLength, Boolean expandShortPaths)
2016-03-23 15:50:39.322  EXCEPT --- [  ICARTT_FileManager].[...CARTTFilesFromDir]        at System.IO.Path.GetFullPathInternal(String path)
2016-03-23 15:50:39.322  EXCEPT --- [  ICARTT_FileManager].[...CARTTFilesFromDir]        at System.IO.FileSystemEnumerableIterator`1..ctor(String path, String originalUserPath, String searchPattern, SearchOption searchOption, SearchResultHandler`1 resultHandler, Boolean checkHost)
2016-03-23 15:50:39.322  EXCEPT --- [  ICARTT_FileManager].[...CARTTFilesFromDir]        at System.IO.Directory.GetFiles(String path, String searchPattern, SearchOption searchOption)
2016-03-23 15:50:39.322  EXCEPT --- [  ICARTT_FileManager].[...CARTTFilesFromDir]        at ICARTT_Merge_Configuration.Utilities.ICARTT_FileManager.GetICARTTFilesFromDir(String dir) in C:\Users\atschaff\Documents\Visual Studio 2015\Projects\ICARTT Merge Configuration\ICARTT Merge Configuration\Utilities\ICARTT_FileManager.cs:line 106
2016-03-23 15:50:39.322 MESSAGE --- [  ICARTT_FileManager].[...CARTTFilesFromDir] Searched for ICARTT files
2016-03-23 15:50:39.322 MESSAGE --- [  ICARTT_FileManager].[...CARTTFilesFromDir]     Directory: 
2016-03-23 15:50:39.322 MESSAGE --- [  ICARTT_FileManager].[...CARTTFilesFromDir]     Number of ICARTT Files Found: 0
2016-03-23 15:50:41.337   DEBUG --- [...figurationBuilder].[...entProcessControl] Changing Process View
2016-03-23 15:50:41.337   DEBUG --- [...figurationBuilder].[...entProcessControl]     From: Time Variables
2016-03-23 15:50:41.337   DEBUG --- [...figurationBuilder].[...entProcessControl]     To:   File Select
2016-03-23 15:50:42.460   DEBUG --- [...figurationBuilder].[...entProcessControl] Changing Process View
2016-03-23 15:50:42.460   DEBUG --- [...figurationBuilder].[...entProcessControl]     From: File Select
2016-03-23 15:50:42.460   DEBUG --- [...figurationBuilder].[...entProcessControl]     To:   File Name Filters
2016-03-23 15:50:43.475   DEBUG --- [...figurationBuilder].[...entProcessControl] Changing Process View
2016-03-23 15:50:43.475   DEBUG --- [...figurationBuilder].[...entProcessControl]     From: File Name Filters
2016-03-23 15:50:43.475   DEBUG --- [...figurationBuilder].[...entProcessControl]     To:   Directory Select
2016-03-23 15:50:54.507 MESSAGE --- [...l_DirectorySelect].[...TTDirectory_Click] User selected directory: C:\Users\atschaff\ICARTT Data\BALTIMORE_WASH_DC_2011\P3B_AIRCRAFT
2016-03-23 15:50:55.177   DEBUG --- [...figurationBuilder].[...entProcessControl] Changing Process View
2016-03-23 15:50:55.177   DEBUG --- [...figurationBuilder].[...entProcessControl]     From: Directory Select
2016-03-23 15:50:55.177   DEBUG --- [...figurationBuilder].[...entProcessControl]     To:   File Name Filters
2016-03-23 15:50:55.302 MESSAGE --- [  ICARTT_FileManager].[...CARTTFilesFromDir] Searched for ICARTT files
2016-03-23 15:50:55.302 MESSAGE --- [  ICARTT_FileManager].[...CARTTFilesFromDir]     Directory: C:\Users\atschaff\ICARTT Data\BALTIMORE_WASH_DC_2011\P3B_AIRCRAFT
2016-03-23 15:50:55.302 MESSAGE --- [  ICARTT_FileManager].[...CARTTFilesFromDir]     Number of ICARTT Files Found: 457
2016-03-23 15:50:57.611   DEBUG --- [...figurationBuilder].[...entProcessControl] Changing Process View
2016-03-23 15:50:57.611   DEBUG --- [...figurationBuilder].[...entProcessControl]     From: File Name Filters
2016-03-23 15:50:57.611   DEBUG --- [...figurationBuilder].[...entProcessControl]     To:   File Select
2016-03-23 15:51:04.552   DEBUG --- [...figurationBuilder].[...entProcessControl] Changing Process View
2016-03-23 15:51:04.552   DEBUG --- [...figurationBuilder].[...entProcessControl]     From: File Select
2016-03-23 15:51:04.552   DEBUG --- [...figurationBuilder].[...entProcessControl]     To:   Time Variables
2016-03-23 15:51:37.284 MESSAGE --- [             Program].[                Main] Main thread terminating.
2016-03-23 15:51:37.284 MESSAGE --- [              Logger].[               Close] Close requested. Remaining 0 messages will be written to file.
2016-03-23 15:51:59.211 MESSAGE --- [              Logger].[               Setup] Ready to accept and digest messages.
2016-03-23 15:51:59.445   DEBUG --- [...figurationBuilder].[...entProcessControl] Changing Process View
2016-03-23 15:51:59.445   DEBUG --- [...figurationBuilder].[...entProcessControl]     From: DEFAULT NAME
2016-03-23 15:51:59.445   DEBUG --- [...figurationBuilder].[...entProcessControl]     To:   Directory Select
2016-03-23 15:52:00.648   DEBUG --- [...figurationBuilder].[...entProcessControl] Changing Process View
2016-03-23 15:52:00.648   DEBUG --- [...figurationBuilder].[...entProcessControl]     From: Directory Select
2016-03-23 15:52:00.648   DEBUG --- [...figurationBuilder].[...entProcessControl]     To:   Time Variables
2016-03-23 15:52:00.710  EXCEPT --- [  ICARTT_FileManager].[...CARTTFilesFromDir] System.ArgumentException: The path is not of a legal form.
2016-03-23 15:52:00.710  EXCEPT --- [  ICARTT_FileManager].[...CARTTFilesFromDir]        at System.IO.Path.NormalizePath(String path, Boolean fullCheck, Int32 maxPathLength, Boolean expandShortPaths)
2016-03-23 15:52:00.710  EXCEPT --- [  ICARTT_FileManager].[...CARTTFilesFromDir]        at System.IO.Path.GetFullPathInternal(String path)
2016-03-23 15:52:00.710  EXCEPT --- [  ICARTT_FileManager].[...CARTTFilesFromDir]        at System.IO.FileSystemEnumerableIterator`1..ctor(String path, String originalUserPath, String searchPattern, SearchOption searchOption, SearchResultHandler`1 resultHandler, Boolean checkHost)
2016-03-23 15:52:00.710  EXCEPT --- [  ICARTT_FileManager].[...CARTTFilesFromDir]        at System.IO.Directory.GetFiles(String path, String searchPattern, SearchOption searchOption)
2016-03-23 15:52:00.710  EXCEPT --- [  ICARTT_FileManager].[...CARTTFilesFromDir]        at ICARTT_Merge_Configuration.Utilities.ICARTT_FileManager.GetICARTTFilesFromDir(String dir) in C:\Users\atschaff\Documents\Visual Studio 2015\Projects\ICARTT Merge Configuration\ICARTT Merge Configuration\Utilities\ICARTT_FileManager.cs:line 106
2016-03-23 15:52:00.710 MESSAGE --- [  ICARTT_FileManager].[...CARTTFilesFromDir] Searched for ICARTT files
2016-03-23 15:52:00.710 MESSAGE --- [  ICARTT_FileManager].[...CARTTFilesFromDir]     Directory: 
2016-03-23 15:52:00.710 MESSAGE --- [  ICARTT_FileManager].[...CARTTFilesFromDir]     Number of ICARTT Files Found: 0
2016-03-23 15:52:03.885   DEBUG --- [...figurationBuilder].[...entProcessControl] Changing Process View
2016-03-23 15:52:03.885   DEBUG --- [...figurationBuilder].[...entProcessControl]     From: Time Variables
2016-03-23 15:52:03.885   DEBUG --- [...figurationBuilder].[...entProcessControl]     To:   File Name Filters
2016-03-23 15:52:04.416   DEBUG --- [...figurationBuilder].[...entProcessControl] Changing Process View
2016-03-23 15:52:04.416   DEBUG --- [...figurationBuilder].[...entProcessControl]     From: File Name Filters
2016-03-23 15:52:04.416   DEBUG --- [...figurationBuilder].[...entProcessControl]     To:   File Select
2016-03-23 15:52:08.239   DEBUG --- [...figurationBuilder].[...entProcessControl] Changing Process View
2016-03-23 15:52:08.239   DEBUG --- [...figurationBuilder].[...entProcessControl]     From: File Select
2016-03-23 15:52:08.239   DEBUG --- [...figurationBuilder].[...entProcessControl]     To:   File Name Filters
2016-03-23 15:52:09.585   DEBUG --- [...figurationBuilder].[...entProcessControl] Changing Process View
2016-03-23 15:52:09.585   DEBUG --- [...figurationBuilder].[...entProcessControl]     From: File Name Filters
2016-03-23 15:52:09.585   DEBUG --- [...figurationBuilder].[...entProcessControl]     To:   Directory Select
2016-03-23 15:52:11.254 MESSAGE --- [             Program].[                Main] Main thread terminating.
2016-03-23 15:52:11.254 MESSAGE --- [              Logger].[               Close] Close requested. Remaining 0 messages will be written to file.
2016-03-23 15:52:28.605 MESSAGE --- [              Logger].[               Setup] Ready to accept and digest messages.
2016-03-23 15:52:28.840   DEBUG --- [...figurationBuilder].[...entProcessControl] Changing Process View
2016-03-23 15:52:28.840   DEBUG --- [...figurationBuilder].[...entProcessControl]     From: DEFAULT NAME
2016-03-23 15:52:28.840   DEBUG --- [...figurationBuilder].[...entProcessControl]     To:   Directory Select
2016-03-23 15:52:41.050   DEBUG --- [...figurationBuilder].[...entProcessControl] Changing Process View
2016-03-23 15:52:41.050   DEBUG --- [...figurationBuilder].[...entProcessControl]     From: Directory Select
2016-03-23 15:52:41.050   DEBUG --- [...figurationBuilder].[...entProcessControl]     To:   File Name Filters
2016-03-23 15:52:41.128  EXCEPT --- [  ICARTT_FileManager].[...CARTTFilesFromDir] System.ArgumentException: The path is not of a legal form.
2016-03-23 15:52:41.128  EXCEPT --- [  ICARTT_FileManager].[...CARTTFilesFromDir]        at System.IO.Path.NormalizePath(String path, Boolean fullCheck, Int32 maxPathLength, Boolean expandShortPaths)
2016-03-23 15:52:41.128  EXCEPT --- [  ICARTT_FileManager].[...CARTTFilesFromDir]        at System.IO.Path.GetFullPathInternal(String path)
2016-03-23 15:52:41.128  EXCEPT --- [  ICARTT_FileManager].[...CARTTFilesFromDir]        at System.IO.FileSystemEnumerableIterator`1..ctor(String path, String originalUserPath, String searchPattern, SearchOption searchOption, SearchResultHandler`1 resultHandler, Boolean checkHost)
2016-03-23 15:52:41.128  EXCEPT --- [  ICARTT_FileManager].[...CARTTFilesFromDir]        at System.IO.Directory.GetFiles(String path, String searchPattern, SearchOption searchOption)
2016-03-23 15:52:41.128  EXCEPT --- [  ICARTT_FileManager].[...CARTTFilesFromDir]        at ICARTT_Merge_Configuration.Utilities.ICARTT_FileManager.GetICARTTFilesFromDir(String dir) in C:\Users\atschaff\Documents\Visual Studio 2015\Projects\ICARTT Merge Configuration\ICARTT Merge Configuration\Utilities\ICARTT_FileManager.cs:line 106
2016-03-23 15:52:41.128 MESSAGE --- [  ICARTT_FileManager].[...CARTTFilesFromDir] Searched for ICARTT files
2016-03-23 15:52:41.128 MESSAGE --- [  ICARTT_FileManager].[...CARTTFilesFromDir]     Directory: 
2016-03-23 15:52:41.128 MESSAGE --- [  ICARTT_FileManager].[...CARTTFilesFromDir]     Number of ICARTT Files Found: 0
2016-03-23 15:52:47.298 MESSAGE --- [             Program].[                Main] Main thread terminating.
2016-03-23 15:52:47.298 MESSAGE --- [              Logger].[               Close] Close requested. Remaining 0 messages will be written to file.
2016-03-23 15:52:58.675 MESSAGE --- [              Logger].[               Setup] Ready to accept and digest messages.
2016-03-23 15:52:58.846   DEBUG --- [...figurationBuilder].[...entProcessControl] Changing Process View
2016-03-23 15:52:58.846   DEBUG --- [...figurationBuilder].[...entProcessControl]     From: DEFAULT NAME
2016-03-23 15:52:58.846   DEBUG --- [...figurationBuilder].[...entProcessControl]     To:   Directory Select
2016-03-23 15:53:00.609   DEBUG --- [...figurationBuilder].[...entProcessControl] Changing Process View
2016-03-23 15:53:00.609   DEBUG --- [...figurationBuilder].[...entProcessControl]     From: Directory Select
2016-03-23 15:53:00.609   DEBUG --- [...figurationBuilder].[...entProcessControl]     To:   File Name Filters
2016-03-23 15:53:00.703  EXCEPT --- [  ICARTT_FileManager].[...CARTTFilesFromDir] System.ArgumentException: The path is not of a legal form.
2016-03-23 15:53:00.703  EXCEPT --- [  ICARTT_FileManager].[...CARTTFilesFromDir]        at System.IO.Path.NormalizePath(String path, Boolean fullCheck, Int32 maxPathLength, Boolean expandShortPaths)
2016-03-23 15:53:00.703  EXCEPT --- [  ICARTT_FileManager].[...CARTTFilesFromDir]        at System.IO.Path.GetFullPathInternal(String path)
2016-03-23 15:53:00.703  EXCEPT --- [  ICARTT_FileManager].[...CARTTFilesFromDir]        at System.IO.FileSystemEnumerableIterator`1..ctor(String path, String originalUserPath, String searchPattern, SearchOption searchOption, SearchResultHandler`1 resultHandler, Boolean checkHost)
2016-03-23 15:53:00.703  EXCEPT --- [  ICARTT_FileManager].[...CARTTFilesFromDir]        at System.IO.Directory.GetFiles(String path, String searchPattern, SearchOption searchOption)
2016-03-23 15:53:00.703  EXCEPT --- [  ICARTT_FileManager].[...CARTTFilesFromDir]        at ICARTT_Merge_Configuration.Utilities.ICARTT_FileManager.GetICARTTFilesFromDir(String dir) in C:\Users\atschaff\Documents\Visual Studio 2015\Projects\ICARTT Merge Configuration\ICARTT Merge Configuration\Utilities\ICARTT_FileManager.cs:line 106
2016-03-23 15:53:00.703 MESSAGE --- [  ICARTT_FileManager].[...CARTTFilesFromDir] Searched for ICARTT files
2016-03-23 15:53:00.703 MESSAGE --- [  ICARTT_FileManager].[...CARTTFilesFromDir]     Directory: 
2016-03-23 15:53:00.703 MESSAGE --- [  ICARTT_FileManager].[...CARTTFilesFromDir]     Number of ICARTT Files Found: 0
2016-03-23 15:53:02.857   DEBUG --- [...figurationBuilder].[...entProcessControl] Changing Process View
2016-03-23 15:53:02.857   DEBUG --- [...figurationBuilder].[...entProcessControl]     From: File Name Filters
2016-03-23 15:53:02.857   DEBUG --- [...figurationBuilder].[...entProcessControl]     To:   File Select
2016-03-23 15:53:03.600   DEBUG --- [...figurationBuilder].[...entProcessControl] Changing Process View
2016-03-23 15:53:03.600   DEBUG --- [...figurationBuilder].[...entProcessControl]     From: File Select
2016-03-23 15:53:03.600   DEBUG --- [...figurationBuilder].[...entProcessControl]     To:   Time Variables
2016-03-23 15:53:05.067   DEBUG --- [...figurationBuilder].[...entProcessControl] Changing Process View
2016-03-23 15:53:05.067   DEBUG --- [...figurationBuilder].[...entProcessControl]     From: Time Variables
2016-03-23 15:53:05.067   DEBUG --- [...figurationBuilder].[...entProcessControl]     To:   Directory Select
2016-03-23 15:53:12.797 MESSAGE --- [...l_DirectorySelect].[...TTDirectory_Click] User selected directory: C:\Users\atschaff\ICARTT Data\BALTIMORE_WASH_DC_2011\P3B_AIRCRAFT
2016-03-23 15:53:13.854   DEBUG --- [...figurationBuilder].[...entProcessControl] Changing Process View
2016-03-23 15:53:13.854   DEBUG --- [...figurationBuilder].[...entProcessControl]     From: Directory Select
2016-03-23 15:53:13.854   DEBUG --- [...figurationBuilder].[...entProcessControl]     To:   File Name Filters
2016-03-23 15:53:13.870 MESSAGE --- [  ICARTT_FileManager].[...CARTTFilesFromDir] Searched for ICARTT files
2016-03-23 15:53:13.870 MESSAGE --- [  ICARTT_FileManager].[...CARTTFilesFromDir]     Directory: C:\Users\atschaff\ICARTT Data\BALTIMORE_WASH_DC_2011\P3B_AIRCRAFT
2016-03-23 15:53:13.870 MESSAGE --- [  ICARTT_FileManager].[...CARTTFilesFromDir]     Number of ICARTT Files Found: 457
2016-03-23 15:53:16.007   DEBUG --- [...figurationBuilder].[...entProcessControl] Changing Process View
2016-03-23 15:53:16.007   DEBUG --- [...figurationBuilder].[...entProcessControl]     From: File Name Filters
2016-03-23 15:53:16.007   DEBUG --- [...figurationBuilder].[...entProcessControl]     To:   File Select
2016-03-23 15:53:16.631   DEBUG --- [...figurationBuilder].[...entProcessControl] Changing Process View
2016-03-23 15:53:16.631   DEBUG --- [...figurationBuilder].[...entProcessControl]     From: File Select
2016-03-23 15:53:16.631   DEBUG --- [...figurationBuilder].[...entProcessControl]     To:   Time Variables
2016-03-23 15:53:21.947 MESSAGE --- [             Program].[                Main] Main thread terminating.
2016-03-23 15:53:21.947 MESSAGE --- [              Logger].[               Close] Close requested. Remaining 0 messages will be written to file.
2016-03-23 15:53:51.247 MESSAGE --- [              Logger].[               Setup] Ready to accept and digest messages.
2016-03-23 15:53:51.450   DEBUG --- [...figurationBuilder].[...entProcessControl] Changing Process View
2016-03-23 15:53:51.450   DEBUG --- [...figurationBuilder].[...entProcessControl]     From: DEFAULT NAME
2016-03-23 15:53:51.450   DEBUG --- [...figurationBuilder].[...entProcessControl]     To:   Directory Select
2016-03-23 15:53:58.694 MESSAGE --- [...l_DirectorySelect].[...TTDirectory_Click] User selected directory: C:\Users\atschaff\ICARTT Data\TEXAS_2013
2016-03-23 15:54:03.219 MESSAGE --- [...l_DirectorySelect].[...TTDirectory_Click] User selected directory: C:\Users\atschaff\ICARTT Data\TEXAS_2013\P3B_AIRCRAFT
2016-03-23 15:54:04.046   DEBUG --- [...figurationBuilder].[...entProcessControl] Changing Process View
2016-03-23 15:54:04.046   DEBUG --- [...figurationBuilder].[...entProcessControl]     From: Directory Select
2016-03-23 15:54:04.046   DEBUG --- [...figurationBuilder].[...entProcessControl]     To:   File Name Filters
2016-03-23 15:54:04.061 MESSAGE --- [  ICARTT_FileManager].[...CARTTFilesFromDir] Searched for ICARTT files
2016-03-23 15:54:04.061 MESSAGE --- [  ICARTT_FileManager].[...CARTTFilesFromDir]     Directory: C:\Users\atschaff\ICARTT Data\TEXAS_2013\P3B_AIRCRAFT
2016-03-23 15:54:04.061 MESSAGE --- [  ICARTT_FileManager].[...CARTTFilesFromDir]     Number of ICARTT Files Found: 188
2016-03-23 15:54:05.387   DEBUG --- [...figurationBuilder].[...entProcessControl] Changing Process View
2016-03-23 15:54:05.387   DEBUG --- [...figurationBuilder].[...entProcessControl]     From: File Name Filters
2016-03-23 15:54:05.387   DEBUG --- [...figurationBuilder].[...entProcessControl]     To:   File Select
2016-03-23 15:54:06.708   DEBUG --- [...figurationBuilder].[...entProcessControl] Changing Process View
2016-03-23 15:54:06.708   DEBUG --- [...figurationBuilder].[...entProcessControl]     From: File Select
2016-03-23 15:54:06.708   DEBUG --- [...figurationBuilder].[...entProcessControl]     To:   Time Variables
2016-03-23 15:54:30.362 MESSAGE --- [              Logger].[               Setup] Ready to accept and digest messages.
2016-03-23 15:54:30.565   DEBUG --- [...figurationBuilder].[...entProcessControl] Changing Process View
2016-03-23 15:54:30.565   DEBUG --- [...figurationBuilder].[...entProcessControl]     From: DEFAULT NAME
2016-03-23 15:54:30.565   DEBUG --- [...figurationBuilder].[...entProcessControl]     To:   Directory Select
2016-03-23 15:54:39.508 MESSAGE --- [...l_DirectorySelect].[...TTDirectory_Click] User selected directory: C:\Users\atschaff\ICARTT Data\TEXAS_2013\P3B_AIRCRAFT
2016-03-23 15:54:40.241   DEBUG --- [...figurationBuilder].[...entProcessControl] Changing Process View
2016-03-23 15:54:40.241   DEBUG --- [...figurationBuilder].[...entProcessControl]     From: Directory Select
2016-03-23 15:54:40.241   DEBUG --- [...figurationBuilder].[...entProcessControl]     To:   File Name Filters
2016-03-23 15:54:40.272 MESSAGE --- [  ICARTT_FileManager].[...CARTTFilesFromDir] Searched for ICARTT files
2016-03-23 15:54:40.272 MESSAGE --- [  ICARTT_FileManager].[...CARTTFilesFromDir]     Directory: C:\Users\atschaff\ICARTT Data\TEXAS_2013\P3B_AIRCRAFT
2016-03-23 15:54:40.272 MESSAGE --- [  ICARTT_FileManager].[...CARTTFilesFromDir]     Number of ICARTT Files Found: 188
2016-03-23 15:54:40.818   DEBUG --- [...figurationBuilder].[...entProcessControl] Changing Process View
2016-03-23 15:54:40.818   DEBUG --- [...figurationBuilder].[...entProcessControl]     From: File Name Filters
2016-03-23 15:54:40.818   DEBUG --- [...figurationBuilder].[...entProcessControl]     To:   File Select
2016-03-23 15:54:41.494   DEBUG --- [...figurationBuilder].[...entProcessControl] Changing Process View
2016-03-23 15:54:41.494   DEBUG --- [...figurationBuilder].[...entProcessControl]     From: File Select
2016-03-23 15:54:41.494   DEBUG --- [...figurationBuilder].[...entProcessControl]     To:   Time Variables
2016-03-23 15:56:06.651   DEBUG --- [...figurationBuilder].[...entProcessControl] Changing Process View
2016-03-23 15:56:06.651   DEBUG --- [...figurationBuilder].[...entProcessControl]     From: Time Variables
2016-03-23 15:56:06.651   DEBUG --- [...figurationBuilder].[...entProcessControl]     To:   View Variables
2016-03-23 15:56:27.420   DEBUG --- [...figurationBuilder].[...entProcessControl] Changing Process View
2016-03-23 15:56:27.420   DEBUG --- [...figurationBuilder].[...entProcessControl]     From: View Variables
2016-03-23 15:56:27.420   DEBUG --- [...figurationBuilder].[...entProcessControl]     To:   Time Variables
2016-03-23 16:03:05.064 MESSAGE --- [             Program].[                Main] Main thread terminating.
2016-03-23 16:03:05.064 MESSAGE --- [              Logger].[               Close] Close requested. Remaining 0 messages will be written to file.
2016-03-23 16:40:25.913 MESSAGE --- [              Logger].[               Setup] Ready to accept and digest messages.
2016-03-23 16:40:26.132   DEBUG --- [...figurationBuilder].[...entProcessControl] Changing Process View
2016-03-23 16:40:26.132   DEBUG --- [...figurationBuilder].[...entProcessControl]     From: DEFAULT NAME
2016-03-23 16:40:26.132   DEBUG --- [...figurationBuilder].[...entProcessControl]     To:   Directory Select
2016-03-23 16:41:02.826 MESSAGE --- [             Program].[                Main] Main thread terminating.
2016-03-23 16:41:02.826 MESSAGE --- [              Logger].[               Close] Close requested. Remaining 0 messages will be written to file.
2016-03-23 16:42:35.138 MESSAGE --- [              Logger].[               Setup] Ready to accept and digest messages.
2016-03-23 16:42:35.336   DEBUG --- [...figurationBuilder].[...entProcessControl] Changing Process View
2016-03-23 16:42:35.336   DEBUG --- [...figurationBuilder].[...entProcessControl]     From: DEFAULT NAME
2016-03-23 16:42:35.336   DEBUG --- [...figurationBuilder].[...entProcessControl]     To:   Directory Select
2016-03-23 16:42:44.305 MESSAGE --- [...l_DirectorySelect].[...TTDirectory_Click] User selected directory: C:\Users\atschaff\ICARTT Data\TEXAS_2013\P3B_AIRCRAFT
2016-03-23 16:42:45.241   DEBUG --- [...figurationBuilder].[...entProcessControl] Changing Process View
2016-03-23 16:42:45.241   DEBUG --- [...figurationBuilder].[...entProcessControl]     From: Directory Select
2016-03-23 16:42:45.241   DEBUG --- [...figurationBuilder].[...entProcessControl]     To:   File Name Filters
2016-03-23 16:42:45.257 MESSAGE --- [  ICARTT_FileManager].[...CARTTFilesFromDir] Searched for ICARTT files
2016-03-23 16:42:45.257 MESSAGE --- [  ICARTT_FileManager].[...CARTTFilesFromDir]     Directory: C:\Users\atschaff\ICARTT Data\TEXAS_2013\P3B_AIRCRAFT
2016-03-23 16:42:45.257 MESSAGE --- [  ICARTT_FileManager].[...CARTTFilesFromDir]     Number of ICARTT Files Found: 188
2016-03-23 16:42:45.756   DEBUG --- [...figurationBuilder].[...entProcessControl] Changing Process View
2016-03-23 16:42:45.756   DEBUG --- [...figurationBuilder].[...entProcessControl]     From: File Name Filters
2016-03-23 16:42:45.756   DEBUG --- [...figurationBuilder].[...entProcessControl]     To:   File Select
2016-03-23 16:42:46.240   DEBUG --- [...figurationBuilder].[...entProcessControl] Changing Process View
2016-03-23 16:42:46.240   DEBUG --- [...figurationBuilder].[...entProcessControl]     From: File Select
2016-03-23 16:42:46.240   DEBUG --- [...figurationBuilder].[...entProcessControl]     To:   Time Variables
2016-03-23 16:42:50.313   DEBUG --- [...figurationBuilder].[...entProcessControl] Changing Process View
2016-03-23 16:42:50.313   DEBUG --- [...figurationBuilder].[...entProcessControl]     From: Time Variables
2016-03-23 16:42:50.313   DEBUG --- [...figurationBuilder].[...entProcessControl]     To:   File Select
2016-03-23 16:42:56.671 MESSAGE --- [              Logger].[               Setup] Ready to accept and digest messages.
2016-03-23 16:42:56.859   DEBUG --- [...figurationBuilder].[...entProcessControl] Changing Process View
2016-03-23 16:42:56.859   DEBUG --- [...figurationBuilder].[...entProcessControl]     From: DEFAULT NAME
2016-03-23 16:42:56.859   DEBUG --- [...figurationBuilder].[...entProcessControl]     To:   Directory Select
2016-03-23 16:43:04.294 MESSAGE --- [...l_DirectorySelect].[...TTDirectory_Click] User selected directory: C:\Users\atschaff\ICARTT Data\TEXAS_2013\P3B_AIRCRAFT
2016-03-23 16:43:05.140   DEBUG --- [...figurationBuilder].[...entProcessControl] Changing Process View
2016-03-23 16:43:05.140   DEBUG --- [...figurationBuilder].[...entProcessControl]     From: Directory Select
2016-03-23 16:43:05.140   DEBUG --- [...figurationBuilder].[...entProcessControl]     To:   File Name Filters
2016-03-23 16:43:05.155 MESSAGE --- [  ICARTT_FileManager].[...CARTTFilesFromDir] Searched for ICARTT files
2016-03-23 16:43:05.155 MESSAGE --- [  ICARTT_FileManager].[...CARTTFilesFromDir]     Directory: C:\Users\atschaff\ICARTT Data\TEXAS_2013\P3B_AIRCRAFT
2016-03-23 16:43:05.155 MESSAGE --- [  ICARTT_FileManager].[...CARTTFilesFromDir]     Number of ICARTT Files Found: 188
2016-03-23 16:43:06.622   DEBUG --- [...figurationBuilder].[...entProcessControl] Changing Process View
2016-03-23 16:43:06.622   DEBUG --- [...figurationBuilder].[...entProcessControl]     From: File Name Filters
2016-03-23 16:43:06.622   DEBUG --- [...figurationBuilder].[...entProcessControl]     To:   File Select
2016-03-23 16:43:08.339   DEBUG --- [...figurationBuilder].[...entProcessControl] Changing Process View
2016-03-23 16:43:08.339   DEBUG --- [...figurationBuilder].[...entProcessControl]     From: File Select
2016-03-23 16:43:08.339   DEBUG --- [...figurationBuilder].[...entProcessControl]     To:   Time Variables
2016-03-23 16:43:14.747 MESSAGE --- [             Program].[                Main] Main thread terminating.
2016-03-23 16:43:14.747 MESSAGE --- [              Logger].[               Close] Close requested. Remaining 0 messages will be written to file.
2016-03-23 16:43:37.792 MESSAGE --- [              Logger].[               Setup] Ready to accept and digest messages.
2016-03-23 16:43:38.026   DEBUG --- [...figurationBuilder].[...entProcessControl] Changing Process View
2016-03-23 16:43:38.026   DEBUG --- [...figurationBuilder].[...entProcessControl]     From: DEFAULT NAME
2016-03-23 16:43:38.026   DEBUG --- [...figurationBuilder].[...entProcessControl]     To:   Directory Select
2016-03-23 16:43:44.175 MESSAGE --- [...l_DirectorySelect].[...TTDirectory_Click] User selected directory: C:\Users\atschaff\ICARTT Data\TEXAS_2013
2016-03-23 16:43:45.220   DEBUG --- [...figurationBuilder].[...entProcessControl] Changing Process View
2016-03-23 16:43:45.220   DEBUG --- [...figurationBuilder].[...entProcessControl]     From: Directory Select
2016-03-23 16:43:45.220   DEBUG --- [...figurationBuilder].[...entProcessControl]     To:   File Name Filters
2016-03-23 16:43:45.235 MESSAGE --- [  ICARTT_FileManager].[...CARTTFilesFromDir] Searched for ICARTT files
2016-03-23 16:43:45.235 MESSAGE --- [  ICARTT_FileManager].[...CARTTFilesFromDir]     Directory: C:\Users\atschaff\ICARTT Data\TEXAS_2013
2016-03-23 16:43:45.235 MESSAGE --- [  ICARTT_FileManager].[...CARTTFilesFromDir]     Number of ICARTT Files Found: 271
2016-03-23 16:43:48.085   DEBUG --- [...figurationBuilder].[...entProcessControl] Changing Process View
2016-03-23 16:43:48.085   DEBUG --- [...figurationBuilder].[...entProcessControl]     From: File Name Filters
2016-03-23 16:43:48.085   DEBUG --- [...figurationBuilder].[...entProcessControl]     To:   File Select
2016-03-23 16:43:50.548   DEBUG --- [...figurationBuilder].[...entProcessControl] Changing Process View
2016-03-23 16:43:50.548   DEBUG --- [...figurationBuilder].[...entProcessControl]     From: File Select
2016-03-23 16:43:50.548   DEBUG --- [...figurationBuilder].[...entProcessControl]     To:   File Name Filters
2016-03-23 16:43:54.148   DEBUG --- [...figurationBuilder].[...entProcessControl] Changing Process View
2016-03-23 16:43:54.148   DEBUG --- [...figurationBuilder].[...entProcessControl]     From: File Name Filters
2016-03-23 16:43:54.148   DEBUG --- [...figurationBuilder].[...entProcessControl]     To:   Directory Select
2016-03-23 16:44:04.388   DEBUG --- [...figurationBuilder].[...entProcessControl] Changing Process View
2016-03-23 16:44:04.388   DEBUG --- [...figurationBuilder].[...entProcessControl]     From: Directory Select
2016-03-23 16:44:04.388   DEBUG --- [...figurationBuilder].[...entProcessControl]     To:   File Name Filters
2016-03-23 16:44:04.435  EXCEPT --- [  ICARTT_FileManager].[...CARTTFilesFromDir] System.IO.DirectoryNotFoundException: Could not find a part of the path 'C:\Users\atschaff\ICARTT Data\TEXAS_2013\P3B'.
2016-03-23 16:44:04.435  EXCEPT --- [  ICARTT_FileManager].[...CARTTFilesFromDir]        at System.IO.__Error.WinIOError(Int32 errorCode, String maybeFullPath)
2016-03-23 16:44:04.435  EXCEPT --- [  ICARTT_FileManager].[...CARTTFilesFromDir]        at System.IO.FileSystemEnumerableIterator`1.CommonInit()
2016-03-23 16:44:04.435  EXCEPT --- [  ICARTT_FileManager].[...CARTTFilesFromDir]        at System.IO.FileSystemEnumerableIterator`1..ctor(String path, String originalUserPath, String searchPattern, SearchOption searchOption, SearchResultHandler`1 resultHandler, Boolean checkHost)
2016-03-23 16:44:04.435  EXCEPT --- [  ICARTT_FileManager].[...CARTTFilesFromDir]        at System.IO.Directory.GetFiles(String path, String searchPattern, SearchOption searchOption)
2016-03-23 16:44:04.435  EXCEPT --- [  ICARTT_FileManager].[...CARTTFilesFromDir]        at ICARTT_Merge_Configuration.Utilities.ICARTT_FileManager.GetICARTTFilesFromDir(String dir) in C:\Users\atschaff\Documents\Visual Studio 2015\Projects\ICARTT Merge Configuration\ICARTT Merge Configuration\Utilities\ICARTT_FileManager.cs:line 104
2016-03-23 16:44:04.435 MESSAGE --- [  ICARTT_FileManager].[...CARTTFilesFromDir] Searched for ICARTT files
2016-03-23 16:44:04.435 MESSAGE --- [  ICARTT_FileManager].[...CARTTFilesFromDir]     Directory: C:\Users\atschaff\ICARTT Data\TEXAS_2013\P3B
2016-03-23 16:44:04.435 MESSAGE --- [  ICARTT_FileManager].[...CARTTFilesFromDir]     Number of ICARTT Files Found: 0
2016-03-23 16:44:05.808   DEBUG --- [...figurationBuilder].[...entProcessControl] Changing Process View
2016-03-23 16:44:05.808   DEBUG --- [...figurationBuilder].[...entProcessControl]     From: File Name Filters
2016-03-23 16:44:05.808   DEBUG --- [...figurationBuilder].[...entProcessControl]     To:   Directory Select
2016-03-23 16:44:12.639   DEBUG --- [...figurationBuilder].[...entProcessControl] Changing Process View
2016-03-23 16:44:12.639   DEBUG --- [...figurationBuilder].[...entProcessControl]     From: Directory Select
2016-03-23 16:44:12.639   DEBUG --- [...figurationBuilder].[...entProcessControl]     To:   File Name Filters
2016-03-23 16:44:12.701 MESSAGE --- [  ICARTT_FileManager].[...CARTTFilesFromDir] Searched for ICARTT files
2016-03-23 16:44:12.701 MESSAGE --- [  ICARTT_FileManager].[...CARTTFilesFromDir]     Directory: C:\Users\atschaff\ICARTT Data\TEXAS_2013\P3B_aircraft
2016-03-23 16:44:12.701 MESSAGE --- [  ICARTT_FileManager].[...CARTTFilesFromDir]     Number of ICARTT Files Found: 188
2016-03-23 16:44:19.738   DEBUG --- [...figurationBuilder].[...entProcessControl] Changing Process View
2016-03-23 16:44:19.738   DEBUG --- [...figurationBuilder].[...entProcessControl]     From: File Name Filters
2016-03-23 16:44:19.738   DEBUG --- [...figurationBuilder].[...entProcessControl]     To:   File Select
2016-03-23 16:44:20.424   DEBUG --- [...figurationBuilder].[...entProcessControl] Changing Process View
2016-03-23 16:44:20.424   DEBUG --- [...figurationBuilder].[...entProcessControl]     From: File Select
2016-03-23 16:44:20.424   DEBUG --- [...figurationBuilder].[...entProcessControl]     To:   Time Variables
2016-03-23 16:44:49.078 MESSAGE --- [             Program].[                Main] Main thread terminating.
2016-03-23 16:44:49.093 MESSAGE --- [              Logger].[               Close] Close requested. Remaining 0 messages will be written to file.
